/Users/shaheersaud/Library/Python/3.9/lib/python/site-packages/urllib3/__init__.py:35: NotOpenSSLWarning: urllib3 v2 only supports OpenSSL 1.1.1+, currently the 'ssl' module is compiled with 'LibreSSL 2.8.3'. See: https://github.com/urllib3/urllib3/issues/3020
  warnings.warn(
/Users/shaheersaud/Library/Python/3.9/lib/python/site-packages/pypdf/_crypt_providers/_cryptography.py:32: CryptographyDeprecationWarning: ARC4 has been moved to cryptography.hazmat.decrepit.ciphers.algorithms.ARC4 and will be removed from cryptography.hazmat.primitives.ciphers.algorithms in 48.0.0.
  from cryptography.hazmat.primitives.ciphers.algorithms import AES, ARC4
2025-07-28 16:10:23,826 - persistent_bot_manager - INFO - Persistent bot sessions table ensured
INFO:persistent_bot_manager:Persistent bot sessions table ensured
2025-07-28 16:10:23,826 - persistent_bot_manager - INFO - No active sessions to restore
INFO:persistent_bot_manager:No active sessions to restore
2025-07-28 16:10:23,826 - persistent_bot_manager - INFO - Persistent bot sessions table ensured
INFO:persistent_bot_manager:Persistent bot sessions table ensured
2025-07-28 16:10:23,826 - persistent_bot_manager - INFO - No active sessions to restore
INFO:persistent_bot_manager:No active sessions to restore
INFO:daily_job_scheduler:🚀 Starting daily job scheduler...
INFO:daily_job_scheduler:🔄 Running initial job update...
INFO:daily_job_scheduler:🌅 Starting daily job update at 8AM...
INFO:job_aggregator:Starting job update process...
INFO:job_aggregator:Fetching from GitHub repositories...
INFO:job_aggregator:Parsed 59 jobs from SimplifyJobs/Summer2024-Internships
INFO:job_aggregator:Parsed 39 jobs from SimplifyJobs/New-Grad-Positions
INFO:job_aggregator:Parsed 228 jobs from ReaVNaiL/New-Grad-2024
INFO:job_aggregator:Parsed 126 jobs from Ouckah/Summer2025-Internships
INFO:job_aggregator:Parsed 59 jobs from pittcsc/Summer2024-Internships
INFO:job_aggregator:Fetched 511 jobs from GitHub
INFO:job_aggregator:Fetching from job board APIs...
ERROR:job_aggregator:Error parsing RemoteOK job: an integer is required (got type str)
ERROR:job_aggregator:Error parsing RemoteOK job: an integer is required (got type str)
ERROR:job_aggregator:Error parsing RemoteOK job: an integer is required (got type str)
ERROR:job_aggregator:Error parsing RemoteOK job: an integer is required (got type str)
ERROR:job_aggregator:Error parsing RemoteOK job: an integer is required (got type str)
ERROR:job_aggregator:Error parsing RemoteOK job: an integer is required (got type str)
ERROR:job_aggregator:Error parsing RemoteOK job: an integer is required (got type str)
ERROR:job_aggregator:Error parsing RemoteOK job: an integer is required (got type str)
ERROR:job_aggregator:Error parsing RemoteOK job: an integer is required (got type str)
ERROR:job_aggregator:Error parsing RemoteOK job: an integer is required (got type str)
ERROR:job_aggregator:Error parsing RemoteOK job: an integer is required (got type str)
ERROR:job_aggregator:Error parsing RemoteOK job: an integer is required (got type str)
ERROR:job_aggregator:Error parsing RemoteOK job: an integer is required (got type str)
ERROR:job_aggregator:Error parsing RemoteOK job: an integer is required (got type str)
ERROR:job_aggregator:Error parsing RemoteOK job: an integer is required (got type str)
ERROR:job_aggregator:Error parsing RemoteOK job: an integer is required (got type str)
ERROR:job_aggregator:Error parsing RemoteOK job: an integer is required (got type str)
ERROR:job_aggregator:Error parsing RemoteOK job: an integer is required (got type str)
ERROR:job_aggregator:Error parsing RemoteOK job: an integer is required (got type str)
ERROR:job_aggregator:Error parsing RemoteOK job: an integer is required (got type str)
ERROR:job_aggregator:Error parsing RemoteOK job: an integer is required (got type str)
ERROR:job_aggregator:Error parsing RemoteOK job: an integer is required (got type str)
ERROR:job_aggregator:Error parsing RemoteOK job: an integer is required (got type str)
ERROR:job_aggregator:Error parsing RemoteOK job: an integer is required (got type str)
ERROR:job_aggregator:Error parsing RemoteOK job: an integer is required (got type str)
ERROR:job_aggregator:Error parsing RemoteOK job: an integer is required (got type str)
ERROR:job_aggregator:Error parsing RemoteOK job: an integer is required (got type str)
ERROR:job_aggregator:Error parsing RemoteOK job: an integer is required (got type str)
ERROR:job_aggregator:Error parsing RemoteOK job: an integer is required (got type str)
ERROR:job_aggregator:Error parsing RemoteOK job: an integer is required (got type str)
ERROR:job_aggregator:Error parsing RemoteOK job: an integer is required (got type str)
ERROR:job_aggregator:Error parsing RemoteOK job: an integer is required (got type str)
ERROR:job_aggregator:Error parsing RemoteOK job: an integer is required (got type str)
ERROR:job_aggregator:Error parsing RemoteOK job: an integer is required (got type str)
ERROR:job_aggregator:Error parsing RemoteOK job: an integer is required (got type str)
ERROR:job_aggregator:Error parsing RemoteOK job: an integer is required (got type str)
ERROR:job_aggregator:Error parsing RemoteOK job: an integer is required (got type str)
ERROR:job_aggregator:Error parsing RemoteOK job: an integer is required (got type str)
ERROR:job_aggregator:Error parsing RemoteOK job: an integer is required (got type str)
ERROR:job_aggregator:Error parsing RemoteOK job: an integer is required (got type str)
ERROR:job_aggregator:Error parsing RemoteOK job: an integer is required (got type str)
ERROR:job_aggregator:Error parsing RemoteOK job: an integer is required (got type str)
ERROR:job_aggregator:Error parsing RemoteOK job: an integer is required (got type str)
ERROR:job_aggregator:Error parsing RemoteOK job: an integer is required (got type str)
ERROR:job_aggregator:Error parsing RemoteOK job: an integer is required (got type str)
ERROR:job_aggregator:Error parsing RemoteOK job: an integer is required (got type str)
ERROR:job_aggregator:Error parsing RemoteOK job: an integer is required (got type str)
ERROR:job_aggregator:Error parsing RemoteOK job: an integer is required (got type str)
ERROR:job_aggregator:Error parsing RemoteOK job: an integer is required (got type str)
ERROR:job_aggregator:Error parsing RemoteOK job: an integer is required (got type str)
ERROR:job_aggregator:Error parsing RemoteOK job: an integer is required (got type str)
ERROR:job_aggregator:Error parsing RemoteOK job: an integer is required (got type str)
ERROR:job_aggregator:Error parsing RemoteOK job: an integer is required (got type str)
ERROR:job_aggregator:Error parsing RemoteOK job: an integer is required (got type str)
ERROR:job_aggregator:Error parsing RemoteOK job: an integer is required (got type str)
ERROR:job_aggregator:Error parsing RemoteOK job: an integer is required (got type str)
ERROR:job_aggregator:Error parsing RemoteOK job: an integer is required (got type str)
ERROR:job_aggregator:Error parsing RemoteOK job: an integer is required (got type str)
ERROR:job_aggregator:Error parsing RemoteOK job: an integer is required (got type str)
ERROR:job_aggregator:Error parsing RemoteOK job: an integer is required (got type str)
ERROR:job_aggregator:Error parsing RemoteOK job: an integer is required (got type str)
ERROR:job_aggregator:Error parsing RemoteOK job: an integer is required (got type str)
ERROR:job_aggregator:Error parsing RemoteOK job: an integer is required (got type str)
ERROR:job_aggregator:Error parsing RemoteOK job: an integer is required (got type str)
ERROR:job_aggregator:Error parsing RemoteOK job: an integer is required (got type str)
ERROR:job_aggregator:Error parsing RemoteOK job: an integer is required (got type str)
ERROR:job_aggregator:Error parsing RemoteOK job: an integer is required (got type str)
ERROR:job_aggregator:Error parsing RemoteOK job: an integer is required (got type str)
ERROR:job_aggregator:Error parsing RemoteOK job: an integer is required (got type str)
ERROR:job_aggregator:Error parsing RemoteOK job: an integer is required (got type str)
ERROR:job_aggregator:Error parsing RemoteOK job: an integer is required (got type str)
ERROR:job_aggregator:Error parsing RemoteOK job: an integer is required (got type str)
ERROR:job_aggregator:Error parsing RemoteOK job: an integer is required (got type str)
ERROR:job_aggregator:Error parsing RemoteOK job: an integer is required (got type str)
ERROR:job_aggregator:Error parsing RemoteOK job: an integer is required (got type str)
ERROR:job_aggregator:Error parsing RemoteOK job: an integer is required (got type str)
ERROR:job_aggregator:Error parsing RemoteOK job: an integer is required (got type str)
ERROR:job_aggregator:Error parsing RemoteOK job: an integer is required (got type str)
ERROR:job_aggregator:Error parsing RemoteOK job: an integer is required (got type str)
ERROR:job_aggregator:Error parsing RemoteOK job: an integer is required (got type str)
ERROR:job_aggregator:Error parsing RemoteOK job: an integer is required (got type str)
ERROR:job_aggregator:Error parsing RemoteOK job: an integer is required (got type str)
ERROR:job_aggregator:Error parsing RemoteOK job: an integer is required (got type str)
ERROR:job_aggregator:Error parsing RemoteOK job: an integer is required (got type str)
ERROR:job_aggregator:Error parsing RemoteOK job: an integer is required (got type str)
ERROR:job_aggregator:Error parsing RemoteOK job: an integer is required (got type str)
ERROR:job_aggregator:Error parsing RemoteOK job: an integer is required (got type str)
ERROR:job_aggregator:Error parsing RemoteOK job: an integer is required (got type str)
ERROR:job_aggregator:Error parsing RemoteOK job: an integer is required (got type str)
ERROR:job_aggregator:Error parsing RemoteOK job: an integer is required (got type str)
ERROR:job_aggregator:Error parsing RemoteOK job: an integer is required (got type str)
ERROR:job_aggregator:Error parsing RemoteOK job: an integer is required (got type str)
ERROR:job_aggregator:Error parsing RemoteOK job: an integer is required (got type str)
ERROR:job_aggregator:Error parsing RemoteOK job: an integer is required (got type str)
ERROR:job_aggregator:Error parsing RemoteOK job: an integer is required (got type str)
ERROR:job_aggregator:Error parsing RemoteOK job: an integer is required (got type str)
ERROR:job_aggregator:Error parsing RemoteOK job: an integer is required (got type str)
ERROR:job_aggregator:Error parsing RemoteOK job: an integer is required (got type str)
ERROR:job_aggregator:Error parsing RemoteOK job: an integer is required (got type str)
INFO:job_aggregator:Fetched 0 jobs from APIs
INFO:job_aggregator:Fetching from company career pages...
INFO:job_aggregator:Fetched 0 jobs from companies
INFO:job_aggregator:Saving 511 total jobs to database...
INFO:job_aggregator:Job update process completed!
INFO:daily_job_scheduler:✅ Daily job update completed! Updated 511 jobs
INFO:daily_job_scheduler:✅ Daily job scheduler started! Updates at 8:00 AM and every 6 hours
✅ Email configuration loaded from email_config.sh
✅ Database initialized and migrations applied
📅 Starting daily job scheduler...
🚀 Starting daily application scheduler...
✅ Daily application scheduler temporarily disabled for debugging
🚀 Starting ApplyX Backend Server...
 * Serving Flask app 'app'
 * Debug mode: on
Address already in use
Port 5000 is in use by another program. Either identify and stop that program, or start the server with a different port.
On macOS, try disabling the 'AirPlay Receiver' service from System Preferences -> Sharing.
