2025-07-25 09:10:15,866 - __main__ - INFO - ✅ Parsed configuration from command line
2025-07-25 09:10:15,866 - __main__ - INFO - 🚀 Initializing Enhanced User Bot for user: bf5acf53-8862-48af-b9ab-3b73d3c5527a
2025-07-25 09:10:15,866 - __main__ - INFO - 📝 Session ID: bf5acf53-8862-48af-b9ab-3b73d3c5527a_1753449015
2025-07-25 09:10:15,866 - __main__ - INFO - 📋 Loading user configuration...
2025-07-25 09:10:15,866 - __main__ - INFO - ✅ Using provided configuration data
2025-07-25 09:10:15,866 - __main__ - INFO - 🔧 Merging provided config with required defaults...
2025-07-25 09:10:15,866 - __main__ - INFO - ✅ Configuration merged successfully with defaults
2025-07-25 09:10:15,866 - __main__ - INFO - ✅ Configuration loaded successfully
2025-07-25 09:10:15,866 - __main__ - INFO - 👤 LinkedIn Email: shaheersaud2004@gmail.com
2025-07-25 09:10:15,866 - __main__ - INFO - 🎯 Target Positions: Software Engineer, Developer
2025-07-25 09:10:15,866 - __main__ - INFO - 📍 Target Locations: Remote, New Jersey, New York
2025-07-25 09:10:15,866 - __main__ - INFO - ================================================================================
2025-07-25 09:10:15,866 - __main__ - INFO - 🚀 STARTING CONTINUOUS APPLICATION MODE
2025-07-25 09:10:15,866 - __main__ - INFO - ================================================================================
2025-07-25 09:10:15,866 - __main__ - INFO - 👤 User ID: bf5acf53-8862-48af-b9ab-3b73d3c5527a
2025-07-25 09:10:15,866 - __main__ - INFO - 📧 LinkedIn Email: shaheersaud2004@gmail.com
2025-07-25 09:10:15,866 - __main__ - INFO - 🎯 Target Positions: Software Engineer, Developer
2025-07-25 09:10:15,866 - __main__ - INFO - 📍 Target Locations: Remote, New Jersey, New York
2025-07-25 09:10:15,866 - __main__ - INFO - ⏰ Session Start: 2025-07-25 09:10:15
2025-07-25 09:10:15,866 - __main__ - INFO - 🎯 Maximum Applications: 5
2025-07-25 09:10:15,866 - __main__ - INFO - 🔧 Initializing browser...
2025-07-25 09:10:15,866 - __main__ - INFO - 🌐 Initializing Chrome browser...
2025-07-25 09:10:15,866 - __main__ - INFO - 🔄 Browser initialization attempt 1/3
2025-07-25 09:10:15,866 - __main__ - INFO - 🎭 Using user agent: Mozilla/5.0 (Windows NT 10.0; Win64; x64) AppleWebKit/537.36 (KHTML, like Gecko) Chrome/138.0.0.0 Safari/537.36
2025-07-25 09:10:15,866 - __main__ - INFO - 🔧 Using chromedriver: /Users/shaheersaud/EASYAPPLYLINKEDINJULY17/chromedriver
2025-07-25 09:10:16,128 - __main__ - WARNING - ⚠️ Browser session creation failed (attempt 1): Message: session not created: probably user data directory is already in use, please specify a unique value for --user-data-dir argument, or don't use --user-data-dir; For documentation on this error, please visit: https://www.selenium.dev/documentation/webdriver/troubleshooting/errors#sessionnotcreatedexception
Stacktrace:
0   chromedriver                        0x0000000102a1755c cxxbridge1$str$ptr + 2731064
1   chromedriver                        0x0000000102a0f454 cxxbridge1$str$ptr + 2698032
2   chromedriver                        0x000000010255e3f8 cxxbridge1$string$len + 90664
3   chromedriver                        0x0000000102591eb8 cxxbridge1$string$len + 302312
4   chromedriver                        0x000000010258e7d8 cxxbridge1$string$len + 288264
5   chromedriver                        0x00000001025d2d3c cxxbridge1$string$len + 568172
6   chromedriver                        0x00000001025d25f0 cxxbridge1$string$len + 566304
7   chromedriver                        0x0000000102599a0c cxxbridge1$string$len + 333884
8   chromedriver                        0x00000001029da5e0 cxxbridge1$str$ptr + 2481340
9   chromedriver                        0x00000001029dd848 cxxbridge1$str$ptr + 2494244
10  chromedriver                        0x00000001029bb234 cxxbridge1$str$ptr + 2353424
11  chromedriver                        0x00000001029de104 cxxbridge1$str$ptr + 2496480
12  chromedriver                        0x00000001029ac2e4 cxxbridge1$str$ptr + 2292160
13  chromedriver                        0x00000001029fdff8 cxxbridge1$str$ptr + 2627284
14  chromedriver                        0x00000001029fe184 cxxbridge1$str$ptr + 2627680
15  chromedriver                        0x0000000102a0f090 cxxbridge1$str$ptr + 2697068
16  libsystem_pthread.dylib             0x00000001956c6c0c _pthread_start + 136
17  libsystem_pthread.dylib             0x00000001956c1b80 thread_start + 8

2025-07-25 09:10:18,133 - __main__ - INFO - 🔄 Browser initialization attempt 2/3
2025-07-25 09:10:18,134 - __main__ - INFO - 🔄 Using alternate Chrome directory: /Users/shaheersaud/EASYAPPLYLINKEDINJULY17/chrome_bot_user_bf5acf53-8862-48af-b9ab-3b73d3c5527a_34f6e2
2025-07-25 09:10:18,134 - __main__ - INFO - 🎭 Using user agent: Mozilla/5.0 (Macintosh; Intel Mac OS X 10_15_7) AppleWebKit/537.36 (KHTML, like Gecko) Chrome/138.0.0.0 Safari/537.36
2025-07-25 09:10:18,134 - __main__ - INFO - 🔧 Using chromedriver: /Users/shaheersaud/EASYAPPLYLINKEDINJULY17/chromedriver
2025-07-25 09:10:21,239 - __main__ - INFO - ✅ Browser initialized successfully (attempt 2)
2025-07-25 09:10:21,241 - __main__ - INFO - 🪟 Browser window size: {'width': 1710, 'height': 1017}
2025-07-25 09:10:21,241 - __main__ - INFO - ✅ Browser initialization complete
2025-07-25 09:10:21,241 - __main__ - INFO - 🤖 Initializing LinkedIn Easy Apply bot...
2025-07-25 09:10:21,246 - __main__ - INFO - ✅ LinkedIn bot initialized
2025-07-25 09:10:21,246 - __main__ - INFO - 🔐 Starting LinkedIn login process...
2025-07-25 09:10:56,308 - __main__ - INFO - ✅ LinkedIn login successful
2025-07-25 09:10:56,310 - __main__ - INFO - 🛡️ Performing security check...
2025-07-25 09:10:56,356 - __main__ - INFO - ✅ Security check passed
2025-07-25 09:10:56,358 - __main__ - INFO - 🎯 Starting job application process...
2025-07-25 09:10:56,358 - __main__ - INFO - 🔍 Looking for job opportunities (attempt 1)...
2025-07-25 09:18:02,496 - __main__ - ERROR - ❌ Error in application cycle: [Errno 32] Broken pipe
2025-07-25 09:18:02,497 - __main__ - INFO - ⏳ Waiting 2 minutes before retry...
2025-07-25 09:20:02,499 - __main__ - INFO - 🔍 Looking for job opportunities (attempt 1)...
2025-07-25 09:20:48,846 - __main__ - ERROR - ❌ Error in application cycle: [Errno 32] Broken pipe
2025-07-25 09:20:48,849 - __main__ - INFO - ⏳ Waiting 2 minutes before retry...
2025-07-25 09:22:48,851 - __main__ - INFO - 🔍 Looking for job opportunities (attempt 1)...
2025-07-25 09:23:30,343 - __main__ - ERROR - ❌ Error in application cycle: [Errno 32] Broken pipe
2025-07-25 09:23:30,345 - __main__ - INFO - ⏳ Waiting 2 minutes before retry...
2025-07-25 09:25:30,346 - __main__ - INFO - 🔍 Looking for job opportunities (attempt 1)...
2025-07-25 09:26:01,808 - __main__ - ERROR - ❌ Error in application cycle: [Errno 32] Broken pipe
2025-07-25 09:26:01,811 - __main__ - INFO - ⏳ Waiting 2 minutes before retry...
2025-07-25 09:28:01,812 - __main__ - INFO - 🔍 Looking for job opportunities (attempt 1)...
2025-07-25 09:28:24,764 - __main__ - ERROR - ❌ Error in application cycle: [Errno 32] Broken pipe
2025-07-25 09:28:24,766 - __main__ - INFO - ⏳ Waiting 2 minutes before retry...
2025-07-25 09:30:24,767 - __main__ - INFO - 🔍 Looking for job opportunities (attempt 1)...
2025-07-25 09:30:32,009 - __main__ - ERROR - ❌ Error in application cycle: [Errno 32] Broken pipe
2025-07-25 09:30:32,011 - __main__ - INFO - ⏳ Waiting 2 minutes before retry...
2025-07-25 09:32:32,011 - __main__ - INFO - 🔍 Looking for job opportunities (attempt 1)...
2025-07-25 09:32:33,798 - __main__ - ERROR - ❌ Error in application cycle: [Errno 32] Broken pipe
2025-07-25 09:32:33,800 - __main__ - INFO - ⏳ Waiting 2 minutes before retry...
2025-07-25 09:34:33,800 - __main__ - INFO - 🔍 Looking for job opportunities (attempt 1)...
2025-07-25 09:34:35,183 - __main__ - ERROR - ❌ Error in application cycle: [Errno 32] Broken pipe
2025-07-25 09:34:35,184 - __main__ - INFO - ⏳ Waiting 2 minutes before retry...
2025-07-25 09:36:35,184 - __main__ - INFO - 🔍 Looking for job opportunities (attempt 1)...
2025-07-25 09:36:36,234 - __main__ - ERROR - ❌ Error in application cycle: [Errno 32] Broken pipe
2025-07-25 09:36:36,236 - __main__ - INFO - ⏳ Waiting 2 minutes before retry...
2025-07-25 09:38:36,237 - __main__ - INFO - 🔍 Looking for job opportunities (attempt 1)...
2025-07-25 09:38:38,179 - __main__ - ERROR - ❌ Error in application cycle: [Errno 32] Broken pipe
2025-07-25 09:38:38,181 - __main__ - INFO - ⏳ Waiting 2 minutes before retry...
2025-07-25 09:40:38,137 - __main__ - INFO - 🔍 Looking for job opportunities (attempt 1)...
2025-07-25 09:40:38,141 - __main__ - ERROR - ❌ Error in application cycle: [Errno 32] Broken pipe
2025-07-25 09:40:38,142 - __main__ - INFO - ⏳ Waiting 2 minutes before retry...
2025-07-25 09:42:38,140 - __main__ - INFO - 🔍 Looking for job opportunities (attempt 1)...
2025-07-25 09:42:39,772 - __main__ - ERROR - ❌ Error in application cycle: [Errno 32] Broken pipe
2025-07-25 09:42:39,775 - __main__ - INFO - ⏳ Waiting 2 minutes before retry...
2025-07-25 09:44:39,776 - __main__ - INFO - 🔍 Looking for job opportunities (attempt 1)...
2025-07-25 09:44:42,388 - __main__ - ERROR - ❌ Error in application cycle: [Errno 32] Broken pipe
2025-07-25 09:44:42,392 - __main__ - INFO - ⏳ Waiting 2 minutes before retry...
2025-07-25 09:46:42,393 - __main__ - INFO - 🔍 Looking for job opportunities (attempt 1)...
2025-07-25 09:46:43,843 - __main__ - ERROR - ❌ Error in application cycle: [Errno 32] Broken pipe
2025-07-25 09:46:43,845 - __main__ - INFO - ⏳ Waiting 2 minutes before retry...
2025-07-25 09:48:43,846 - __main__ - INFO - 🔍 Looking for job opportunities (attempt 1)...
2025-07-25 09:48:45,345 - __main__ - ERROR - ❌ Error in application cycle: [Errno 32] Broken pipe
2025-07-25 09:48:45,347 - __main__ - INFO - ⏳ Waiting 2 minutes before retry...
2025-07-25 09:50:45,348 - __main__ - INFO - 🔍 Looking for job opportunities (attempt 1)...
2025-07-25 09:50:48,324 - __main__ - ERROR - ❌ Error in application cycle: [Errno 32] Broken pipe
2025-07-25 09:50:48,326 - __main__ - INFO - ⏳ Waiting 2 minutes before retry...
2025-07-25 09:52:48,327 - __main__ - INFO - 🔍 Looking for job opportunities (attempt 1)...
2025-07-25 09:52:50,400 - __main__ - ERROR - ❌ Error in application cycle: [Errno 32] Broken pipe
2025-07-25 09:52:50,402 - __main__ - INFO - ⏳ Waiting 2 minutes before retry...
2025-07-25 09:54:50,401 - __main__ - INFO - 🔍 Looking for job opportunities (attempt 1)...
2025-07-25 09:54:53,229 - __main__ - ERROR - ❌ Error in application cycle: [Errno 32] Broken pipe
2025-07-25 09:54:53,232 - __main__ - INFO - ⏳ Waiting 2 minutes before retry...
2025-07-25 09:56:53,242 - __main__ - INFO - 🔍 Looking for job opportunities (attempt 1)...
2025-07-25 09:56:53,245 - __main__ - ERROR - ❌ Error in application cycle: [Errno 32] Broken pipe
2025-07-25 09:56:53,247 - __main__ - INFO - ⏳ Waiting 2 minutes before retry...
2025-07-25 09:58:53,247 - __main__ - INFO - 🔍 Looking for job opportunities (attempt 1)...
2025-07-25 09:58:55,662 - __main__ - ERROR - ❌ Error in application cycle: [Errno 32] Broken pipe
2025-07-25 09:58:55,665 - __main__ - INFO - ⏳ Waiting 2 minutes before retry...
2025-07-25 10:00:55,665 - __main__ - INFO - 🔍 Looking for job opportunities (attempt 1)...
2025-07-25 10:00:57,446 - __main__ - ERROR - ❌ Error in application cycle: [Errno 32] Broken pipe
2025-07-25 10:00:57,448 - __main__ - INFO - ⏳ Waiting 2 minutes before retry...
2025-07-25 10:02:57,448 - __main__ - INFO - 🔍 Looking for job opportunities (attempt 1)...
2025-07-25 10:03:00,081 - __main__ - ERROR - ❌ Error in application cycle: [Errno 32] Broken pipe
2025-07-25 10:03:00,082 - __main__ - INFO - ⏳ Waiting 2 minutes before retry...
2025-07-25 10:05:00,083 - __main__ - INFO - 🔍 Looking for job opportunities (attempt 1)...
2025-07-25 10:05:02,367 - __main__ - ERROR - ❌ Error in application cycle: [Errno 32] Broken pipe
2025-07-25 10:05:02,369 - __main__ - INFO - ⏳ Waiting 2 minutes before retry...
2025-07-25 10:07:02,370 - __main__ - INFO - 🔍 Looking for job opportunities (attempt 1)...
2025-07-25 10:07:05,366 - __main__ - ERROR - ❌ Error in application cycle: [Errno 32] Broken pipe
2025-07-25 10:07:05,367 - __main__ - INFO - ⏳ Waiting 2 minutes before retry...
2025-07-25 10:09:05,367 - __main__ - INFO - 🔍 Looking for job opportunities (attempt 1)...
2025-07-25 10:09:07,231 - __main__ - ERROR - ❌ Error in application cycle: [Errno 32] Broken pipe
2025-07-25 10:09:07,233 - __main__ - INFO - ⏳ Waiting 2 minutes before retry...
2025-07-25 10:11:07,227 - __main__ - INFO - 🔍 Looking for job opportunities (attempt 1)...
2025-07-25 10:11:09,386 - __main__ - ERROR - ❌ Error in application cycle: [Errno 32] Broken pipe
2025-07-25 10:11:09,389 - __main__ - INFO - ⏳ Waiting 2 minutes before retry...
2025-07-25 10:13:09,389 - __main__ - INFO - 🔍 Looking for job opportunities (attempt 1)...
2025-07-25 10:13:09,393 - __main__ - ERROR - ❌ Error in application cycle: [Errno 32] Broken pipe
2025-07-25 10:13:09,394 - __main__ - INFO - ⏳ Waiting 2 minutes before retry...
2025-07-25 10:15:09,394 - __main__ - INFO - 🔍 Looking for job opportunities (attempt 1)...
2025-07-25 10:15:11,238 - urllib3.connectionpool - WARNING - Retrying (Retry(total=2, connect=None, read=None, redirect=None, status=None)) after connection broken by 'NewConnectionError('<urllib3.connection.HTTPConnection object at 0x1202d70a0>: Failed to establish a new connection: [Errno 61] Connection refused')': /session/4fe52017f350afc71f99533ee9909718/url
2025-07-25 10:15:11,238 - urllib3.connectionpool - WARNING - Retrying (Retry(total=1, connect=None, read=None, redirect=None, status=None)) after connection broken by 'NewConnectionError('<urllib3.connection.HTTPConnection object at 0x121818d60>: Failed to establish a new connection: [Errno 61] Connection refused')': /session/4fe52017f350afc71f99533ee9909718/url
2025-07-25 10:15:11,239 - urllib3.connectionpool - WARNING - Retrying (Retry(total=0, connect=None, read=None, redirect=None, status=None)) after connection broken by 'NewConnectionError('<urllib3.connection.HTTPConnection object at 0x1218182b0>: Failed to establish a new connection: [Errno 61] Connection refused')': /session/4fe52017f350afc71f99533ee9909718/url
2025-07-25 10:15:11,246 - __main__ - ERROR - ❌ Error in application cycle: [Errno 32] Broken pipe
2025-07-25 10:15:11,247 - __main__ - INFO - ⏳ Waiting 2 minutes before retry...
