2025-07-24 20:46:03,521 - __main__ - INFO - ✅ Parsed configuration from command line
2025-07-24 20:46:03,522 - __main__ - INFO - 🚀 Initializing Enhanced User Bot for user: bf5acf53-8862-48af-b9ab-3b73d3c5527a
2025-07-24 20:46:03,522 - __main__ - INFO - 📝 Session ID: bf5acf53-8862-48af-b9ab-3b73d3c5527a_1753404363
2025-07-24 20:46:03,522 - __main__ - INFO - 📋 Loading user configuration...
2025-07-24 20:46:03,522 - __main__ - INFO - ✅ Using provided configuration data
2025-07-24 20:46:03,522 - __main__ - INFO - 🔧 Merging provided config with required defaults...
2025-07-24 20:46:03,522 - __main__ - INFO - ✅ Configuration merged successfully with defaults
2025-07-24 20:46:03,522 - __main__ - INFO - ✅ Configuration loaded successfully
2025-07-24 20:46:03,522 - __main__ - INFO - 👤 LinkedIn Email: shaheersaud2004@gmail.com
2025-07-24 20:46:03,522 - __main__ - INFO - 🎯 Target Positions: Software Engineer, Developer
2025-07-24 20:46:03,522 - __main__ - INFO - 📍 Target Locations: Remote, New Jersey, New York
2025-07-24 20:46:03,522 - __main__ - INFO - ================================================================================
2025-07-24 20:46:03,522 - __main__ - INFO - 🚀 STARTING CONTINUOUS APPLICATION MODE
2025-07-24 20:46:03,522 - __main__ - INFO - ================================================================================
2025-07-24 20:46:03,522 - __main__ - INFO - 👤 User ID: bf5acf53-8862-48af-b9ab-3b73d3c5527a
2025-07-24 20:46:03,522 - __main__ - INFO - 📧 LinkedIn Email: shaheersaud2004@gmail.com
2025-07-24 20:46:03,522 - __main__ - INFO - 🎯 Target Positions: Software Engineer, Developer
2025-07-24 20:46:03,522 - __main__ - INFO - 📍 Target Locations: Remote, New Jersey, New York
2025-07-24 20:46:03,522 - __main__ - INFO - ⏰ Session Start: 2025-07-24 20:46:03
2025-07-24 20:46:03,522 - __main__ - INFO - 🎯 Maximum Applications: 5
2025-07-24 20:46:03,522 - __main__ - INFO - 🔧 Initializing browser...
2025-07-24 20:46:03,522 - __main__ - INFO - 🌐 Initializing Chrome browser...
2025-07-24 20:46:03,522 - __main__ - INFO - 🔄 Browser initialization attempt 1/3
2025-07-24 20:46:03,522 - __main__ - INFO - 🎭 Using user agent: Mozilla/5.0 (Windows NT 10.0; Win64; x64) AppleWebKit/537.36 (KHTML, like Gecko) Chrome/138.0.0.0 Safari/537.36
2025-07-24 20:46:03,522 - __main__ - INFO - 🔧 Using chromedriver: /Users/shaheersaud/EASYAPPLYLINKEDINJULY17/chromedriver
2025-07-24 20:46:03,710 - __main__ - WARNING - ⚠️ Browser session creation failed (attempt 1): Message: session not created: probably user data directory is already in use, please specify a unique value for --user-data-dir argument, or don't use --user-data-dir; For documentation on this error, please visit: https://www.selenium.dev/documentation/webdriver/troubleshooting/errors#sessionnotcreatedexception
Stacktrace:
0   chromedriver                        0x0000000100a2355c cxxbridge1$str$ptr + 2731064
1   chromedriver                        0x0000000100a1b454 cxxbridge1$str$ptr + 2698032
2   chromedriver                        0x000000010056a3f8 cxxbridge1$string$len + 90664
3   chromedriver                        0x000000010059deb8 cxxbridge1$string$len + 302312
4   chromedriver                        0x000000010059a7d8 cxxbridge1$string$len + 288264
5   chromedriver                        0x00000001005ded3c cxxbridge1$string$len + 568172
6   chromedriver                        0x00000001005de5f0 cxxbridge1$string$len + 566304
7   chromedriver                        0x00000001005a5a0c cxxbridge1$string$len + 333884
8   chromedriver                        0x00000001009e65e0 cxxbridge1$str$ptr + 2481340
9   chromedriver                        0x00000001009e9848 cxxbridge1$str$ptr + 2494244
10  chromedriver                        0x00000001009c7234 cxxbridge1$str$ptr + 2353424
11  chromedriver                        0x00000001009ea104 cxxbridge1$str$ptr + 2496480
12  chromedriver                        0x00000001009b82e4 cxxbridge1$str$ptr + 2292160
13  chromedriver                        0x0000000100a09ff8 cxxbridge1$str$ptr + 2627284
14  chromedriver                        0x0000000100a0a184 cxxbridge1$str$ptr + 2627680
15  chromedriver                        0x0000000100a1b090 cxxbridge1$str$ptr + 2697068
16  libsystem_pthread.dylib             0x00000001956c6c0c _pthread_start + 136
17  libsystem_pthread.dylib             0x00000001956c1b80 thread_start + 8

2025-07-24 20:46:05,711 - __main__ - INFO - 🔄 Browser initialization attempt 2/3
2025-07-24 20:46:05,712 - __main__ - INFO - 🔄 Using alternate Chrome directory: /Users/shaheersaud/EASYAPPLYLINKEDINJULY17/chrome_bot_user_bf5acf53-8862-48af-b9ab-3b73d3c5527a_d6a41e
2025-07-24 20:46:05,712 - __main__ - INFO - 🎭 Using user agent: Mozilla/5.0 (Windows NT 10.0; Win64; x64) AppleWebKit/537.36 (KHTML, like Gecko) Chrome/138.0.0.0 Safari/537.36
2025-07-24 20:46:05,712 - __main__ - INFO - 🔧 Using chromedriver: /Users/shaheersaud/EASYAPPLYLINKEDINJULY17/chromedriver
2025-07-24 20:46:08,343 - __main__ - INFO - ✅ Browser initialized successfully (attempt 2)
2025-07-24 20:46:08,344 - __main__ - INFO - 🪟 Browser window size: {'width': 1710, 'height': 1011}
2025-07-24 20:46:08,344 - __main__ - INFO - ✅ Browser initialization complete
2025-07-24 20:46:08,344 - __main__ - INFO - 🤖 Initializing LinkedIn Easy Apply bot...
2025-07-24 20:46:08,346 - __main__ - INFO - ✅ LinkedIn bot initialized
2025-07-24 20:46:08,346 - __main__ - INFO - 🔐 Starting LinkedIn login process...
2025-07-24 20:46:36,151 - __main__ - INFO - ✅ LinkedIn login successful
2025-07-24 20:46:36,153 - __main__ - INFO - 🛡️ Performing security check...
2025-07-24 20:46:36,157 - __main__ - INFO - ✅ Security check passed
2025-07-24 20:46:36,159 - __main__ - INFO - 🎯 Starting job application process...
2025-07-24 20:46:36,160 - __main__ - INFO - 🔍 Looking for job opportunities (attempt 1)...
2025-07-24 20:46:49,960 - __main__ - ERROR - ❌ Error in application cycle: [Errno 32] Broken pipe
2025-07-24 20:46:49,961 - __main__ - INFO - ⏳ Waiting 2 minutes before retry...
2025-07-24 20:48:49,962 - __main__ - INFO - 🔍 Looking for job opportunities (attempt 1)...
2025-07-24 20:49:04,430 - __main__ - ERROR - ❌ Error in application cycle: [Errno 32] Broken pipe
2025-07-24 20:49:04,433 - __main__ - INFO - ⏳ Waiting 2 minutes before retry...
2025-07-24 20:51:04,513 - __main__ - INFO - 🔍 Looking for job opportunities (attempt 1)...
2025-07-24 20:51:17,309 - __main__ - ERROR - ❌ Error in application cycle: [Errno 32] Broken pipe
2025-07-24 20:51:17,311 - __main__ - INFO - ⏳ Waiting 2 minutes before retry...
2025-07-24 20:53:17,313 - __main__ - INFO - 🔍 Looking for job opportunities (attempt 1)...
2025-07-24 20:53:28,514 - __main__ - ERROR - ❌ Error in application cycle: [Errno 32] Broken pipe
2025-07-24 20:53:28,518 - __main__ - INFO - ⏳ Waiting 2 minutes before retry...
2025-07-24 20:55:28,522 - __main__ - INFO - 🔍 Looking for job opportunities (attempt 1)...
2025-07-24 20:55:41,981 - __main__ - ERROR - ❌ Error in application cycle: [Errno 32] Broken pipe
2025-07-24 20:55:41,986 - __main__ - INFO - ⏳ Waiting 2 minutes before retry...
2025-07-24 20:57:41,988 - __main__ - INFO - 🔍 Looking for job opportunities (attempt 1)...
2025-07-24 20:57:55,115 - __main__ - ERROR - ❌ Error in application cycle: [Errno 32] Broken pipe
2025-07-24 20:57:55,120 - __main__ - INFO - ⏳ Waiting 2 minutes before retry...
2025-07-24 20:59:55,124 - __main__ - INFO - 🔍 Looking for job opportunities (attempt 1)...
2025-07-24 21:00:08,814 - __main__ - ERROR - ❌ Error in application cycle: [Errno 32] Broken pipe
2025-07-24 21:00:08,818 - __main__ - INFO - ⏳ Waiting 2 minutes before retry...
2025-07-24 21:02:08,822 - __main__ - INFO - 🔍 Looking for job opportunities (attempt 1)...
2025-07-24 21:02:20,178 - __main__ - ERROR - ❌ Error in application cycle: [Errno 32] Broken pipe
2025-07-24 21:02:20,182 - __main__ - INFO - ⏳ Waiting 2 minutes before retry...
2025-07-24 21:04:20,186 - __main__ - INFO - 🔍 Looking for job opportunities (attempt 1)...
2025-07-24 21:04:33,356 - __main__ - ERROR - ❌ Error in application cycle: [Errno 32] Broken pipe
2025-07-24 21:04:33,360 - __main__ - INFO - ⏳ Waiting 2 minutes before retry...
2025-07-24 21:06:33,362 - __main__ - INFO - 🔍 Looking for job opportunities (attempt 1)...
2025-07-24 21:06:46,728 - __main__ - ERROR - ❌ Error in application cycle: [Errno 32] Broken pipe
2025-07-24 21:06:46,731 - __main__ - INFO - ⏳ Waiting 2 minutes before retry...
2025-07-24 21:08:46,733 - __main__ - INFO - 🔍 Looking for job opportunities (attempt 1)...
2025-07-24 21:08:59,733 - __main__ - ERROR - ❌ Error in application cycle: [Errno 32] Broken pipe
2025-07-24 21:08:59,736 - __main__ - INFO - ⏳ Waiting 2 minutes before retry...
2025-07-24 21:10:59,738 - __main__ - INFO - 🔍 Looking for job opportunities (attempt 1)...
2025-07-24 21:11:07,894 - __main__ - ERROR - ❌ Error in application cycle: [Errno 32] Broken pipe
2025-07-24 21:11:07,895 - __main__ - INFO - ⏳ Waiting 2 minutes before retry...
2025-07-24 21:13:07,896 - __main__ - INFO - 🔍 Looking for job opportunities (attempt 1)...
2025-07-24 21:13:09,145 - __main__ - ERROR - ❌ Error in application cycle: [Errno 32] Broken pipe
2025-07-24 21:13:09,145 - __main__ - INFO - ⏳ Waiting 2 minutes before retry...
2025-07-24 21:15:09,147 - __main__ - INFO - 🔍 Looking for job opportunities (attempt 1)...
2025-07-24 21:15:10,820 - __main__ - ERROR - ❌ Error in application cycle: [Errno 32] Broken pipe
2025-07-24 21:15:10,821 - __main__ - INFO - ⏳ Waiting 2 minutes before retry...
2025-07-24 21:17:10,823 - __main__ - INFO - 🔍 Looking for job opportunities (attempt 1)...
2025-07-24 21:17:13,389 - __main__ - ERROR - ❌ Error in application cycle: [Errno 32] Broken pipe
2025-07-24 21:17:13,390 - __main__ - INFO - ⏳ Waiting 2 minutes before retry...
2025-07-24 21:19:13,390 - __main__ - INFO - 🔍 Looking for job opportunities (attempt 1)...
2025-07-24 21:19:16,135 - __main__ - ERROR - ❌ Error in application cycle: [Errno 32] Broken pipe
2025-07-24 21:19:16,136 - __main__ - INFO - ⏳ Waiting 2 minutes before retry...
2025-07-24 21:21:16,140 - __main__ - INFO - 🔍 Looking for job opportunities (attempt 1)...
2025-07-24 21:21:17,718 - __main__ - ERROR - ❌ Error in application cycle: [Errno 32] Broken pipe
2025-07-24 21:21:17,719 - __main__ - INFO - ⏳ Waiting 2 minutes before retry...
2025-07-24 21:23:17,723 - __main__ - INFO - 🔍 Looking for job opportunities (attempt 1)...
2025-07-24 21:23:20,116 - __main__ - ERROR - ❌ Error in application cycle: [Errno 32] Broken pipe
2025-07-24 21:23:20,118 - __main__ - INFO - ⏳ Waiting 2 minutes before retry...
2025-07-24 21:25:20,121 - __main__ - INFO - 🔍 Looking for job opportunities (attempt 1)...
2025-07-24 21:25:21,611 - __main__ - ERROR - ❌ Error in application cycle: [Errno 32] Broken pipe
2025-07-24 21:25:21,613 - __main__ - INFO - ⏳ Waiting 2 minutes before retry...
2025-07-24 21:27:21,616 - __main__ - INFO - 🔍 Looking for job opportunities (attempt 1)...
2025-07-24 21:27:23,217 - __main__ - ERROR - ❌ Error in application cycle: [Errno 32] Broken pipe
2025-07-24 21:27:23,220 - __main__ - INFO - ⏳ Waiting 2 minutes before retry...
2025-07-24 21:29:23,222 - __main__ - INFO - 🔍 Looking for job opportunities (attempt 1)...
2025-07-24 21:29:26,087 - __main__ - ERROR - ❌ Error in application cycle: [Errno 32] Broken pipe
2025-07-24 21:29:26,089 - __main__ - INFO - ⏳ Waiting 2 minutes before retry...
2025-07-24 21:31:26,092 - __main__ - INFO - 🔍 Looking for job opportunities (attempt 1)...
2025-07-24 21:31:28,462 - __main__ - ERROR - ❌ Error in application cycle: [Errno 32] Broken pipe
2025-07-24 21:31:28,465 - __main__ - INFO - ⏳ Waiting 2 minutes before retry...
2025-07-24 21:33:28,469 - __main__ - INFO - 🔍 Looking for job opportunities (attempt 1)...
2025-07-24 21:33:30,313 - __main__ - ERROR - ❌ Error in application cycle: [Errno 32] Broken pipe
2025-07-24 21:33:30,316 - __main__ - INFO - ⏳ Waiting 2 minutes before retry...
2025-07-24 21:35:30,318 - __main__ - INFO - 🔍 Looking for job opportunities (attempt 1)...
2025-07-24 21:35:32,938 - __main__ - ERROR - ❌ Error in application cycle: [Errno 32] Broken pipe
2025-07-24 21:35:32,941 - __main__ - INFO - ⏳ Waiting 2 minutes before retry...
2025-07-24 21:37:32,942 - __main__ - INFO - 🔍 Looking for job opportunities (attempt 1)...
2025-07-24 21:37:35,735 - __main__ - ERROR - ❌ Error in application cycle: [Errno 32] Broken pipe
2025-07-24 21:37:35,737 - __main__ - INFO - ⏳ Waiting 2 minutes before retry...
2025-07-24 21:39:35,741 - __main__ - INFO - 🔍 Looking for job opportunities (attempt 1)...
2025-07-24 21:39:37,306 - __main__ - ERROR - ❌ Error in application cycle: [Errno 32] Broken pipe
2025-07-24 21:39:37,308 - __main__ - INFO - ⏳ Waiting 2 minutes before retry...
2025-07-24 21:41:37,313 - __main__ - INFO - 🔍 Looking for job opportunities (attempt 1)...
2025-07-24 21:41:39,440 - __main__ - ERROR - ❌ Error in application cycle: [Errno 32] Broken pipe
2025-07-24 21:41:39,443 - __main__ - INFO - ⏳ Waiting 2 minutes before retry...
2025-07-24 21:43:39,446 - __main__ - INFO - 🔍 Looking for job opportunities (attempt 1)...
2025-07-24 21:43:42,417 - __main__ - ERROR - ❌ Error in application cycle: [Errno 32] Broken pipe
2025-07-24 21:43:42,420 - __main__ - INFO - ⏳ Waiting 2 minutes before retry...
2025-07-24 21:45:42,422 - __main__ - INFO - 🔍 Looking for job opportunities (attempt 1)...
2025-07-24 21:45:44,828 - __main__ - ERROR - ❌ Error in application cycle: [Errno 32] Broken pipe
2025-07-24 21:45:44,830 - __main__ - INFO - ⏳ Waiting 2 minutes before retry...
2025-07-24 21:47:44,865 - __main__ - INFO - 🔍 Looking for job opportunities (attempt 1)...
2025-07-24 21:47:46,048 - __main__ - ERROR - ❌ Error in application cycle: [Errno 32] Broken pipe
2025-07-24 21:47:46,050 - __main__ - INFO - ⏳ Waiting 2 minutes before retry...
2025-07-24 21:49:46,054 - __main__ - INFO - 🔍 Looking for job opportunities (attempt 1)...
2025-07-24 21:49:48,966 - __main__ - ERROR - ❌ Error in application cycle: [Errno 32] Broken pipe
2025-07-24 21:49:48,969 - __main__ - INFO - ⏳ Waiting 2 minutes before retry...
2025-07-24 21:51:48,975 - __main__ - INFO - 🔍 Looking for job opportunities (attempt 1)...
2025-07-24 21:51:51,398 - __main__ - ERROR - ❌ Error in application cycle: [Errno 32] Broken pipe
2025-07-24 21:51:51,400 - __main__ - INFO - ⏳ Waiting 2 minutes before retry...
2025-07-24 21:53:51,403 - __main__ - INFO - 🔍 Looking for job opportunities (attempt 1)...
2025-07-24 21:53:53,111 - __main__ - ERROR - ❌ Error in application cycle: [Errno 32] Broken pipe
2025-07-24 21:53:53,114 - __main__ - INFO - ⏳ Waiting 2 minutes before retry...
2025-07-24 21:55:53,119 - __main__ - INFO - 🔍 Looking for job opportunities (attempt 1)...
2025-07-24 21:55:54,737 - __main__ - ERROR - ❌ Error in application cycle: [Errno 32] Broken pipe
2025-07-24 21:55:54,741 - __main__ - INFO - ⏳ Waiting 2 minutes before retry...
2025-07-24 21:57:54,746 - __main__ - INFO - 🔍 Looking for job opportunities (attempt 1)...
2025-07-24 21:57:57,104 - __main__ - ERROR - ❌ Error in application cycle: [Errno 32] Broken pipe
2025-07-24 21:57:57,108 - __main__ - INFO - ⏳ Waiting 2 minutes before retry...
2025-07-24 21:59:57,113 - __main__ - INFO - 🔍 Looking for job opportunities (attempt 1)...
2025-07-24 21:59:59,770 - __main__ - ERROR - ❌ Error in application cycle: [Errno 32] Broken pipe
2025-07-24 21:59:59,773 - __main__ - INFO - ⏳ Waiting 2 minutes before retry...
2025-07-24 22:01:59,777 - __main__ - INFO - 🔍 Looking for job opportunities (attempt 1)...
2025-07-24 22:02:02,019 - __main__ - ERROR - ❌ Error in application cycle: [Errno 32] Broken pipe
2025-07-24 22:02:02,022 - __main__ - INFO - ⏳ Waiting 2 minutes before retry...
2025-07-24 22:04:02,027 - __main__ - INFO - 🔍 Looking for job opportunities (attempt 1)...
2025-07-24 22:04:03,575 - __main__ - ERROR - ❌ Error in application cycle: [Errno 32] Broken pipe
2025-07-24 22:04:03,578 - __main__ - INFO - ⏳ Waiting 2 minutes before retry...
2025-07-24 22:06:03,582 - __main__ - INFO - 🔍 Looking for job opportunities (attempt 1)...
2025-07-24 22:06:06,122 - __main__ - ERROR - ❌ Error in application cycle: [Errno 32] Broken pipe
2025-07-24 22:06:06,124 - __main__ - INFO - ⏳ Waiting 2 minutes before retry...
2025-07-24 22:08:06,128 - __main__ - INFO - 🔍 Looking for job opportunities (attempt 1)...
2025-07-24 22:08:07,693 - __main__ - ERROR - ❌ Error in application cycle: [Errno 32] Broken pipe
2025-07-24 22:08:07,696 - __main__ - INFO - ⏳ Waiting 2 minutes before retry...
2025-07-24 22:10:07,697 - __main__ - INFO - 🔍 Looking for job opportunities (attempt 1)...
2025-07-24 22:10:10,079 - __main__ - ERROR - ❌ Error in application cycle: [Errno 32] Broken pipe
2025-07-24 22:10:10,081 - __main__ - INFO - ⏳ Waiting 2 minutes before retry...
2025-07-24 22:12:10,086 - __main__ - INFO - 🔍 Looking for job opportunities (attempt 1)...
2025-07-24 22:12:11,991 - __main__ - ERROR - ❌ Error in application cycle: [Errno 32] Broken pipe
2025-07-24 22:12:11,994 - __main__ - INFO - ⏳ Waiting 2 minutes before retry...
2025-07-24 22:14:11,997 - __main__ - INFO - 🔍 Looking for job opportunities (attempt 1)...
2025-07-24 22:14:14,521 - __main__ - ERROR - ❌ Error in application cycle: [Errno 32] Broken pipe
2025-07-24 22:14:14,524 - __main__ - INFO - ⏳ Waiting 2 minutes before retry...
2025-07-24 22:21:26,712 - __main__ - INFO - 🔍 Looking for job opportunities (attempt 1)...
2025-07-24 22:21:28,234 - __main__ - ERROR - ❌ Error in application cycle: [Errno 32] Broken pipe
2025-07-24 22:21:28,236 - __main__ - INFO - ⏳ Waiting 2 minutes before retry...
2025-07-24 22:24:36,550 - __main__ - INFO - 🔍 Looking for job opportunities (attempt 1)...
2025-07-24 22:24:38,666 - __main__ - ERROR - ❌ Error in application cycle: [Errno 32] Broken pipe
2025-07-24 22:24:38,668 - __main__ - INFO - ⏳ Waiting 2 minutes before retry...
2025-07-24 22:27:13,737 - __main__ - INFO - 🔍 Looking for job opportunities (attempt 1)...
2025-07-24 22:27:14,765 - __main__ - ERROR - ❌ Error in application cycle: [Errno 32] Broken pipe
2025-07-24 22:27:14,768 - __main__ - INFO - ⏳ Waiting 2 minutes before retry...
2025-07-24 22:29:41,805 - __main__ - INFO - 🔍 Looking for job opportunities (attempt 1)...
2025-07-24 22:29:43,329 - __main__ - ERROR - ❌ Error in application cycle: [Errno 32] Broken pipe
2025-07-24 22:29:43,331 - __main__ - INFO - ⏳ Waiting 2 minutes before retry...
2025-07-24 22:31:43,331 - __main__ - INFO - 🔍 Looking for job opportunities (attempt 1)...
2025-07-24 22:31:46,131 - __main__ - ERROR - ❌ Error in application cycle: [Errno 32] Broken pipe
2025-07-24 22:31:46,133 - __main__ - INFO - ⏳ Waiting 2 minutes before retry...
2025-07-24 22:33:46,136 - __main__ - INFO - 🔍 Looking for job opportunities (attempt 1)...
2025-07-24 22:33:48,315 - __main__ - ERROR - ❌ Error in application cycle: [Errno 32] Broken pipe
2025-07-24 22:33:48,316 - __main__ - INFO - ⏳ Waiting 2 minutes before retry...
2025-07-24 22:35:48,318 - __main__ - INFO - 🔍 Looking for job opportunities (attempt 1)...
2025-07-24 22:35:51,308 - __main__ - ERROR - ❌ Error in application cycle: [Errno 32] Broken pipe
2025-07-24 22:35:51,310 - __main__ - INFO - ⏳ Waiting 2 minutes before retry...
2025-07-24 22:37:51,312 - __main__ - INFO - 🔍 Looking for job opportunities (attempt 1)...
2025-07-24 22:37:52,380 - __main__ - ERROR - ❌ Error in application cycle: [Errno 32] Broken pipe
2025-07-24 22:37:52,383 - __main__ - INFO - ⏳ Waiting 2 minutes before retry...
2025-07-24 22:39:52,384 - __main__ - INFO - 🔍 Looking for job opportunities (attempt 1)...
2025-07-24 22:39:54,569 - __main__ - ERROR - ❌ Error in application cycle: [Errno 32] Broken pipe
2025-07-24 22:39:54,571 - __main__ - INFO - ⏳ Waiting 2 minutes before retry...
2025-07-24 22:41:54,584 - __main__ - INFO - 🔍 Looking for job opportunities (attempt 1)...
2025-07-24 22:41:56,489 - __main__ - ERROR - ❌ Error in application cycle: [Errno 32] Broken pipe
2025-07-24 22:41:56,490 - __main__ - INFO - ⏳ Waiting 2 minutes before retry...
2025-07-24 22:43:56,493 - __main__ - INFO - 🔍 Looking for job opportunities (attempt 1)...
2025-07-24 22:43:58,539 - __main__ - ERROR - ❌ Error in application cycle: [Errno 32] Broken pipe
2025-07-24 22:43:58,542 - __main__ - INFO - ⏳ Waiting 2 minutes before retry...
2025-07-24 22:45:58,544 - __main__ - INFO - 🔍 Looking for job opportunities (attempt 1)...
2025-07-24 22:46:01,349 - __main__ - ERROR - ❌ Error in application cycle: [Errno 32] Broken pipe
2025-07-24 22:46:01,352 - __main__ - INFO - ⏳ Waiting 2 minutes before retry...
2025-07-24 22:48:01,354 - __main__ - INFO - 🔍 Looking for job opportunities (attempt 1)...
2025-07-24 22:48:02,889 - __main__ - ERROR - ❌ Error in application cycle: [Errno 32] Broken pipe
2025-07-24 22:48:02,892 - __main__ - INFO - ⏳ Waiting 2 minutes before retry...
2025-07-24 22:50:02,896 - __main__ - INFO - 🔍 Looking for job opportunities (attempt 1)...
2025-07-24 22:50:04,573 - __main__ - ERROR - ❌ Error in application cycle: [Errno 32] Broken pipe
2025-07-24 22:50:04,576 - __main__ - INFO - ⏳ Waiting 2 minutes before retry...
2025-07-24 22:52:04,578 - __main__ - INFO - 🔍 Looking for job opportunities (attempt 1)...
2025-07-24 22:52:06,528 - __main__ - ERROR - ❌ Error in application cycle: [Errno 32] Broken pipe
2025-07-24 22:52:06,532 - __main__ - INFO - ⏳ Waiting 2 minutes before retry...
2025-07-24 22:54:06,534 - __main__ - INFO - 🔍 Looking for job opportunities (attempt 1)...
2025-07-24 22:54:08,752 - __main__ - ERROR - ❌ Error in application cycle: [Errno 32] Broken pipe
2025-07-24 22:54:08,754 - __main__ - INFO - ⏳ Waiting 2 minutes before retry...
2025-07-24 22:56:08,756 - __main__ - INFO - 🔍 Looking for job opportunities (attempt 1)...
2025-07-24 22:56:10,999 - __main__ - ERROR - ❌ Error in application cycle: [Errno 32] Broken pipe
2025-07-24 22:56:11,002 - __main__ - INFO - ⏳ Waiting 2 minutes before retry...
2025-07-24 22:58:11,005 - __main__ - INFO - 🔍 Looking for job opportunities (attempt 1)...
2025-07-24 22:58:13,814 - __main__ - ERROR - ❌ Error in application cycle: [Errno 32] Broken pipe
2025-07-24 22:58:13,816 - __main__ - INFO - ⏳ Waiting 2 minutes before retry...
2025-07-24 23:00:13,818 - __main__ - INFO - 🔍 Looking for job opportunities (attempt 1)...
2025-07-24 23:00:16,040 - __main__ - ERROR - ❌ Error in application cycle: [Errno 32] Broken pipe
2025-07-24 23:00:16,042 - __main__ - INFO - ⏳ Waiting 2 minutes before retry...
2025-07-24 23:02:16,045 - __main__ - INFO - 🔍 Looking for job opportunities (attempt 1)...
2025-07-24 23:02:17,267 - __main__ - ERROR - ❌ Error in application cycle: [Errno 32] Broken pipe
2025-07-24 23:02:17,269 - __main__ - INFO - ⏳ Waiting 2 minutes before retry...
2025-07-24 23:04:17,271 - __main__ - INFO - 🔍 Looking for job opportunities (attempt 1)...
2025-07-24 23:04:19,431 - __main__ - ERROR - ❌ Error in application cycle: [Errno 32] Broken pipe
2025-07-24 23:04:19,433 - __main__ - INFO - ⏳ Waiting 2 minutes before retry...
2025-07-24 23:06:19,435 - __main__ - INFO - 🔍 Looking for job opportunities (attempt 1)...
2025-07-24 23:06:20,484 - __main__ - ERROR - ❌ Error in application cycle: [Errno 32] Broken pipe
2025-07-24 23:06:20,485 - __main__ - INFO - ⏳ Waiting 2 minutes before retry...
2025-07-24 23:08:20,487 - __main__ - INFO - 🔍 Looking for job opportunities (attempt 1)...
2025-07-24 23:08:22,514 - __main__ - ERROR - ❌ Error in application cycle: [Errno 32] Broken pipe
2025-07-24 23:08:22,516 - __main__ - INFO - ⏳ Waiting 2 minutes before retry...
2025-07-24 23:10:22,519 - __main__ - INFO - 🔍 Looking for job opportunities (attempt 1)...
2025-07-24 23:10:25,001 - __main__ - ERROR - ❌ Error in application cycle: [Errno 32] Broken pipe
2025-07-24 23:10:25,004 - __main__ - INFO - ⏳ Waiting 2 minutes before retry...
2025-07-24 23:12:25,006 - __main__ - INFO - 🔍 Looking for job opportunities (attempt 1)...
2025-07-24 23:12:27,454 - __main__ - ERROR - ❌ Error in application cycle: [Errno 32] Broken pipe
2025-07-24 23:12:27,456 - __main__ - INFO - ⏳ Waiting 2 minutes before retry...
2025-07-24 23:14:27,459 - __main__ - INFO - 🔍 Looking for job opportunities (attempt 1)...
2025-07-24 23:14:28,712 - __main__ - ERROR - ❌ Error in application cycle: [Errno 32] Broken pipe
2025-07-24 23:14:28,715 - __main__ - INFO - ⏳ Waiting 2 minutes before retry...
2025-07-24 23:16:28,718 - __main__ - INFO - 🔍 Looking for job opportunities (attempt 1)...
2025-07-24 23:16:30,642 - __main__ - ERROR - ❌ Error in application cycle: [Errno 32] Broken pipe
2025-07-24 23:16:30,646 - __main__ - INFO - ⏳ Waiting 2 minutes before retry...
2025-07-24 23:18:30,650 - __main__ - INFO - 🔍 Looking for job opportunities (attempt 1)...
2025-07-24 23:18:32,435 - __main__ - ERROR - ❌ Error in application cycle: [Errno 32] Broken pipe
2025-07-24 23:18:32,437 - __main__ - INFO - ⏳ Waiting 2 minutes before retry...
2025-07-24 23:20:32,439 - __main__ - INFO - 🔍 Looking for job opportunities (attempt 1)...
2025-07-24 23:20:34,972 - __main__ - ERROR - ❌ Error in application cycle: [Errno 32] Broken pipe
2025-07-24 23:20:34,976 - __main__ - INFO - ⏳ Waiting 2 minutes before retry...
2025-07-24 23:22:34,981 - __main__ - INFO - 🔍 Looking for job opportunities (attempt 1)...
2025-07-24 23:22:37,853 - __main__ - ERROR - ❌ Error in application cycle: [Errno 32] Broken pipe
2025-07-24 23:22:37,855 - __main__ - INFO - ⏳ Waiting 2 minutes before retry...
2025-07-24 23:24:37,858 - __main__ - INFO - 🔍 Looking for job opportunities (attempt 1)...
2025-07-24 23:24:40,727 - __main__ - ERROR - ❌ Error in application cycle: [Errno 32] Broken pipe
2025-07-24 23:24:40,730 - __main__ - INFO - ⏳ Waiting 2 minutes before retry...
2025-07-24 23:26:40,733 - __main__ - INFO - 🔍 Looking for job opportunities (attempt 1)...
2025-07-24 23:26:42,119 - __main__ - ERROR - ❌ Error in application cycle: [Errno 32] Broken pipe
2025-07-24 23:26:42,121 - __main__ - INFO - ⏳ Waiting 2 minutes before retry...
2025-07-24 23:28:42,124 - __main__ - INFO - 🔍 Looking for job opportunities (attempt 1)...
2025-07-24 23:28:45,124 - __main__ - ERROR - ❌ Error in application cycle: [Errno 32] Broken pipe
2025-07-24 23:28:45,127 - __main__ - INFO - ⏳ Waiting 2 minutes before retry...
2025-07-24 23:30:45,130 - __main__ - INFO - 🔍 Looking for job opportunities (attempt 1)...
2025-07-24 23:30:48,102 - __main__ - ERROR - ❌ Error in application cycle: [Errno 32] Broken pipe
2025-07-24 23:30:48,104 - __main__ - INFO - ⏳ Waiting 2 minutes before retry...
2025-07-24 23:32:48,107 - __main__ - INFO - 🔍 Looking for job opportunities (attempt 1)...
2025-07-24 23:32:50,326 - __main__ - ERROR - ❌ Error in application cycle: [Errno 32] Broken pipe
2025-07-24 23:32:50,329 - __main__ - INFO - ⏳ Waiting 2 minutes before retry...
2025-07-24 23:34:50,331 - __main__ - INFO - 🔍 Looking for job opportunities (attempt 1)...
2025-07-24 23:34:52,865 - __main__ - ERROR - ❌ Error in application cycle: [Errno 32] Broken pipe
2025-07-24 23:34:52,868 - __main__ - INFO - ⏳ Waiting 2 minutes before retry...
2025-07-24 23:36:52,818 - __main__ - INFO - 🔍 Looking for job opportunities (attempt 1)...
2025-07-24 23:36:54,566 - __main__ - ERROR - ❌ Error in application cycle: [Errno 32] Broken pipe
2025-07-24 23:36:54,568 - __main__ - INFO - ⏳ Waiting 2 minutes before retry...
2025-07-24 23:38:54,569 - __main__ - INFO - 🔍 Looking for job opportunities (attempt 1)...
2025-07-24 23:38:55,631 - __main__ - ERROR - ❌ Error in application cycle: [Errno 32] Broken pipe
2025-07-24 23:38:55,634 - __main__ - INFO - ⏳ Waiting 2 minutes before retry...
2025-07-24 23:40:55,637 - __main__ - INFO - 🔍 Looking for job opportunities (attempt 1)...
2025-07-24 23:40:57,957 - __main__ - ERROR - ❌ Error in application cycle: [Errno 32] Broken pipe
2025-07-24 23:40:57,960 - __main__ - INFO - ⏳ Waiting 2 minutes before retry...
2025-07-24 23:42:57,963 - __main__ - INFO - 🔍 Looking for job opportunities (attempt 1)...
2025-07-24 23:43:00,860 - __main__ - ERROR - ❌ Error in application cycle: [Errno 32] Broken pipe
2025-07-24 23:43:00,863 - __main__ - INFO - ⏳ Waiting 2 minutes before retry...
2025-07-24 23:45:00,864 - __main__ - INFO - 🔍 Looking for job opportunities (attempt 1)...
2025-07-24 23:45:02,740 - __main__ - ERROR - ❌ Error in application cycle: [Errno 32] Broken pipe
2025-07-24 23:45:02,741 - __main__ - INFO - ⏳ Waiting 2 minutes before retry...
2025-07-24 23:47:02,742 - __main__ - INFO - 🔍 Looking for job opportunities (attempt 1)...
2025-07-24 23:47:04,072 - __main__ - ERROR - ❌ Error in application cycle: [Errno 32] Broken pipe
2025-07-24 23:47:04,075 - __main__ - INFO - ⏳ Waiting 2 minutes before retry...
2025-07-24 23:49:04,077 - __main__ - INFO - 🔍 Looking for job opportunities (attempt 1)...
2025-07-24 23:49:05,914 - __main__ - ERROR - ❌ Error in application cycle: [Errno 32] Broken pipe
2025-07-24 23:49:05,917 - __main__ - INFO - ⏳ Waiting 2 minutes before retry...
2025-07-24 23:51:05,918 - __main__ - INFO - 🔍 Looking for job opportunities (attempt 1)...
2025-07-24 23:51:07,709 - __main__ - ERROR - ❌ Error in application cycle: [Errno 32] Broken pipe
2025-07-24 23:51:07,712 - __main__ - INFO - ⏳ Waiting 2 minutes before retry...
2025-07-24 23:53:07,714 - __main__ - INFO - 🔍 Looking for job opportunities (attempt 1)...
2025-07-24 23:53:09,867 - __main__ - ERROR - ❌ Error in application cycle: [Errno 32] Broken pipe
2025-07-24 23:53:09,870 - __main__ - INFO - ⏳ Waiting 2 minutes before retry...
2025-07-24 23:55:09,871 - __main__ - INFO - 🔍 Looking for job opportunities (attempt 1)...
2025-07-24 23:55:11,747 - __main__ - ERROR - ❌ Error in application cycle: [Errno 32] Broken pipe
2025-07-24 23:55:11,749 - __main__ - INFO - ⏳ Waiting 2 minutes before retry...
2025-07-24 23:57:11,751 - __main__ - INFO - 🔍 Looking for job opportunities (attempt 1)...
2025-07-24 23:57:12,839 - __main__ - ERROR - ❌ Error in application cycle: [Errno 32] Broken pipe
2025-07-24 23:57:12,842 - __main__ - INFO - ⏳ Waiting 2 minutes before retry...
2025-07-24 23:59:12,843 - __main__ - INFO - 🔍 Looking for job opportunities (attempt 1)...
2025-07-24 23:59:14,849 - __main__ - ERROR - ❌ Error in application cycle: [Errno 32] Broken pipe
2025-07-24 23:59:14,852 - __main__ - INFO - ⏳ Waiting 2 minutes before retry...
2025-07-25 00:01:14,854 - __main__ - INFO - 🔍 Looking for job opportunities (attempt 1)...
2025-07-25 00:01:16,239 - __main__ - ERROR - ❌ Error in application cycle: [Errno 32] Broken pipe
2025-07-25 00:01:16,242 - __main__ - INFO - ⏳ Waiting 2 minutes before retry...
2025-07-25 00:03:16,244 - __main__ - INFO - 🔍 Looking for job opportunities (attempt 1)...
2025-07-25 00:03:18,440 - __main__ - ERROR - ❌ Error in application cycle: [Errno 32] Broken pipe
2025-07-25 00:03:18,443 - __main__ - INFO - ⏳ Waiting 2 minutes before retry...
2025-07-25 00:05:18,452 - __main__ - INFO - 🔍 Looking for job opportunities (attempt 1)...
2025-07-25 00:05:20,932 - __main__ - ERROR - ❌ Error in application cycle: [Errno 32] Broken pipe
2025-07-25 00:05:20,934 - __main__ - INFO - ⏳ Waiting 2 minutes before retry...
2025-07-25 00:07:20,936 - __main__ - INFO - 🔍 Looking for job opportunities (attempt 1)...
2025-07-25 00:07:23,377 - __main__ - ERROR - ❌ Error in application cycle: [Errno 32] Broken pipe
2025-07-25 00:07:23,382 - __main__ - INFO - ⏳ Waiting 2 minutes before retry...
2025-07-25 00:09:23,383 - __main__ - INFO - 🔍 Looking for job opportunities (attempt 1)...
2025-07-25 00:09:26,343 - __main__ - ERROR - ❌ Error in application cycle: [Errno 32] Broken pipe
2025-07-25 00:09:26,346 - __main__ - INFO - ⏳ Waiting 2 minutes before retry...
2025-07-25 00:11:26,348 - __main__ - INFO - 🔍 Looking for job opportunities (attempt 1)...
2025-07-25 00:11:28,660 - __main__ - ERROR - ❌ Error in application cycle: [Errno 32] Broken pipe
2025-07-25 00:11:28,663 - __main__ - INFO - ⏳ Waiting 2 minutes before retry...
2025-07-25 00:13:28,664 - __main__ - INFO - 🔍 Looking for job opportunities (attempt 1)...
2025-07-25 00:13:30,216 - __main__ - ERROR - ❌ Error in application cycle: [Errno 32] Broken pipe
2025-07-25 00:13:30,219 - __main__ - INFO - ⏳ Waiting 2 minutes before retry...
2025-07-25 00:15:30,221 - __main__ - INFO - 🔍 Looking for job opportunities (attempt 1)...
2025-07-25 00:15:31,233 - __main__ - ERROR - ❌ Error in application cycle: [Errno 32] Broken pipe
2025-07-25 00:15:31,234 - __main__ - INFO - ⏳ Waiting 2 minutes before retry...
2025-07-25 00:17:31,238 - __main__ - INFO - 🔍 Looking for job opportunities (attempt 1)...
2025-07-25 00:17:33,738 - __main__ - ERROR - ❌ Error in application cycle: [Errno 32] Broken pipe
2025-07-25 00:17:33,740 - __main__ - INFO - ⏳ Waiting 2 minutes before retry...
2025-07-25 00:19:33,742 - __main__ - INFO - 🔍 Looking for job opportunities (attempt 1)...
2025-07-25 00:19:36,557 - __main__ - ERROR - ❌ Error in application cycle: [Errno 32] Broken pipe
2025-07-25 00:19:36,561 - __main__ - INFO - ⏳ Waiting 2 minutes before retry...
2025-07-25 00:21:36,563 - __main__ - INFO - 🔍 Looking for job opportunities (attempt 1)...
2025-07-25 00:21:38,161 - __main__ - ERROR - ❌ Error in application cycle: [Errno 32] Broken pipe
2025-07-25 00:21:38,164 - __main__ - INFO - ⏳ Waiting 2 minutes before retry...
2025-07-25 00:23:38,166 - __main__ - INFO - 🔍 Looking for job opportunities (attempt 1)...
2025-07-25 00:23:40,315 - __main__ - ERROR - ❌ Error in application cycle: [Errno 32] Broken pipe
2025-07-25 00:23:40,318 - __main__ - INFO - ⏳ Waiting 2 minutes before retry...
2025-07-25 00:25:40,318 - __main__ - INFO - 🔍 Looking for job opportunities (attempt 1)...
2025-07-25 00:25:42,278 - __main__ - ERROR - ❌ Error in application cycle: [Errno 32] Broken pipe
2025-07-25 00:25:42,281 - __main__ - INFO - ⏳ Waiting 2 minutes before retry...
2025-07-25 00:27:42,283 - __main__ - INFO - 🔍 Looking for job opportunities (attempt 1)...
2025-07-25 00:27:43,483 - __main__ - ERROR - ❌ Error in application cycle: [Errno 32] Broken pipe
2025-07-25 00:27:43,486 - __main__ - INFO - ⏳ Waiting 2 minutes before retry...
2025-07-25 00:29:43,488 - __main__ - INFO - 🔍 Looking for job opportunities (attempt 1)...
2025-07-25 00:29:45,620 - __main__ - ERROR - ❌ Error in application cycle: [Errno 32] Broken pipe
2025-07-25 00:29:45,622 - __main__ - INFO - ⏳ Waiting 2 minutes before retry...
2025-07-25 00:31:45,624 - __main__ - INFO - 🔍 Looking for job opportunities (attempt 1)...
2025-07-25 00:31:46,951 - __main__ - ERROR - ❌ Error in application cycle: [Errno 32] Broken pipe
2025-07-25 00:31:46,954 - __main__ - INFO - ⏳ Waiting 2 minutes before retry...
2025-07-25 00:33:46,956 - __main__ - INFO - 🔍 Looking for job opportunities (attempt 1)...
2025-07-25 00:33:49,792 - __main__ - ERROR - ❌ Error in application cycle: [Errno 32] Broken pipe
2025-07-25 00:33:49,795 - __main__ - INFO - ⏳ Waiting 2 minutes before retry...
2025-07-25 00:35:49,797 - __main__ - INFO - 🔍 Looking for job opportunities (attempt 1)...
2025-07-25 00:35:51,079 - __main__ - ERROR - ❌ Error in application cycle: [Errno 32] Broken pipe
2025-07-25 00:35:51,082 - __main__ - INFO - ⏳ Waiting 2 minutes before retry...
2025-07-25 00:37:51,084 - __main__ - INFO - 🔍 Looking for job opportunities (attempt 1)...
2025-07-25 00:37:52,664 - __main__ - ERROR - ❌ Error in application cycle: [Errno 32] Broken pipe
2025-07-25 00:37:52,667 - __main__ - INFO - ⏳ Waiting 2 minutes before retry...
2025-07-25 00:39:52,667 - __main__ - INFO - 🔍 Looking for job opportunities (attempt 1)...
2025-07-25 00:39:53,838 - __main__ - ERROR - ❌ Error in application cycle: [Errno 32] Broken pipe
2025-07-25 00:39:53,842 - __main__ - INFO - ⏳ Waiting 2 minutes before retry...
2025-07-25 00:41:53,843 - __main__ - INFO - 🔍 Looking for job opportunities (attempt 1)...
2025-07-25 00:41:54,868 - __main__ - ERROR - ❌ Error in application cycle: [Errno 32] Broken pipe
2025-07-25 00:41:54,872 - __main__ - INFO - ⏳ Waiting 2 minutes before retry...
2025-07-25 00:43:54,873 - __main__ - INFO - 🔍 Looking for job opportunities (attempt 1)...
2025-07-25 00:43:57,104 - __main__ - ERROR - ❌ Error in application cycle: [Errno 32] Broken pipe
2025-07-25 00:43:57,107 - __main__ - INFO - ⏳ Waiting 2 minutes before retry...
2025-07-25 00:45:57,108 - __main__ - INFO - 🔍 Looking for job opportunities (attempt 1)...
2025-07-25 00:45:59,118 - __main__ - ERROR - ❌ Error in application cycle: [Errno 32] Broken pipe
2025-07-25 00:45:59,120 - __main__ - INFO - ⏳ Waiting 2 minutes before retry...
2025-07-25 00:47:59,129 - __main__ - INFO - 🔍 Looking for job opportunities (attempt 1)...
2025-07-25 00:48:00,347 - __main__ - ERROR - ❌ Error in application cycle: [Errno 32] Broken pipe
2025-07-25 00:48:00,349 - __main__ - INFO - ⏳ Waiting 2 minutes before retry...
2025-07-25 00:50:00,351 - __main__ - INFO - 🔍 Looking for job opportunities (attempt 1)...
2025-07-25 00:50:01,796 - __main__ - ERROR - ❌ Error in application cycle: [Errno 32] Broken pipe
2025-07-25 00:50:01,799 - __main__ - INFO - ⏳ Waiting 2 minutes before retry...
2025-07-25 00:52:01,800 - __main__ - INFO - 🔍 Looking for job opportunities (attempt 1)...
2025-07-25 00:52:03,099 - __main__ - ERROR - ❌ Error in application cycle: [Errno 32] Broken pipe
2025-07-25 00:52:03,102 - __main__ - INFO - ⏳ Waiting 2 minutes before retry...
2025-07-25 00:54:03,104 - __main__ - INFO - 🔍 Looking for job opportunities (attempt 1)...
2025-07-25 00:54:05,010 - __main__ - ERROR - ❌ Error in application cycle: [Errno 32] Broken pipe
2025-07-25 00:54:05,014 - __main__ - INFO - ⏳ Waiting 2 minutes before retry...
2025-07-25 00:56:05,016 - __main__ - INFO - 🔍 Looking for job opportunities (attempt 1)...
2025-07-25 00:56:06,280 - __main__ - ERROR - ❌ Error in application cycle: [Errno 32] Broken pipe
2025-07-25 00:56:06,282 - __main__ - INFO - ⏳ Waiting 2 minutes before retry...
2025-07-25 00:58:06,284 - __main__ - INFO - 🔍 Looking for job opportunities (attempt 1)...
2025-07-25 00:58:08,665 - __main__ - ERROR - ❌ Error in application cycle: [Errno 32] Broken pipe
2025-07-25 00:58:08,668 - __main__ - INFO - ⏳ Waiting 2 minutes before retry...
2025-07-25 01:00:08,670 - __main__ - INFO - 🔍 Looking for job opportunities (attempt 1)...
2025-07-25 01:00:11,418 - __main__ - ERROR - ❌ Error in application cycle: [Errno 32] Broken pipe
2025-07-25 01:00:11,421 - __main__ - INFO - ⏳ Waiting 2 minutes before retry...
2025-07-25 01:02:11,423 - __main__ - INFO - 🔍 Looking for job opportunities (attempt 1)...
2025-07-25 01:02:13,146 - __main__ - ERROR - ❌ Error in application cycle: [Errno 32] Broken pipe
2025-07-25 01:02:13,147 - __main__ - INFO - ⏳ Waiting 2 minutes before retry...
2025-07-25 01:04:13,149 - __main__ - INFO - 🔍 Looking for job opportunities (attempt 1)...
2025-07-25 01:04:14,898 - __main__ - ERROR - ❌ Error in application cycle: [Errno 32] Broken pipe
2025-07-25 01:04:14,900 - __main__ - INFO - ⏳ Waiting 2 minutes before retry...
2025-07-25 01:06:14,904 - __main__ - INFO - 🔍 Looking for job opportunities (attempt 1)...
2025-07-25 01:06:17,188 - __main__ - ERROR - ❌ Error in application cycle: [Errno 32] Broken pipe
2025-07-25 01:06:17,190 - __main__ - INFO - ⏳ Waiting 2 minutes before retry...
2025-07-25 01:08:17,192 - __main__ - INFO - 🔍 Looking for job opportunities (attempt 1)...
2025-07-25 01:08:19,911 - __main__ - ERROR - ❌ Error in application cycle: [Errno 32] Broken pipe
2025-07-25 01:08:19,914 - __main__ - INFO - ⏳ Waiting 2 minutes before retry...
2025-07-25 01:10:19,916 - __main__ - INFO - 🔍 Looking for job opportunities (attempt 1)...
2025-07-25 01:10:21,182 - __main__ - ERROR - ❌ Error in application cycle: [Errno 32] Broken pipe
2025-07-25 01:10:21,185 - __main__ - INFO - ⏳ Waiting 2 minutes before retry...
2025-07-25 01:12:21,187 - __main__ - INFO - 🔍 Looking for job opportunities (attempt 1)...
2025-07-25 01:12:23,954 - __main__ - ERROR - ❌ Error in application cycle: [Errno 32] Broken pipe
2025-07-25 01:12:23,956 - __main__ - INFO - ⏳ Waiting 2 minutes before retry...
2025-07-25 01:14:23,959 - __main__ - INFO - 🔍 Looking for job opportunities (attempt 1)...
2025-07-25 01:14:25,850 - __main__ - ERROR - ❌ Error in application cycle: [Errno 32] Broken pipe
2025-07-25 01:14:25,853 - __main__ - INFO - ⏳ Waiting 2 minutes before retry...
2025-07-25 01:16:25,863 - __main__ - INFO - 🔍 Looking for job opportunities (attempt 1)...
2025-07-25 01:16:28,712 - __main__ - ERROR - ❌ Error in application cycle: [Errno 32] Broken pipe
2025-07-25 01:16:28,714 - __main__ - INFO - ⏳ Waiting 2 minutes before retry...
2025-07-25 01:18:28,715 - __main__ - INFO - 🔍 Looking for job opportunities (attempt 1)...
2025-07-25 01:18:31,474 - __main__ - ERROR - ❌ Error in application cycle: [Errno 32] Broken pipe
2025-07-25 01:18:31,477 - __main__ - INFO - ⏳ Waiting 2 minutes before retry...
2025-07-25 01:20:31,481 - __main__ - INFO - 🔍 Looking for job opportunities (attempt 1)...
2025-07-25 01:20:34,195 - __main__ - ERROR - ❌ Error in application cycle: [Errno 32] Broken pipe
2025-07-25 01:20:34,198 - __main__ - INFO - ⏳ Waiting 2 minutes before retry...
2025-07-25 01:22:34,200 - __main__ - INFO - 🔍 Looking for job opportunities (attempt 1)...
2025-07-25 01:22:36,433 - __main__ - ERROR - ❌ Error in application cycle: [Errno 32] Broken pipe
2025-07-25 01:22:36,435 - __main__ - INFO - ⏳ Waiting 2 minutes before retry...
2025-07-25 01:24:36,440 - __main__ - INFO - 🔍 Looking for job opportunities (attempt 1)...
2025-07-25 01:24:37,701 - __main__ - ERROR - ❌ Error in application cycle: [Errno 32] Broken pipe
2025-07-25 01:24:37,703 - __main__ - INFO - ⏳ Waiting 2 minutes before retry...
2025-07-25 01:26:37,705 - __main__ - INFO - 🔍 Looking for job opportunities (attempt 1)...
2025-07-25 01:26:40,055 - __main__ - ERROR - ❌ Error in application cycle: [Errno 32] Broken pipe
2025-07-25 01:26:40,058 - __main__ - INFO - ⏳ Waiting 2 minutes before retry...
2025-07-25 01:28:40,060 - __main__ - INFO - 🔍 Looking for job opportunities (attempt 1)...
2025-07-25 01:28:41,770 - __main__ - ERROR - ❌ Error in application cycle: [Errno 32] Broken pipe
2025-07-25 01:28:41,772 - __main__ - INFO - ⏳ Waiting 2 minutes before retry...
2025-07-25 01:30:41,775 - __main__ - INFO - 🔍 Looking for job opportunities (attempt 1)...
2025-07-25 01:30:43,783 - __main__ - ERROR - ❌ Error in application cycle: [Errno 32] Broken pipe
2025-07-25 01:30:43,786 - __main__ - INFO - ⏳ Waiting 2 minutes before retry...
2025-07-25 01:32:43,788 - __main__ - INFO - 🔍 Looking for job opportunities (attempt 1)...
2025-07-25 01:32:45,548 - __main__ - ERROR - ❌ Error in application cycle: [Errno 32] Broken pipe
2025-07-25 01:32:45,551 - __main__ - INFO - ⏳ Waiting 2 minutes before retry...
2025-07-25 01:34:45,553 - __main__ - INFO - 🔍 Looking for job opportunities (attempt 1)...
2025-07-25 01:34:47,968 - __main__ - ERROR - ❌ Error in application cycle: [Errno 32] Broken pipe
2025-07-25 01:34:47,970 - __main__ - INFO - ⏳ Waiting 2 minutes before retry...
2025-07-25 01:36:47,973 - __main__ - INFO - 🔍 Looking for job opportunities (attempt 1)...
2025-07-25 01:36:49,843 - __main__ - ERROR - ❌ Error in application cycle: [Errno 32] Broken pipe
2025-07-25 01:36:49,845 - __main__ - INFO - ⏳ Waiting 2 minutes before retry...
2025-07-25 01:38:49,848 - __main__ - INFO - 🔍 Looking for job opportunities (attempt 1)...
2025-07-25 01:38:52,503 - __main__ - ERROR - ❌ Error in application cycle: [Errno 32] Broken pipe
2025-07-25 01:38:52,505 - __main__ - INFO - ⏳ Waiting 2 minutes before retry...
2025-07-25 01:40:52,506 - __main__ - INFO - 🔍 Looking for job opportunities (attempt 1)...
2025-07-25 01:40:55,288 - __main__ - ERROR - ❌ Error in application cycle: [Errno 32] Broken pipe
2025-07-25 01:40:55,291 - __main__ - INFO - ⏳ Waiting 2 minutes before retry...
2025-07-25 01:42:55,291 - __main__ - INFO - 🔍 Looking for job opportunities (attempt 1)...
2025-07-25 01:42:56,909 - __main__ - ERROR - ❌ Error in application cycle: [Errno 32] Broken pipe
2025-07-25 01:42:56,912 - __main__ - INFO - ⏳ Waiting 2 minutes before retry...
2025-07-25 01:44:56,914 - __main__ - INFO - 🔍 Looking for job opportunities (attempt 1)...
2025-07-25 01:44:59,214 - __main__ - ERROR - ❌ Error in application cycle: [Errno 32] Broken pipe
2025-07-25 01:44:59,216 - __main__ - INFO - ⏳ Waiting 2 minutes before retry...
2025-07-25 01:46:59,222 - __main__ - INFO - 🔍 Looking for job opportunities (attempt 1)...
2025-07-25 01:47:01,957 - __main__ - ERROR - ❌ Error in application cycle: [Errno 32] Broken pipe
2025-07-25 01:47:01,959 - __main__ - INFO - ⏳ Waiting 2 minutes before retry...
2025-07-25 01:49:01,962 - __main__ - INFO - 🔍 Looking for job opportunities (attempt 1)...
2025-07-25 01:49:03,186 - __main__ - ERROR - ❌ Error in application cycle: [Errno 32] Broken pipe
2025-07-25 01:49:03,189 - __main__ - INFO - ⏳ Waiting 2 minutes before retry...
2025-07-25 01:51:03,191 - __main__ - INFO - 🔍 Looking for job opportunities (attempt 1)...
2025-07-25 01:51:05,579 - __main__ - ERROR - ❌ Error in application cycle: [Errno 32] Broken pipe
2025-07-25 01:51:05,582 - __main__ - INFO - ⏳ Waiting 2 minutes before retry...
2025-07-25 01:53:05,584 - __main__ - INFO - 🔍 Looking for job opportunities (attempt 1)...
2025-07-25 01:53:06,819 - __main__ - ERROR - ❌ Error in application cycle: [Errno 32] Broken pipe
2025-07-25 01:53:06,821 - __main__ - INFO - ⏳ Waiting 2 minutes before retry...
2025-07-25 01:55:06,824 - __main__ - INFO - 🔍 Looking for job opportunities (attempt 1)...
2025-07-25 01:55:09,188 - __main__ - ERROR - ❌ Error in application cycle: [Errno 32] Broken pipe
2025-07-25 01:55:09,191 - __main__ - INFO - ⏳ Waiting 2 minutes before retry...
2025-07-25 01:57:09,194 - __main__ - INFO - 🔍 Looking for job opportunities (attempt 1)...
2025-07-25 01:57:10,721 - __main__ - ERROR - ❌ Error in application cycle: [Errno 32] Broken pipe
2025-07-25 01:57:10,724 - __main__ - INFO - ⏳ Waiting 2 minutes before retry...
2025-07-25 01:59:10,726 - __main__ - INFO - 🔍 Looking for job opportunities (attempt 1)...
2025-07-25 01:59:13,659 - __main__ - ERROR - ❌ Error in application cycle: [Errno 32] Broken pipe
2025-07-25 01:59:13,661 - __main__ - INFO - ⏳ Waiting 2 minutes before retry...
2025-07-25 02:01:13,665 - __main__ - INFO - 🔍 Looking for job opportunities (attempt 1)...
2025-07-25 02:01:16,537 - __main__ - ERROR - ❌ Error in application cycle: [Errno 32] Broken pipe
2025-07-25 02:01:16,539 - __main__ - INFO - ⏳ Waiting 2 minutes before retry...
2025-07-25 02:03:16,541 - __main__ - INFO - 🔍 Looking for job opportunities (attempt 1)...
2025-07-25 02:03:18,892 - __main__ - ERROR - ❌ Error in application cycle: [Errno 32] Broken pipe
2025-07-25 02:03:18,894 - __main__ - INFO - ⏳ Waiting 2 minutes before retry...
2025-07-25 02:05:18,896 - __main__ - INFO - 🔍 Looking for job opportunities (attempt 1)...
2025-07-25 02:05:21,018 - __main__ - ERROR - ❌ Error in application cycle: [Errno 32] Broken pipe
2025-07-25 02:05:21,020 - __main__ - INFO - ⏳ Waiting 2 minutes before retry...
2025-07-25 02:07:21,022 - __main__ - INFO - 🔍 Looking for job opportunities (attempt 1)...
2025-07-25 02:07:22,746 - __main__ - ERROR - ❌ Error in application cycle: [Errno 32] Broken pipe
2025-07-25 02:07:22,747 - __main__ - INFO - ⏳ Waiting 2 minutes before retry...
2025-07-25 02:09:22,758 - __main__ - INFO - 🔍 Looking for job opportunities (attempt 1)...
2025-07-25 02:09:25,661 - __main__ - ERROR - ❌ Error in application cycle: [Errno 32] Broken pipe
2025-07-25 02:09:25,664 - __main__ - INFO - ⏳ Waiting 2 minutes before retry...
2025-07-25 02:11:25,668 - __main__ - INFO - 🔍 Looking for job opportunities (attempt 1)...
2025-07-25 02:11:28,182 - __main__ - ERROR - ❌ Error in application cycle: [Errno 32] Broken pipe
2025-07-25 02:11:28,186 - __main__ - INFO - ⏳ Waiting 2 minutes before retry...
2025-07-25 02:13:28,188 - __main__ - INFO - 🔍 Looking for job opportunities (attempt 1)...
2025-07-25 02:13:29,930 - __main__ - ERROR - ❌ Error in application cycle: [Errno 32] Broken pipe
2025-07-25 02:13:29,933 - __main__ - INFO - ⏳ Waiting 2 minutes before retry...
2025-07-25 02:15:29,935 - __main__ - INFO - 🔍 Looking for job opportunities (attempt 1)...
2025-07-25 02:15:32,144 - __main__ - ERROR - ❌ Error in application cycle: [Errno 32] Broken pipe
2025-07-25 02:15:32,147 - __main__ - INFO - ⏳ Waiting 2 minutes before retry...
2025-07-25 02:17:32,149 - __main__ - INFO - 🔍 Looking for job opportunities (attempt 1)...
2025-07-25 02:17:34,908 - __main__ - ERROR - ❌ Error in application cycle: [Errno 32] Broken pipe
2025-07-25 02:17:34,911 - __main__ - INFO - ⏳ Waiting 2 minutes before retry...
2025-07-25 02:19:34,912 - __main__ - INFO - 🔍 Looking for job opportunities (attempt 1)...
2025-07-25 02:19:36,273 - __main__ - ERROR - ❌ Error in application cycle: [Errno 32] Broken pipe
2025-07-25 02:19:36,276 - __main__ - INFO - ⏳ Waiting 2 minutes before retry...
2025-07-25 02:21:36,279 - __main__ - INFO - 🔍 Looking for job opportunities (attempt 1)...
2025-07-25 02:21:37,678 - __main__ - ERROR - ❌ Error in application cycle: [Errno 32] Broken pipe
2025-07-25 02:21:37,681 - __main__ - INFO - ⏳ Waiting 2 minutes before retry...
2025-07-25 02:23:37,684 - __main__ - INFO - 🔍 Looking for job opportunities (attempt 1)...
2025-07-25 02:23:39,788 - __main__ - ERROR - ❌ Error in application cycle: [Errno 32] Broken pipe
2025-07-25 02:23:39,791 - __main__ - INFO - ⏳ Waiting 2 minutes before retry...
2025-07-25 02:25:39,794 - __main__ - INFO - 🔍 Looking for job opportunities (attempt 1)...
2025-07-25 02:25:40,874 - __main__ - ERROR - ❌ Error in application cycle: [Errno 32] Broken pipe
2025-07-25 02:25:40,877 - __main__ - INFO - ⏳ Waiting 2 minutes before retry...
2025-07-25 02:27:40,879 - __main__ - INFO - 🔍 Looking for job opportunities (attempt 1)...
2025-07-25 02:27:43,246 - __main__ - ERROR - ❌ Error in application cycle: [Errno 32] Broken pipe
2025-07-25 02:27:43,248 - __main__ - INFO - ⏳ Waiting 2 minutes before retry...
2025-07-25 02:29:43,251 - __main__ - INFO - 🔍 Looking for job opportunities (attempt 1)...
2025-07-25 02:29:45,638 - __main__ - ERROR - ❌ Error in application cycle: [Errno 32] Broken pipe
2025-07-25 02:29:45,642 - __main__ - INFO - ⏳ Waiting 2 minutes before retry...
2025-07-25 02:31:45,644 - __main__ - INFO - 🔍 Looking for job opportunities (attempt 1)...
2025-07-25 02:31:47,097 - __main__ - ERROR - ❌ Error in application cycle: [Errno 32] Broken pipe
2025-07-25 02:31:47,099 - __main__ - INFO - ⏳ Waiting 2 minutes before retry...
2025-07-25 02:33:47,102 - __main__ - INFO - 🔍 Looking for job opportunities (attempt 1)...
2025-07-25 02:33:49,789 - __main__ - ERROR - ❌ Error in application cycle: [Errno 32] Broken pipe
2025-07-25 02:33:49,792 - __main__ - INFO - ⏳ Waiting 2 minutes before retry...
2025-07-25 02:35:49,790 - __main__ - INFO - 🔍 Looking for job opportunities (attempt 1)...
2025-07-25 02:35:51,933 - __main__ - ERROR - ❌ Error in application cycle: [Errno 32] Broken pipe
2025-07-25 02:35:51,936 - __main__ - INFO - ⏳ Waiting 2 minutes before retry...
2025-07-25 02:37:51,938 - __main__ - INFO - 🔍 Looking for job opportunities (attempt 1)...
2025-07-25 02:37:54,592 - __main__ - ERROR - ❌ Error in application cycle: [Errno 32] Broken pipe
2025-07-25 02:37:54,595 - __main__ - INFO - ⏳ Waiting 2 minutes before retry...
2025-07-25 02:39:54,597 - __main__ - INFO - 🔍 Looking for job opportunities (attempt 1)...
2025-07-25 02:39:56,028 - __main__ - ERROR - ❌ Error in application cycle: [Errno 32] Broken pipe
2025-07-25 02:39:56,029 - __main__ - INFO - ⏳ Waiting 2 minutes before retry...
2025-07-25 02:41:56,032 - __main__ - INFO - 🔍 Looking for job opportunities (attempt 1)...
2025-07-25 02:41:59,028 - __main__ - ERROR - ❌ Error in application cycle: [Errno 32] Broken pipe
2025-07-25 02:41:59,031 - __main__ - INFO - ⏳ Waiting 2 minutes before retry...
2025-07-25 02:43:59,032 - __main__ - INFO - 🔍 Looking for job opportunities (attempt 1)...
2025-07-25 02:44:01,849 - __main__ - ERROR - ❌ Error in application cycle: [Errno 32] Broken pipe
2025-07-25 02:44:01,852 - __main__ - INFO - ⏳ Waiting 2 minutes before retry...
2025-07-25 02:46:01,853 - __main__ - INFO - 🔍 Looking for job opportunities (attempt 1)...
2025-07-25 02:46:03,503 - __main__ - ERROR - ❌ Error in application cycle: [Errno 32] Broken pipe
2025-07-25 02:46:03,505 - __main__ - INFO - ⏳ Waiting 2 minutes before retry...
2025-07-25 02:48:03,508 - __main__ - INFO - 🔍 Looking for job opportunities (attempt 1)...
2025-07-25 02:48:05,670 - __main__ - ERROR - ❌ Error in application cycle: [Errno 32] Broken pipe
2025-07-25 02:48:05,673 - __main__ - INFO - ⏳ Waiting 2 minutes before retry...
2025-07-25 02:50:05,676 - __main__ - INFO - 🔍 Looking for job opportunities (attempt 1)...
2025-07-25 02:50:07,312 - __main__ - ERROR - ❌ Error in application cycle: [Errno 32] Broken pipe
2025-07-25 02:50:07,313 - __main__ - INFO - ⏳ Waiting 2 minutes before retry...
2025-07-25 02:52:07,316 - __main__ - INFO - 🔍 Looking for job opportunities (attempt 1)...
2025-07-25 02:52:09,422 - __main__ - ERROR - ❌ Error in application cycle: [Errno 32] Broken pipe
2025-07-25 02:52:09,424 - __main__ - INFO - ⏳ Waiting 2 minutes before retry...
2025-07-25 02:54:09,427 - __main__ - INFO - 🔍 Looking for job opportunities (attempt 1)...
2025-07-25 02:54:10,497 - __main__ - ERROR - ❌ Error in application cycle: [Errno 32] Broken pipe
2025-07-25 02:54:10,500 - __main__ - INFO - ⏳ Waiting 2 minutes before retry...
2025-07-25 02:56:10,503 - __main__ - INFO - 🔍 Looking for job opportunities (attempt 1)...
2025-07-25 02:56:11,681 - __main__ - ERROR - ❌ Error in application cycle: [Errno 32] Broken pipe
2025-07-25 02:56:11,684 - __main__ - INFO - ⏳ Waiting 2 minutes before retry...
2025-07-25 02:58:11,687 - __main__ - INFO - 🔍 Looking for job opportunities (attempt 1)...
2025-07-25 02:58:13,966 - __main__ - ERROR - ❌ Error in application cycle: [Errno 32] Broken pipe
2025-07-25 02:58:13,969 - __main__ - INFO - ⏳ Waiting 2 minutes before retry...
2025-07-25 03:00:13,972 - __main__ - INFO - 🔍 Looking for job opportunities (attempt 1)...
2025-07-25 03:00:15,035 - __main__ - ERROR - ❌ Error in application cycle: [Errno 32] Broken pipe
2025-07-25 03:00:15,037 - __main__ - INFO - ⏳ Waiting 2 minutes before retry...
2025-07-25 03:02:15,041 - __main__ - INFO - 🔍 Looking for job opportunities (attempt 1)...
2025-07-25 03:02:16,968 - __main__ - ERROR - ❌ Error in application cycle: [Errno 32] Broken pipe
2025-07-25 03:02:16,970 - __main__ - INFO - ⏳ Waiting 2 minutes before retry...
2025-07-25 03:04:16,972 - __main__ - INFO - 🔍 Looking for job opportunities (attempt 1)...
2025-07-25 03:04:19,646 - __main__ - ERROR - ❌ Error in application cycle: [Errno 32] Broken pipe
2025-07-25 03:04:19,648 - __main__ - INFO - ⏳ Waiting 2 minutes before retry...
2025-07-25 03:06:19,651 - __main__ - INFO - 🔍 Looking for job opportunities (attempt 1)...
2025-07-25 03:06:21,710 - __main__ - ERROR - ❌ Error in application cycle: [Errno 32] Broken pipe
2025-07-25 03:06:21,712 - __main__ - INFO - ⏳ Waiting 2 minutes before retry...
2025-07-25 03:08:21,715 - __main__ - INFO - 🔍 Looking for job opportunities (attempt 1)...
2025-07-25 03:08:23,995 - __main__ - ERROR - ❌ Error in application cycle: [Errno 32] Broken pipe
2025-07-25 03:08:23,998 - __main__ - INFO - ⏳ Waiting 2 minutes before retry...
2025-07-25 03:10:23,999 - __main__ - INFO - 🔍 Looking for job opportunities (attempt 1)...
2025-07-25 03:10:26,238 - __main__ - ERROR - ❌ Error in application cycle: [Errno 32] Broken pipe
2025-07-25 03:10:26,242 - __main__ - INFO - ⏳ Waiting 2 minutes before retry...
2025-07-25 03:12:26,246 - __main__ - INFO - 🔍 Looking for job opportunities (attempt 1)...
2025-07-25 03:12:27,466 - __main__ - ERROR - ❌ Error in application cycle: [Errno 32] Broken pipe
2025-07-25 03:12:27,469 - __main__ - INFO - ⏳ Waiting 2 minutes before retry...
2025-07-25 04:03:10,840 - __main__ - INFO - 🔍 Looking for job opportunities (attempt 1)...
2025-07-25 04:11:34,434 - __main__ - ERROR - ❌ Error in application cycle: [Errno 32] Broken pipe
2025-07-25 04:11:34,437 - __main__ - INFO - ⏳ Waiting 2 minutes before retry...
2025-07-25 04:45:12,472 - __main__ - INFO - 🔍 Looking for job opportunities (attempt 1)...
2025-07-25 04:45:13,566 - __main__ - ERROR - ❌ Error in application cycle: [Errno 32] Broken pipe
2025-07-25 04:45:13,568 - __main__ - INFO - ⏳ Waiting 2 minutes before retry...
2025-07-25 06:16:35,600 - __main__ - INFO - 🔍 Looking for job opportunities (attempt 1)...
2025-07-25 06:16:37,070 - __main__ - ERROR - ❌ Error in application cycle: [Errno 32] Broken pipe
2025-07-25 06:16:37,071 - __main__ - INFO - ⏳ Waiting 2 minutes before retry...
2025-07-25 07:17:04,352 - __main__ - INFO - 🔍 Looking for job opportunities (attempt 1)...
2025-07-25 07:17:05,782 - __main__ - ERROR - ❌ Error in application cycle: [Errno 32] Broken pipe
2025-07-25 07:17:05,784 - __main__ - INFO - ⏳ Waiting 2 minutes before retry...
2025-07-25 08:04:04,958 - __main__ - INFO - 🔍 Looking for job opportunities (attempt 1)...
2025-07-25 08:08:40,227 - __main__ - ERROR - ❌ Error in application cycle: [Errno 32] Broken pipe
2025-07-25 08:08:40,228 - __main__ - INFO - ⏳ Waiting 2 minutes before retry...
2025-07-25 09:00:17,285 - __main__ - INFO - 🔍 Looking for job opportunities (attempt 1)...
2025-07-25 09:00:19,274 - __main__ - ERROR - ❌ Error in application cycle: [Errno 32] Broken pipe
2025-07-25 09:00:19,276 - __main__ - INFO - ⏳ Waiting 2 minutes before retry...
2025-07-25 09:10:23,134 - __main__ - INFO - 🔍 Looking for job opportunities (attempt 1)...
2025-07-25 09:10:25,848 - __main__ - ERROR - ❌ Error in application cycle: [Errno 32] Broken pipe
2025-07-25 09:10:25,849 - __main__ - INFO - ⏳ Waiting 2 minutes before retry...
2025-07-25 09:12:25,851 - __main__ - INFO - 🔍 Looking for job opportunities (attempt 1)...
2025-07-25 09:12:28,729 - __main__ - ERROR - ❌ Error in application cycle: [Errno 32] Broken pipe
2025-07-25 09:12:28,730 - __main__ - INFO - ⏳ Waiting 2 minutes before retry...
2025-07-25 09:14:28,733 - __main__ - INFO - 🔍 Looking for job opportunities (attempt 1)...
2025-07-25 09:14:31,643 - __main__ - ERROR - ❌ Error in application cycle: [Errno 32] Broken pipe
2025-07-25 09:14:31,646 - __main__ - INFO - ⏳ Waiting 2 minutes before retry...
2025-07-25 09:16:31,648 - __main__ - INFO - 🔍 Looking for job opportunities (attempt 1)...
2025-07-25 09:16:33,816 - __main__ - ERROR - ❌ Error in application cycle: [Errno 32] Broken pipe
2025-07-25 09:16:33,817 - __main__ - INFO - ⏳ Waiting 2 minutes before retry...
2025-07-25 09:18:33,819 - __main__ - INFO - 🔍 Looking for job opportunities (attempt 1)...
2025-07-25 09:18:35,408 - __main__ - ERROR - ❌ Error in application cycle: [Errno 32] Broken pipe
2025-07-25 09:18:35,410 - __main__ - INFO - ⏳ Waiting 2 minutes before retry...
2025-07-25 09:20:35,412 - __main__ - INFO - 🔍 Looking for job opportunities (attempt 1)...
2025-07-25 09:20:37,758 - __main__ - ERROR - ❌ Error in application cycle: [Errno 32] Broken pipe
2025-07-25 09:20:37,761 - __main__ - INFO - ⏳ Waiting 2 minutes before retry...
2025-07-25 09:22:37,762 - __main__ - INFO - 🔍 Looking for job opportunities (attempt 1)...
2025-07-25 09:22:40,405 - __main__ - ERROR - ❌ Error in application cycle: [Errno 32] Broken pipe
2025-07-25 09:22:40,407 - __main__ - INFO - ⏳ Waiting 2 minutes before retry...
2025-07-25 09:24:40,408 - __main__ - INFO - 🔍 Looking for job opportunities (attempt 1)...
2025-07-25 09:24:41,633 - __main__ - ERROR - ❌ Error in application cycle: [Errno 32] Broken pipe
2025-07-25 09:24:41,636 - __main__ - INFO - ⏳ Waiting 2 minutes before retry...
2025-07-25 09:26:41,637 - __main__ - INFO - 🔍 Looking for job opportunities (attempt 1)...
2025-07-25 09:26:43,558 - __main__ - ERROR - ❌ Error in application cycle: [Errno 32] Broken pipe
2025-07-25 09:26:43,562 - __main__ - INFO - ⏳ Waiting 2 minutes before retry...
2025-07-25 09:28:43,569 - __main__ - INFO - 🔍 Looking for job opportunities (attempt 1)...
2025-07-25 09:28:45,169 - __main__ - ERROR - ❌ Error in application cycle: [Errno 32] Broken pipe
2025-07-25 09:28:45,171 - __main__ - INFO - ⏳ Waiting 2 minutes before retry...
2025-07-25 09:30:45,172 - __main__ - INFO - 🔍 Looking for job opportunities (attempt 1)...
2025-07-25 09:30:47,132 - __main__ - ERROR - ❌ Error in application cycle: [Errno 32] Broken pipe
2025-07-25 09:30:47,134 - __main__ - INFO - ⏳ Waiting 2 minutes before retry...
2025-07-25 09:32:47,134 - __main__ - INFO - 🔍 Looking for job opportunities (attempt 1)...
2025-07-25 09:32:49,106 - __main__ - ERROR - ❌ Error in application cycle: [Errno 32] Broken pipe
2025-07-25 09:32:49,108 - __main__ - INFO - ⏳ Waiting 2 minutes before retry...
2025-07-25 09:34:49,108 - __main__ - INFO - 🔍 Looking for job opportunities (attempt 1)...
2025-07-25 09:34:50,569 - __main__ - ERROR - ❌ Error in application cycle: [Errno 32] Broken pipe
2025-07-25 09:34:50,570 - __main__ - INFO - ⏳ Waiting 2 minutes before retry...
2025-07-25 09:36:50,570 - __main__ - INFO - 🔍 Looking for job opportunities (attempt 1)...
2025-07-25 09:36:52,304 - __main__ - ERROR - ❌ Error in application cycle: [Errno 32] Broken pipe
2025-07-25 09:36:52,305 - __main__ - INFO - ⏳ Waiting 2 minutes before retry...
2025-07-25 09:38:52,306 - __main__ - INFO - 🔍 Looking for job opportunities (attempt 1)...
2025-07-25 09:38:55,252 - __main__ - ERROR - ❌ Error in application cycle: [Errno 32] Broken pipe
2025-07-25 09:38:55,253 - __main__ - INFO - ⏳ Waiting 2 minutes before retry...
2025-07-25 09:40:55,208 - __main__ - INFO - 🔍 Looking for job opportunities (attempt 1)...
2025-07-25 09:40:58,218 - __main__ - ERROR - ❌ Error in application cycle: [Errno 32] Broken pipe
2025-07-25 09:40:58,220 - __main__ - INFO - ⏳ Waiting 2 minutes before retry...
2025-07-25 09:42:58,220 - __main__ - INFO - 🔍 Looking for job opportunities (attempt 1)...
2025-07-25 09:42:59,397 - __main__ - ERROR - ❌ Error in application cycle: [Errno 32] Broken pipe
2025-07-25 09:42:59,400 - __main__ - INFO - ⏳ Waiting 2 minutes before retry...
2025-07-25 09:44:59,400 - __main__ - INFO - 🔍 Looking for job opportunities (attempt 1)...
2025-07-25 09:45:00,924 - __main__ - ERROR - ❌ Error in application cycle: [Errno 32] Broken pipe
2025-07-25 09:45:00,926 - __main__ - INFO - ⏳ Waiting 2 minutes before retry...
2025-07-25 09:47:00,927 - __main__ - INFO - 🔍 Looking for job opportunities (attempt 1)...
2025-07-25 09:47:02,685 - __main__ - ERROR - ❌ Error in application cycle: [Errno 32] Broken pipe
2025-07-25 09:47:02,686 - __main__ - INFO - ⏳ Waiting 2 minutes before retry...
2025-07-25 09:49:02,687 - __main__ - INFO - 🔍 Looking for job opportunities (attempt 1)...
2025-07-25 09:49:04,168 - __main__ - ERROR - ❌ Error in application cycle: [Errno 32] Broken pipe
2025-07-25 09:49:04,169 - __main__ - INFO - ⏳ Waiting 2 minutes before retry...
2025-07-25 09:51:04,168 - __main__ - INFO - 🔍 Looking for job opportunities (attempt 1)...
2025-07-25 09:51:05,524 - __main__ - ERROR - ❌ Error in application cycle: [Errno 32] Broken pipe
2025-07-25 09:51:05,527 - __main__ - INFO - ⏳ Waiting 2 minutes before retry...
2025-07-25 09:53:05,526 - __main__ - INFO - 🔍 Looking for job opportunities (attempt 1)...
2025-07-25 09:53:07,707 - __main__ - ERROR - ❌ Error in application cycle: [Errno 32] Broken pipe
2025-07-25 09:53:07,708 - __main__ - INFO - ⏳ Waiting 2 minutes before retry...
2025-07-25 09:55:07,714 - __main__ - INFO - 🔍 Looking for job opportunities (attempt 1)...
2025-07-25 09:55:09,169 - __main__ - ERROR - ❌ Error in application cycle: [Errno 32] Broken pipe
2025-07-25 09:55:09,173 - __main__ - INFO - ⏳ Waiting 2 minutes before retry...
2025-07-25 09:57:09,176 - __main__ - INFO - 🔍 Looking for job opportunities (attempt 1)...
2025-07-25 09:57:10,729 - __main__ - ERROR - ❌ Error in application cycle: [Errno 32] Broken pipe
2025-07-25 09:57:10,731 - __main__ - INFO - ⏳ Waiting 2 minutes before retry...
2025-07-25 09:59:10,732 - __main__ - INFO - 🔍 Looking for job opportunities (attempt 1)...
2025-07-25 09:59:12,635 - __main__ - ERROR - ❌ Error in application cycle: [Errno 32] Broken pipe
2025-07-25 09:59:12,636 - __main__ - INFO - ⏳ Waiting 2 minutes before retry...
2025-07-25 10:01:12,637 - __main__ - INFO - 🔍 Looking for job opportunities (attempt 1)...
2025-07-25 10:01:14,611 - __main__ - ERROR - ❌ Error in application cycle: [Errno 32] Broken pipe
2025-07-25 10:01:14,613 - __main__ - INFO - ⏳ Waiting 2 minutes before retry...
2025-07-25 10:03:14,612 - __main__ - INFO - 🔍 Looking for job opportunities (attempt 1)...
2025-07-25 10:03:17,404 - __main__ - ERROR - ❌ Error in application cycle: [Errno 32] Broken pipe
2025-07-25 10:03:17,405 - __main__ - INFO - ⏳ Waiting 2 minutes before retry...
2025-07-25 10:05:17,407 - __main__ - INFO - 🔍 Looking for job opportunities (attempt 1)...
2025-07-25 10:05:19,308 - __main__ - ERROR - ❌ Error in application cycle: [Errno 32] Broken pipe
2025-07-25 10:05:19,310 - __main__ - INFO - ⏳ Waiting 2 minutes before retry...
2025-07-25 10:07:19,310 - __main__ - INFO - 🔍 Looking for job opportunities (attempt 1)...
2025-07-25 10:07:21,991 - __main__ - ERROR - ❌ Error in application cycle: [Errno 32] Broken pipe
2025-07-25 10:07:21,993 - __main__ - INFO - ⏳ Waiting 2 minutes before retry...
2025-07-25 10:09:21,993 - __main__ - INFO - 🔍 Looking for job opportunities (attempt 1)...
2025-07-25 10:09:23,027 - __main__ - ERROR - ❌ Error in application cycle: [Errno 32] Broken pipe
2025-07-25 10:09:23,028 - __main__ - INFO - ⏳ Waiting 2 minutes before retry...
2025-07-25 10:11:23,023 - __main__ - INFO - 🔍 Looking for job opportunities (attempt 1)...
2025-07-25 10:11:24,591 - __main__ - ERROR - ❌ Error in application cycle: [Errno 32] Broken pipe
2025-07-25 10:11:24,594 - __main__ - INFO - ⏳ Waiting 2 minutes before retry...
2025-07-25 10:13:24,594 - __main__ - INFO - 🔍 Looking for job opportunities (attempt 1)...
2025-07-25 10:13:26,758 - __main__ - ERROR - ❌ Error in application cycle: [Errno 32] Broken pipe
2025-07-25 10:13:26,760 - __main__ - INFO - ⏳ Waiting 2 minutes before retry...
2025-07-25 10:15:26,761 - __main__ - INFO - 🔍 Looking for job opportunities (attempt 1)...
2025-07-25 10:15:27,794 - urllib3.connectionpool - WARNING - Retrying (Retry(total=2, connect=None, read=None, redirect=None, status=None)) after connection broken by 'NewConnectionError('<urllib3.connection.HTTPConnection object at 0x1210180d0>: Failed to establish a new connection: [Errno 61] Connection refused')': /session/321445064c047f1d14684dff7f6c8e7b/url
2025-07-25 10:15:27,794 - urllib3.connectionpool - WARNING - Retrying (Retry(total=1, connect=None, read=None, redirect=None, status=None)) after connection broken by 'NewConnectionError('<urllib3.connection.HTTPConnection object at 0x1224cba00>: Failed to establish a new connection: [Errno 61] Connection refused')': /session/321445064c047f1d14684dff7f6c8e7b/url
2025-07-25 10:15:27,795 - urllib3.connectionpool - WARNING - Retrying (Retry(total=0, connect=None, read=None, redirect=None, status=None)) after connection broken by 'NewConnectionError('<urllib3.connection.HTTPConnection object at 0x1224cbbe0>: Failed to establish a new connection: [Errno 61] Connection refused')': /session/321445064c047f1d14684dff7f6c8e7b/url
2025-07-25 10:15:27,808 - __main__ - ERROR - ❌ Error in application cycle: [Errno 32] Broken pipe
2025-07-25 10:15:27,809 - __main__ - INFO - ⏳ Waiting 2 minutes before retry...
