2025-07-24 20:46:33,410 - __main__ - INFO - ✅ Parsed configuration from command line
2025-07-24 20:46:33,410 - __main__ - INFO - 🚀 Initializing Enhanced User Bot for user: bf5acf53-8862-48af-b9ab-3b73d3c5527a
2025-07-24 20:46:33,410 - __main__ - INFO - 📝 Session ID: bf5acf53-8862-48af-b9ab-3b73d3c5527a_1753404393
2025-07-24 20:46:33,410 - __main__ - INFO - 📋 Loading user configuration...
2025-07-24 20:46:33,410 - __main__ - INFO - ✅ Using provided configuration data
2025-07-24 20:46:33,410 - __main__ - INFO - 🔧 Merging provided config with required defaults...
2025-07-24 20:46:33,410 - __main__ - INFO - ✅ Configuration merged successfully with defaults
2025-07-24 20:46:33,410 - __main__ - INFO - ✅ Configuration loaded successfully
2025-07-24 20:46:33,410 - __main__ - INFO - 👤 LinkedIn Email: shaheersaud2004@gmail.com
2025-07-24 20:46:33,410 - __main__ - INFO - 🎯 Target Positions: Software Engineer, Developer
2025-07-24 20:46:33,410 - __main__ - INFO - 📍 Target Locations: Remote, New Jersey, New York
2025-07-24 20:46:33,411 - __main__ - INFO - ================================================================================
2025-07-24 20:46:33,411 - __main__ - INFO - 🚀 STARTING CONTINUOUS APPLICATION MODE
2025-07-24 20:46:33,411 - __main__ - INFO - ================================================================================
2025-07-24 20:46:33,411 - __main__ - INFO - 👤 User ID: bf5acf53-8862-48af-b9ab-3b73d3c5527a
2025-07-24 20:46:33,411 - __main__ - INFO - 📧 LinkedIn Email: shaheersaud2004@gmail.com
2025-07-24 20:46:33,411 - __main__ - INFO - 🎯 Target Positions: Software Engineer, Developer
2025-07-24 20:46:33,411 - __main__ - INFO - 📍 Target Locations: Remote, New Jersey, New York
2025-07-24 20:46:33,411 - __main__ - INFO - ⏰ Session Start: 2025-07-24 20:46:33
2025-07-24 20:46:33,411 - __main__ - INFO - 🎯 Maximum Applications: 5
2025-07-24 20:46:33,411 - __main__ - INFO - 🔧 Initializing browser...
2025-07-24 20:46:33,411 - __main__ - INFO - 🌐 Initializing Chrome browser...
2025-07-24 20:46:33,411 - __main__ - INFO - 🔄 Browser initialization attempt 1/3
2025-07-24 20:46:33,411 - __main__ - INFO - 🎭 Using user agent: Mozilla/5.0 (Windows NT 10.0; Win64; x64) AppleWebKit/537.36 (KHTML, like Gecko) Chrome/138.0.0.0 Safari/537.36
2025-07-24 20:46:33,411 - __main__ - INFO - 🔧 Using chromedriver: /Users/shaheersaud/EASYAPPLYLINKEDINJULY17/chromedriver
2025-07-24 20:46:33,595 - __main__ - WARNING - ⚠️ Browser session creation failed (attempt 1): Message: session not created: probably user data directory is already in use, please specify a unique value for --user-data-dir argument, or don't use --user-data-dir; For documentation on this error, please visit: https://www.selenium.dev/documentation/webdriver/troubleshooting/errors#sessionnotcreatedexception
Stacktrace:
0   chromedriver                        0x0000000102fd355c cxxbridge1$str$ptr + 2731064
1   chromedriver                        0x0000000102fcb454 cxxbridge1$str$ptr + 2698032
2   chromedriver                        0x0000000102b1a3f8 cxxbridge1$string$len + 90664
3   chromedriver                        0x0000000102b4deb8 cxxbridge1$string$len + 302312
4   chromedriver                        0x0000000102b4a7d8 cxxbridge1$string$len + 288264
5   chromedriver                        0x0000000102b8ed3c cxxbridge1$string$len + 568172
6   chromedriver                        0x0000000102b8e5f0 cxxbridge1$string$len + 566304
7   chromedriver                        0x0000000102b55a0c cxxbridge1$string$len + 333884
8   chromedriver                        0x0000000102f965e0 cxxbridge1$str$ptr + 2481340
9   chromedriver                        0x0000000102f99848 cxxbridge1$str$ptr + 2494244
10  chromedriver                        0x0000000102f77234 cxxbridge1$str$ptr + 2353424
11  chromedriver                        0x0000000102f9a104 cxxbridge1$str$ptr + 2496480
12  chromedriver                        0x0000000102f682e4 cxxbridge1$str$ptr + 2292160
13  chromedriver                        0x0000000102fb9ff8 cxxbridge1$str$ptr + 2627284
14  chromedriver                        0x0000000102fba184 cxxbridge1$str$ptr + 2627680
15  chromedriver                        0x0000000102fcb090 cxxbridge1$str$ptr + 2697068
16  libsystem_pthread.dylib             0x00000001956c6c0c _pthread_start + 136
17  libsystem_pthread.dylib             0x00000001956c1b80 thread_start + 8

2025-07-24 20:46:35,599 - __main__ - INFO - 🔄 Browser initialization attempt 2/3
2025-07-24 20:46:35,599 - __main__ - INFO - 🔄 Using alternate Chrome directory: /Users/shaheersaud/EASYAPPLYLINKEDINJULY17/chrome_bot_user_bf5acf53-8862-48af-b9ab-3b73d3c5527a_afd040
2025-07-24 20:46:35,599 - __main__ - INFO - 🎭 Using user agent: Mozilla/5.0 (Windows NT 10.0; Win64; x64) AppleWebKit/537.36 (KHTML, like Gecko) Chrome/138.0.0.0 Safari/537.36
2025-07-24 20:46:35,599 - __main__ - INFO - 🔧 Using chromedriver: /Users/shaheersaud/EASYAPPLYLINKEDINJULY17/chromedriver
2025-07-24 20:46:38,469 - __main__ - INFO - ✅ Browser initialized successfully (attempt 2)
2025-07-24 20:46:38,471 - __main__ - INFO - 🪟 Browser window size: {'width': 1710, 'height': 1011}
2025-07-24 20:46:38,471 - __main__ - INFO - ✅ Browser initialization complete
2025-07-24 20:46:38,471 - __main__ - INFO - 🤖 Initializing LinkedIn Easy Apply bot...
2025-07-24 20:46:38,474 - __main__ - INFO - ✅ LinkedIn bot initialized
2025-07-24 20:46:38,474 - __main__ - INFO - 🔐 Starting LinkedIn login process...
2025-07-24 20:47:02,109 - __main__ - INFO - ✅ LinkedIn login successful
2025-07-24 20:47:02,112 - __main__ - INFO - 🛡️ Performing security check...
2025-07-24 20:47:02,157 - __main__ - INFO - ✅ Security check passed
2025-07-24 20:47:02,159 - __main__ - INFO - 🎯 Starting job application process...
2025-07-24 20:47:02,159 - __main__ - INFO - 🔍 Looking for job opportunities (attempt 1)...
2025-07-24 20:54:12,142 - __main__ - ERROR - ❌ Error in application cycle: [Errno 32] Broken pipe
2025-07-24 20:54:12,144 - __main__ - INFO - ⏳ Waiting 2 minutes before retry...
2025-07-24 20:56:12,147 - __main__ - INFO - 🔍 Looking for job opportunities (attempt 1)...
2025-07-24 21:00:15,578 - __main__ - ERROR - ❌ Error in application cycle: [Errno 32] Broken pipe
2025-07-24 21:00:15,581 - __main__ - INFO - ⏳ Waiting 2 minutes before retry...
2025-07-24 21:02:15,584 - __main__ - INFO - 🔍 Looking for job opportunities (attempt 1)...
2025-07-24 21:04:28,055 - __main__ - ERROR - ❌ Error in application cycle: [Errno 32] Broken pipe
2025-07-24 21:04:28,058 - __main__ - INFO - ⏳ Waiting 2 minutes before retry...
2025-07-24 21:06:28,061 - __main__ - INFO - 🔍 Looking for job opportunities (attempt 1)...
2025-07-24 21:10:50,816 - __main__ - ERROR - ❌ Error in application cycle: [Errno 32] Broken pipe
2025-07-24 21:10:50,820 - __main__ - INFO - ⏳ Waiting 2 minutes before retry...
2025-07-24 21:12:50,822 - __main__ - INFO - 🔍 Looking for job opportunities (attempt 1)...
2025-07-24 21:12:53,231 - __main__ - ERROR - ❌ Error in application cycle: [Errno 32] Broken pipe
2025-07-24 21:12:53,233 - __main__ - INFO - ⏳ Waiting 2 minutes before retry...
2025-07-24 21:14:53,235 - __main__ - INFO - 🔍 Looking for job opportunities (attempt 1)...
2025-07-24 21:14:55,971 - __main__ - ERROR - ❌ Error in application cycle: [Errno 32] Broken pipe
2025-07-24 21:14:55,972 - __main__ - INFO - ⏳ Waiting 2 minutes before retry...
2025-07-24 21:16:55,977 - __main__ - INFO - 🔍 Looking for job opportunities (attempt 1)...
2025-07-24 21:16:57,792 - __main__ - ERROR - ❌ Error in application cycle: [Errno 32] Broken pipe
2025-07-24 21:16:57,794 - __main__ - INFO - ⏳ Waiting 2 minutes before retry...
2025-07-24 21:18:57,792 - __main__ - INFO - 🔍 Looking for job opportunities (attempt 1)...
2025-07-24 21:19:00,448 - __main__ - ERROR - ❌ Error in application cycle: [Errno 32] Broken pipe
2025-07-24 21:19:00,449 - __main__ - INFO - ⏳ Waiting 2 minutes before retry...
2025-07-24 21:21:00,452 - __main__ - INFO - 🔍 Looking for job opportunities (attempt 1)...
2025-07-24 21:21:03,181 - __main__ - ERROR - ❌ Error in application cycle: [Errno 32] Broken pipe
2025-07-24 21:21:03,182 - __main__ - INFO - ⏳ Waiting 2 minutes before retry...
2025-07-24 21:23:03,187 - __main__ - INFO - 🔍 Looking for job opportunities (attempt 1)...
2025-07-24 21:23:05,031 - __main__ - ERROR - ❌ Error in application cycle: [Errno 32] Broken pipe
2025-07-24 21:23:05,033 - __main__ - INFO - ⏳ Waiting 2 minutes before retry...
2025-07-24 21:25:05,036 - __main__ - INFO - 🔍 Looking for job opportunities (attempt 1)...
2025-07-24 21:25:06,937 - __main__ - ERROR - ❌ Error in application cycle: [Errno 32] Broken pipe
2025-07-24 21:25:06,940 - __main__ - INFO - ⏳ Waiting 2 minutes before retry...
2025-07-24 21:27:06,943 - __main__ - INFO - 🔍 Looking for job opportunities (attempt 1)...
2025-07-24 21:27:09,053 - __main__ - ERROR - ❌ Error in application cycle: [Errno 32] Broken pipe
2025-07-24 21:27:09,056 - __main__ - INFO - ⏳ Waiting 2 minutes before retry...
2025-07-24 21:29:09,059 - __main__ - INFO - 🔍 Looking for job opportunities (attempt 1)...
2025-07-24 21:29:11,015 - __main__ - ERROR - ❌ Error in application cycle: [Errno 32] Broken pipe
2025-07-24 21:29:11,017 - __main__ - INFO - ⏳ Waiting 2 minutes before retry...
2025-07-24 21:31:11,021 - __main__ - INFO - 🔍 Looking for job opportunities (attempt 1)...
2025-07-24 21:31:13,727 - __main__ - ERROR - ❌ Error in application cycle: [Errno 32] Broken pipe
2025-07-24 21:31:13,730 - __main__ - INFO - ⏳ Waiting 2 minutes before retry...
2025-07-24 21:33:13,731 - __main__ - INFO - 🔍 Looking for job opportunities (attempt 1)...
2025-07-24 21:33:16,045 - __main__ - ERROR - ❌ Error in application cycle: [Errno 32] Broken pipe
2025-07-24 21:33:16,048 - __main__ - INFO - ⏳ Waiting 2 minutes before retry...
2025-07-24 21:35:16,049 - __main__ - INFO - 🔍 Looking for job opportunities (attempt 1)...
2025-07-24 21:35:18,982 - __main__ - ERROR - ❌ Error in application cycle: [Errno 32] Broken pipe
2025-07-24 21:35:18,984 - __main__ - INFO - ⏳ Waiting 2 minutes before retry...
2025-07-24 21:37:18,987 - __main__ - INFO - 🔍 Looking for job opportunities (attempt 1)...
2025-07-24 21:37:21,227 - __main__ - ERROR - ❌ Error in application cycle: [Errno 32] Broken pipe
2025-07-24 21:37:21,229 - __main__ - INFO - ⏳ Waiting 2 minutes before retry...
2025-07-24 21:39:21,231 - __main__ - INFO - 🔍 Looking for job opportunities (attempt 1)...
2025-07-24 21:39:22,505 - __main__ - ERROR - ❌ Error in application cycle: [Errno 32] Broken pipe
2025-07-24 21:39:22,508 - __main__ - INFO - ⏳ Waiting 2 minutes before retry...
2025-07-24 21:41:22,512 - __main__ - INFO - 🔍 Looking for job opportunities (attempt 1)...
2025-07-24 21:41:24,582 - __main__ - ERROR - ❌ Error in application cycle: [Errno 32] Broken pipe
2025-07-24 21:41:24,585 - __main__ - INFO - ⏳ Waiting 2 minutes before retry...
2025-07-24 21:43:24,587 - __main__ - INFO - 🔍 Looking for job opportunities (attempt 1)...
2025-07-24 21:43:26,830 - __main__ - ERROR - ❌ Error in application cycle: [Errno 32] Broken pipe
2025-07-24 21:43:26,832 - __main__ - INFO - ⏳ Waiting 2 minutes before retry...
2025-07-24 21:45:26,836 - __main__ - INFO - 🔍 Looking for job opportunities (attempt 1)...
2025-07-24 21:45:28,355 - __main__ - ERROR - ❌ Error in application cycle: [Errno 32] Broken pipe
2025-07-24 21:45:28,358 - __main__ - INFO - ⏳ Waiting 2 minutes before retry...
2025-07-24 21:47:28,393 - __main__ - INFO - 🔍 Looking for job opportunities (attempt 1)...
2025-07-24 21:47:29,685 - __main__ - ERROR - ❌ Error in application cycle: [Errno 32] Broken pipe
2025-07-24 21:47:29,687 - __main__ - INFO - ⏳ Waiting 2 minutes before retry...
2025-07-24 21:49:29,691 - __main__ - INFO - 🔍 Looking for job opportunities (attempt 1)...
2025-07-24 21:49:31,943 - __main__ - ERROR - ❌ Error in application cycle: [Errno 32] Broken pipe
2025-07-24 21:49:31,947 - __main__ - INFO - ⏳ Waiting 2 minutes before retry...
2025-07-24 21:51:31,953 - __main__ - INFO - 🔍 Looking for job opportunities (attempt 1)...
2025-07-24 21:51:33,372 - __main__ - ERROR - ❌ Error in application cycle: [Errno 32] Broken pipe
2025-07-24 21:51:33,375 - __main__ - INFO - ⏳ Waiting 2 minutes before retry...
2025-07-24 21:53:33,379 - __main__ - INFO - 🔍 Looking for job opportunities (attempt 1)...
2025-07-24 21:53:34,746 - __main__ - ERROR - ❌ Error in application cycle: [Errno 32] Broken pipe
2025-07-24 21:53:34,748 - __main__ - INFO - ⏳ Waiting 2 minutes before retry...
2025-07-24 21:55:34,751 - __main__ - INFO - 🔍 Looking for job opportunities (attempt 1)...
2025-07-24 21:55:36,832 - __main__ - ERROR - ❌ Error in application cycle: [Errno 32] Broken pipe
2025-07-24 21:55:36,834 - __main__ - INFO - ⏳ Waiting 2 minutes before retry...
2025-07-24 21:57:36,838 - __main__ - INFO - 🔍 Looking for job opportunities (attempt 1)...
2025-07-24 21:57:38,097 - __main__ - ERROR - ❌ Error in application cycle: [Errno 32] Broken pipe
2025-07-24 21:57:38,099 - __main__ - INFO - ⏳ Waiting 2 minutes before retry...
2025-07-24 21:59:38,104 - __main__ - INFO - 🔍 Looking for job opportunities (attempt 1)...
2025-07-24 21:59:39,748 - __main__ - ERROR - ❌ Error in application cycle: [Errno 32] Broken pipe
2025-07-24 21:59:39,751 - __main__ - INFO - ⏳ Waiting 2 minutes before retry...
2025-07-24 22:01:39,755 - __main__ - INFO - 🔍 Looking for job opportunities (attempt 1)...
2025-07-24 22:01:42,680 - __main__ - ERROR - ❌ Error in application cycle: [Errno 32] Broken pipe
2025-07-24 22:01:42,683 - __main__ - INFO - ⏳ Waiting 2 minutes before retry...
2025-07-24 22:03:42,687 - __main__ - INFO - 🔍 Looking for job opportunities (attempt 1)...
2025-07-24 22:03:44,931 - __main__ - ERROR - ❌ Error in application cycle: [Errno 32] Broken pipe
2025-07-24 22:03:44,934 - __main__ - INFO - ⏳ Waiting 2 minutes before retry...
2025-07-24 22:05:44,938 - __main__ - INFO - 🔍 Looking for job opportunities (attempt 1)...
2025-07-24 22:05:46,848 - __main__ - ERROR - ❌ Error in application cycle: [Errno 32] Broken pipe
2025-07-24 22:05:46,850 - __main__ - INFO - ⏳ Waiting 2 minutes before retry...
2025-07-24 22:07:46,854 - __main__ - INFO - 🔍 Looking for job opportunities (attempt 1)...
2025-07-24 22:07:48,315 - __main__ - ERROR - ❌ Error in application cycle: [Errno 32] Broken pipe
2025-07-24 22:07:48,319 - __main__ - INFO - ⏳ Waiting 2 minutes before retry...
2025-07-24 22:09:48,323 - __main__ - INFO - 🔍 Looking for job opportunities (attempt 1)...
2025-07-24 22:09:49,436 - __main__ - ERROR - ❌ Error in application cycle: [Errno 32] Broken pipe
2025-07-24 22:09:49,438 - __main__ - INFO - ⏳ Waiting 2 minutes before retry...
2025-07-24 22:11:49,442 - __main__ - INFO - 🔍 Looking for job opportunities (attempt 1)...
2025-07-24 22:11:50,895 - __main__ - ERROR - ❌ Error in application cycle: [Errno 32] Broken pipe
2025-07-24 22:11:50,898 - __main__ - INFO - ⏳ Waiting 2 minutes before retry...
2025-07-24 22:13:50,901 - __main__ - INFO - 🔍 Looking for job opportunities (attempt 1)...
2025-07-24 22:13:52,790 - __main__ - ERROR - ❌ Error in application cycle: [Errno 32] Broken pipe
2025-07-24 22:13:52,793 - __main__ - INFO - ⏳ Waiting 2 minutes before retry...
2025-07-24 22:21:00,330 - __main__ - INFO - 🔍 Looking for job opportunities (attempt 1)...
2025-07-24 22:21:03,049 - __main__ - ERROR - ❌ Error in application cycle: [Errno 32] Broken pipe
2025-07-24 22:21:03,051 - __main__ - INFO - ⏳ Waiting 2 minutes before retry...
2025-07-24 22:24:16,016 - __main__ - INFO - 🔍 Looking for job opportunities (attempt 1)...
2025-07-24 22:24:18,495 - __main__ - ERROR - ❌ Error in application cycle: [Errno 32] Broken pipe
2025-07-24 22:24:18,497 - __main__ - INFO - ⏳ Waiting 2 minutes before retry...
2025-07-24 22:26:52,993 - __main__ - INFO - 🔍 Looking for job opportunities (attempt 1)...
2025-07-24 22:26:54,166 - __main__ - ERROR - ❌ Error in application cycle: [Errno 32] Broken pipe
2025-07-24 22:26:54,169 - __main__ - INFO - ⏳ Waiting 2 minutes before retry...
2025-07-24 22:29:21,779 - __main__ - INFO - 🔍 Looking for job opportunities (attempt 1)...
2025-07-24 22:29:24,200 - __main__ - ERROR - ❌ Error in application cycle: [Errno 32] Broken pipe
2025-07-24 22:29:24,202 - __main__ - INFO - ⏳ Waiting 2 minutes before retry...
2025-07-24 22:31:24,204 - __main__ - INFO - 🔍 Looking for job opportunities (attempt 1)...
2025-07-24 22:31:25,513 - __main__ - ERROR - ❌ Error in application cycle: [Errno 32] Broken pipe
2025-07-24 22:31:25,516 - __main__ - INFO - ⏳ Waiting 2 minutes before retry...
2025-07-24 22:33:25,519 - __main__ - INFO - 🔍 Looking for job opportunities (attempt 1)...
2025-07-24 22:33:26,543 - __main__ - ERROR - ❌ Error in application cycle: [Errno 32] Broken pipe
2025-07-24 22:33:26,545 - __main__ - INFO - ⏳ Waiting 2 minutes before retry...
2025-07-24 22:35:26,546 - __main__ - INFO - 🔍 Looking for job opportunities (attempt 1)...
2025-07-24 22:35:29,452 - __main__ - ERROR - ❌ Error in application cycle: [Errno 32] Broken pipe
2025-07-24 22:35:29,454 - __main__ - INFO - ⏳ Waiting 2 minutes before retry...
2025-07-24 22:37:29,456 - __main__ - INFO - 🔍 Looking for job opportunities (attempt 1)...
2025-07-24 22:37:30,740 - __main__ - ERROR - ❌ Error in application cycle: [Errno 32] Broken pipe
2025-07-24 22:37:30,742 - __main__ - INFO - ⏳ Waiting 2 minutes before retry...
2025-07-24 22:39:30,743 - __main__ - INFO - 🔍 Looking for job opportunities (attempt 1)...
2025-07-24 22:39:33,674 - __main__ - ERROR - ❌ Error in application cycle: [Errno 32] Broken pipe
2025-07-24 22:39:33,676 - __main__ - INFO - ⏳ Waiting 2 minutes before retry...
2025-07-24 22:41:33,685 - __main__ - INFO - 🔍 Looking for job opportunities (attempt 1)...
2025-07-24 22:41:35,396 - __main__ - ERROR - ❌ Error in application cycle: [Errno 32] Broken pipe
2025-07-24 22:41:35,398 - __main__ - INFO - ⏳ Waiting 2 minutes before retry...
2025-07-24 22:43:35,405 - __main__ - INFO - 🔍 Looking for job opportunities (attempt 1)...
2025-07-24 22:43:36,907 - __main__ - ERROR - ❌ Error in application cycle: [Errno 32] Broken pipe
2025-07-24 22:43:36,909 - __main__ - INFO - ⏳ Waiting 2 minutes before retry...
2025-07-24 22:45:36,912 - __main__ - INFO - 🔍 Looking for job opportunities (attempt 1)...
2025-07-24 22:45:39,332 - __main__ - ERROR - ❌ Error in application cycle: [Errno 32] Broken pipe
2025-07-24 22:45:39,334 - __main__ - INFO - ⏳ Waiting 2 minutes before retry...
2025-07-24 22:47:39,336 - __main__ - INFO - 🔍 Looking for job opportunities (attempt 1)...
2025-07-24 22:47:42,337 - __main__ - ERROR - ❌ Error in application cycle: [Errno 32] Broken pipe
2025-07-24 22:47:42,340 - __main__ - INFO - ⏳ Waiting 2 minutes before retry...
2025-07-24 22:49:42,343 - __main__ - INFO - 🔍 Looking for job opportunities (attempt 1)...
2025-07-24 22:49:43,516 - __main__ - ERROR - ❌ Error in application cycle: [Errno 32] Broken pipe
2025-07-24 22:49:43,519 - __main__ - INFO - ⏳ Waiting 2 minutes before retry...
2025-07-24 22:51:43,521 - __main__ - INFO - 🔍 Looking for job opportunities (attempt 1)...
2025-07-24 22:51:45,070 - __main__ - ERROR - ❌ Error in application cycle: [Errno 32] Broken pipe
2025-07-24 22:51:45,072 - __main__ - INFO - ⏳ Waiting 2 minutes before retry...
2025-07-24 22:53:45,074 - __main__ - INFO - 🔍 Looking for job opportunities (attempt 1)...
2025-07-24 22:53:47,700 - __main__ - ERROR - ❌ Error in application cycle: [Errno 32] Broken pipe
2025-07-24 22:53:47,702 - __main__ - INFO - ⏳ Waiting 2 minutes before retry...
2025-07-24 22:55:47,704 - __main__ - INFO - 🔍 Looking for job opportunities (attempt 1)...
2025-07-24 22:55:50,686 - __main__ - ERROR - ❌ Error in application cycle: [Errno 32] Broken pipe
2025-07-24 22:55:50,689 - __main__ - INFO - ⏳ Waiting 2 minutes before retry...
2025-07-24 22:57:50,691 - __main__ - INFO - 🔍 Looking for job opportunities (attempt 1)...
2025-07-24 22:57:51,827 - __main__ - ERROR - ❌ Error in application cycle: [Errno 32] Broken pipe
2025-07-24 22:57:51,829 - __main__ - INFO - ⏳ Waiting 2 minutes before retry...
2025-07-24 22:59:51,832 - __main__ - INFO - 🔍 Looking for job opportunities (attempt 1)...
2025-07-24 22:59:54,459 - __main__ - ERROR - ❌ Error in application cycle: [Errno 32] Broken pipe
2025-07-24 22:59:54,461 - __main__ - INFO - ⏳ Waiting 2 minutes before retry...
2025-07-24 23:01:54,464 - __main__ - INFO - 🔍 Looking for job opportunities (attempt 1)...
2025-07-24 23:01:57,106 - __main__ - ERROR - ❌ Error in application cycle: [Errno 32] Broken pipe
2025-07-24 23:01:57,107 - __main__ - INFO - ⏳ Waiting 2 minutes before retry...
2025-07-24 23:03:57,109 - __main__ - INFO - 🔍 Looking for job opportunities (attempt 1)...
2025-07-24 23:03:58,359 - __main__ - ERROR - ❌ Error in application cycle: [Errno 32] Broken pipe
2025-07-24 23:03:58,361 - __main__ - INFO - ⏳ Waiting 2 minutes before retry...
2025-07-24 23:05:58,362 - __main__ - INFO - 🔍 Looking for job opportunities (attempt 1)...
2025-07-24 23:05:59,882 - __main__ - ERROR - ❌ Error in application cycle: [Errno 32] Broken pipe
2025-07-24 23:05:59,884 - __main__ - INFO - ⏳ Waiting 2 minutes before retry...
2025-07-24 23:07:59,888 - __main__ - INFO - 🔍 Looking for job opportunities (attempt 1)...
2025-07-24 23:08:01,143 - __main__ - ERROR - ❌ Error in application cycle: [Errno 32] Broken pipe
2025-07-24 23:08:01,145 - __main__ - INFO - ⏳ Waiting 2 minutes before retry...
2025-07-24 23:10:01,147 - __main__ - INFO - 🔍 Looking for job opportunities (attempt 1)...
2025-07-24 23:10:02,574 - __main__ - ERROR - ❌ Error in application cycle: [Errno 32] Broken pipe
2025-07-24 23:10:02,575 - __main__ - INFO - ⏳ Waiting 2 minutes before retry...
2025-07-24 23:12:02,578 - __main__ - INFO - 🔍 Looking for job opportunities (attempt 1)...
2025-07-24 23:12:05,544 - __main__ - ERROR - ❌ Error in application cycle: [Errno 32] Broken pipe
2025-07-24 23:12:05,547 - __main__ - INFO - ⏳ Waiting 2 minutes before retry...
2025-07-24 23:14:05,550 - __main__ - INFO - 🔍 Looking for job opportunities (attempt 1)...
2025-07-24 23:14:06,666 - __main__ - ERROR - ❌ Error in application cycle: [Errno 32] Broken pipe
2025-07-24 23:14:06,668 - __main__ - INFO - ⏳ Waiting 2 minutes before retry...
2025-07-24 23:16:06,671 - __main__ - INFO - 🔍 Looking for job opportunities (attempt 1)...
2025-07-24 23:16:08,643 - __main__ - ERROR - ❌ Error in application cycle: [Errno 32] Broken pipe
2025-07-24 23:16:08,644 - __main__ - INFO - ⏳ Waiting 2 minutes before retry...
2025-07-24 23:18:08,647 - __main__ - INFO - 🔍 Looking for job opportunities (attempt 1)...
2025-07-24 23:18:09,918 - __main__ - ERROR - ❌ Error in application cycle: [Errno 32] Broken pipe
2025-07-24 23:18:09,921 - __main__ - INFO - ⏳ Waiting 2 minutes before retry...
2025-07-24 23:20:09,925 - __main__ - INFO - 🔍 Looking for job opportunities (attempt 1)...
2025-07-24 23:20:11,293 - __main__ - ERROR - ❌ Error in application cycle: [Errno 32] Broken pipe
2025-07-24 23:20:11,296 - __main__ - INFO - ⏳ Waiting 2 minutes before retry...
2025-07-24 23:22:11,300 - __main__ - INFO - 🔍 Looking for job opportunities (attempt 1)...
2025-07-24 23:22:12,541 - __main__ - ERROR - ❌ Error in application cycle: [Errno 32] Broken pipe
2025-07-24 23:22:12,544 - __main__ - INFO - ⏳ Waiting 2 minutes before retry...
2025-07-24 23:24:12,546 - __main__ - INFO - 🔍 Looking for job opportunities (attempt 1)...
2025-07-24 23:24:13,662 - __main__ - ERROR - ❌ Error in application cycle: [Errno 32] Broken pipe
2025-07-24 23:24:13,665 - __main__ - INFO - ⏳ Waiting 2 minutes before retry...
2025-07-24 23:26:13,668 - __main__ - INFO - 🔍 Looking for job opportunities (attempt 1)...
2025-07-24 23:26:13,673 - __main__ - ERROR - ❌ Error in application cycle: [Errno 32] Broken pipe
2025-07-24 23:26:13,674 - __main__ - INFO - ⏳ Waiting 2 minutes before retry...
2025-07-24 23:28:13,677 - __main__ - INFO - 🔍 Looking for job opportunities (attempt 1)...
2025-07-24 23:28:16,368 - __main__ - ERROR - ❌ Error in application cycle: [Errno 32] Broken pipe
2025-07-24 23:28:16,370 - __main__ - INFO - ⏳ Waiting 2 minutes before retry...
2025-07-24 23:30:16,372 - __main__ - INFO - 🔍 Looking for job opportunities (attempt 1)...
2025-07-24 23:30:17,787 - __main__ - ERROR - ❌ Error in application cycle: [Errno 32] Broken pipe
2025-07-24 23:30:17,790 - __main__ - INFO - ⏳ Waiting 2 minutes before retry...
2025-07-24 23:32:17,795 - __main__ - INFO - 🔍 Looking for job opportunities (attempt 1)...
2025-07-24 23:32:20,051 - __main__ - ERROR - ❌ Error in application cycle: [Errno 32] Broken pipe
2025-07-24 23:32:20,053 - __main__ - INFO - ⏳ Waiting 2 minutes before retry...
2025-07-24 23:34:20,056 - __main__ - INFO - 🔍 Looking for job opportunities (attempt 1)...
2025-07-24 23:34:22,926 - __main__ - ERROR - ❌ Error in application cycle: [Errno 32] Broken pipe
2025-07-24 23:34:22,928 - __main__ - INFO - ⏳ Waiting 2 minutes before retry...
2025-07-24 23:36:22,879 - __main__ - INFO - 🔍 Looking for job opportunities (attempt 1)...
2025-07-24 23:36:24,590 - __main__ - ERROR - ❌ Error in application cycle: [Errno 32] Broken pipe
2025-07-24 23:36:24,592 - __main__ - INFO - ⏳ Waiting 2 minutes before retry...
2025-07-24 23:38:24,593 - __main__ - INFO - 🔍 Looking for job opportunities (attempt 1)...
2025-07-24 23:38:26,867 - __main__ - ERROR - ❌ Error in application cycle: [Errno 32] Broken pipe
2025-07-24 23:38:26,871 - __main__ - INFO - ⏳ Waiting 2 minutes before retry...
2025-07-24 23:40:26,873 - __main__ - INFO - 🔍 Looking for job opportunities (attempt 1)...
2025-07-24 23:40:29,638 - __main__ - ERROR - ❌ Error in application cycle: [Errno 32] Broken pipe
2025-07-24 23:40:29,640 - __main__ - INFO - ⏳ Waiting 2 minutes before retry...
2025-07-24 23:42:29,644 - __main__ - INFO - 🔍 Looking for job opportunities (attempt 1)...
2025-07-24 23:42:31,750 - __main__ - ERROR - ❌ Error in application cycle: [Errno 32] Broken pipe
2025-07-24 23:42:31,753 - __main__ - INFO - ⏳ Waiting 2 minutes before retry...
2025-07-24 23:44:31,755 - __main__ - INFO - 🔍 Looking for job opportunities (attempt 1)...
2025-07-24 23:44:34,740 - __main__ - ERROR - ❌ Error in application cycle: [Errno 32] Broken pipe
2025-07-24 23:44:34,742 - __main__ - INFO - ⏳ Waiting 2 minutes before retry...
2025-07-24 23:46:34,744 - __main__ - INFO - 🔍 Looking for job opportunities (attempt 1)...
2025-07-24 23:46:37,396 - __main__ - ERROR - ❌ Error in application cycle: [Errno 32] Broken pipe
2025-07-24 23:46:37,399 - __main__ - INFO - ⏳ Waiting 2 minutes before retry...
2025-07-24 23:48:37,401 - __main__ - INFO - 🔍 Looking for job opportunities (attempt 1)...
2025-07-24 23:48:39,256 - __main__ - ERROR - ❌ Error in application cycle: [Errno 32] Broken pipe
2025-07-24 23:48:39,259 - __main__ - INFO - ⏳ Waiting 2 minutes before retry...
2025-07-24 23:50:39,261 - __main__ - INFO - 🔍 Looking for job opportunities (attempt 1)...
2025-07-24 23:50:41,893 - __main__ - ERROR - ❌ Error in application cycle: [Errno 32] Broken pipe
2025-07-24 23:50:41,896 - __main__ - INFO - ⏳ Waiting 2 minutes before retry...
2025-07-24 23:52:41,897 - __main__ - INFO - 🔍 Looking for job opportunities (attempt 1)...
2025-07-24 23:52:43,077 - __main__ - ERROR - ❌ Error in application cycle: [Errno 32] Broken pipe
2025-07-24 23:52:43,079 - __main__ - INFO - ⏳ Waiting 2 minutes before retry...
2025-07-24 23:54:43,080 - __main__ - INFO - 🔍 Looking for job opportunities (attempt 1)...
2025-07-24 23:54:45,560 - __main__ - ERROR - ❌ Error in application cycle: [Errno 32] Broken pipe
2025-07-24 23:54:45,562 - __main__ - INFO - ⏳ Waiting 2 minutes before retry...
2025-07-24 23:56:45,564 - __main__ - INFO - 🔍 Looking for job opportunities (attempt 1)...
2025-07-24 23:56:46,780 - __main__ - ERROR - ❌ Error in application cycle: [Errno 32] Broken pipe
2025-07-24 23:56:46,783 - __main__ - INFO - ⏳ Waiting 2 minutes before retry...
2025-07-24 23:58:46,785 - __main__ - INFO - 🔍 Looking for job opportunities (attempt 1)...
2025-07-24 23:58:48,957 - __main__ - ERROR - ❌ Error in application cycle: [Errno 32] Broken pipe
2025-07-24 23:58:48,959 - __main__ - INFO - ⏳ Waiting 2 minutes before retry...
2025-07-25 00:00:48,959 - __main__ - INFO - 🔍 Looking for job opportunities (attempt 1)...
2025-07-25 00:00:51,315 - __main__ - ERROR - ❌ Error in application cycle: [Errno 32] Broken pipe
2025-07-25 00:00:51,329 - __main__ - INFO - ⏳ Waiting 2 minutes before retry...
2025-07-25 00:02:51,332 - __main__ - INFO - 🔍 Looking for job opportunities (attempt 1)...
2025-07-25 00:02:53,976 - __main__ - ERROR - ❌ Error in application cycle: [Errno 32] Broken pipe
2025-07-25 00:02:53,979 - __main__ - INFO - ⏳ Waiting 2 minutes before retry...
2025-07-25 00:04:53,980 - __main__ - INFO - 🔍 Looking for job opportunities (attempt 1)...
2025-07-25 00:04:55,826 - __main__ - ERROR - ❌ Error in application cycle: [Errno 32] Broken pipe
2025-07-25 00:04:55,828 - __main__ - INFO - ⏳ Waiting 2 minutes before retry...
2025-07-25 00:06:55,838 - __main__ - INFO - 🔍 Looking for job opportunities (attempt 1)...
2025-07-25 00:06:58,782 - __main__ - ERROR - ❌ Error in application cycle: [Errno 32] Broken pipe
2025-07-25 00:06:58,785 - __main__ - INFO - ⏳ Waiting 2 minutes before retry...
2025-07-25 00:08:58,786 - __main__ - INFO - 🔍 Looking for job opportunities (attempt 1)...
2025-07-25 00:09:01,417 - __main__ - ERROR - ❌ Error in application cycle: [Errno 32] Broken pipe
2025-07-25 00:09:01,420 - __main__ - INFO - ⏳ Waiting 2 minutes before retry...
2025-07-25 00:11:01,423 - __main__ - INFO - 🔍 Looking for job opportunities (attempt 1)...
2025-07-25 00:11:03,587 - __main__ - ERROR - ❌ Error in application cycle: [Errno 32] Broken pipe
2025-07-25 00:11:03,591 - __main__ - INFO - ⏳ Waiting 2 minutes before retry...
2025-07-25 00:13:03,593 - __main__ - INFO - 🔍 Looking for job opportunities (attempt 1)...
2025-07-25 00:13:06,485 - __main__ - ERROR - ❌ Error in application cycle: [Errno 32] Broken pipe
2025-07-25 00:13:06,488 - __main__ - INFO - ⏳ Waiting 2 minutes before retry...
2025-07-25 00:15:06,490 - __main__ - INFO - 🔍 Looking for job opportunities (attempt 1)...
2025-07-25 00:15:08,712 - __main__ - ERROR - ❌ Error in application cycle: [Errno 32] Broken pipe
2025-07-25 00:15:08,715 - __main__ - INFO - ⏳ Waiting 2 minutes before retry...
2025-07-25 00:17:08,719 - __main__ - INFO - 🔍 Looking for job opportunities (attempt 1)...
2025-07-25 00:17:10,149 - __main__ - ERROR - ❌ Error in application cycle: [Errno 32] Broken pipe
2025-07-25 00:17:10,152 - __main__ - INFO - ⏳ Waiting 2 minutes before retry...
2025-07-25 00:19:10,154 - __main__ - INFO - 🔍 Looking for job opportunities (attempt 1)...
2025-07-25 00:19:12,637 - __main__ - ERROR - ❌ Error in application cycle: [Errno 32] Broken pipe
2025-07-25 00:19:12,640 - __main__ - INFO - ⏳ Waiting 2 minutes before retry...
2025-07-25 00:21:12,640 - __main__ - INFO - 🔍 Looking for job opportunities (attempt 1)...
2025-07-25 00:21:14,239 - __main__ - ERROR - ❌ Error in application cycle: [Errno 32] Broken pipe
2025-07-25 00:21:14,242 - __main__ - INFO - ⏳ Waiting 2 minutes before retry...
2025-07-25 00:23:14,245 - __main__ - INFO - 🔍 Looking for job opportunities (attempt 1)...
2025-07-25 00:23:17,046 - __main__ - ERROR - ❌ Error in application cycle: [Errno 32] Broken pipe
2025-07-25 00:23:17,048 - __main__ - INFO - ⏳ Waiting 2 minutes before retry...
2025-07-25 00:25:17,050 - __main__ - INFO - 🔍 Looking for job opportunities (attempt 1)...
2025-07-25 00:25:19,269 - __main__ - ERROR - ❌ Error in application cycle: [Errno 32] Broken pipe
2025-07-25 00:25:19,271 - __main__ - INFO - ⏳ Waiting 2 minutes before retry...
2025-07-25 00:27:19,273 - __main__ - INFO - 🔍 Looking for job opportunities (attempt 1)...
2025-07-25 00:27:21,684 - __main__ - ERROR - ❌ Error in application cycle: [Errno 32] Broken pipe
2025-07-25 00:27:21,687 - __main__ - INFO - ⏳ Waiting 2 minutes before retry...
2025-07-25 00:29:21,689 - __main__ - INFO - 🔍 Looking for job opportunities (attempt 1)...
2025-07-25 00:29:23,815 - __main__ - ERROR - ❌ Error in application cycle: [Errno 32] Broken pipe
2025-07-25 00:29:23,818 - __main__ - INFO - ⏳ Waiting 2 minutes before retry...
2025-07-25 00:31:23,822 - __main__ - INFO - 🔍 Looking for job opportunities (attempt 1)...
2025-07-25 00:31:25,491 - __main__ - ERROR - ❌ Error in application cycle: [Errno 32] Broken pipe
2025-07-25 00:31:25,494 - __main__ - INFO - ⏳ Waiting 2 minutes before retry...
2025-07-25 00:33:25,496 - __main__ - INFO - 🔍 Looking for job opportunities (attempt 1)...
2025-07-25 00:33:26,576 - __main__ - ERROR - ❌ Error in application cycle: [Errno 32] Broken pipe
2025-07-25 00:33:26,579 - __main__ - INFO - ⏳ Waiting 2 minutes before retry...
2025-07-25 00:35:26,580 - __main__ - INFO - 🔍 Looking for job opportunities (attempt 1)...
2025-07-25 00:35:28,450 - __main__ - ERROR - ❌ Error in application cycle: [Errno 32] Broken pipe
2025-07-25 00:35:28,452 - __main__ - INFO - ⏳ Waiting 2 minutes before retry...
2025-07-25 00:37:28,454 - __main__ - INFO - 🔍 Looking for job opportunities (attempt 1)...
2025-07-25 00:37:31,121 - __main__ - ERROR - ❌ Error in application cycle: [Errno 32] Broken pipe
2025-07-25 00:37:31,124 - __main__ - INFO - ⏳ Waiting 2 minutes before retry...
2025-07-25 00:39:31,125 - __main__ - INFO - 🔍 Looking for job opportunities (attempt 1)...
2025-07-25 00:39:32,503 - __main__ - ERROR - ❌ Error in application cycle: [Errno 32] Broken pipe
2025-07-25 00:39:32,507 - __main__ - INFO - ⏳ Waiting 2 minutes before retry...
2025-07-25 00:41:32,509 - __main__ - INFO - 🔍 Looking for job opportunities (attempt 1)...
2025-07-25 00:41:34,130 - __main__ - ERROR - ❌ Error in application cycle: [Errno 32] Broken pipe
2025-07-25 00:41:34,134 - __main__ - INFO - ⏳ Waiting 2 minutes before retry...
2025-07-25 00:43:34,135 - __main__ - INFO - 🔍 Looking for job opportunities (attempt 1)...
2025-07-25 00:43:35,292 - __main__ - ERROR - ❌ Error in application cycle: [Errno 32] Broken pipe
2025-07-25 00:43:35,295 - __main__ - INFO - ⏳ Waiting 2 minutes before retry...
2025-07-25 00:45:35,297 - __main__ - INFO - 🔍 Looking for job opportunities (attempt 1)...
2025-07-25 00:45:37,220 - __main__ - ERROR - ❌ Error in application cycle: [Errno 32] Broken pipe
2025-07-25 00:45:37,223 - __main__ - INFO - ⏳ Waiting 2 minutes before retry...
2025-07-25 00:47:37,232 - __main__ - INFO - 🔍 Looking for job opportunities (attempt 1)...
2025-07-25 00:47:39,416 - __main__ - ERROR - ❌ Error in application cycle: [Errno 32] Broken pipe
2025-07-25 00:47:39,418 - __main__ - INFO - ⏳ Waiting 2 minutes before retry...
2025-07-25 00:49:39,421 - __main__ - INFO - 🔍 Looking for job opportunities (attempt 1)...
2025-07-25 00:49:42,060 - __main__ - ERROR - ❌ Error in application cycle: [Errno 32] Broken pipe
2025-07-25 00:49:42,062 - __main__ - INFO - ⏳ Waiting 2 minutes before retry...
2025-07-25 00:51:42,063 - __main__ - INFO - 🔍 Looking for job opportunities (attempt 1)...
2025-07-25 00:51:43,850 - __main__ - ERROR - ❌ Error in application cycle: [Errno 32] Broken pipe
2025-07-25 00:51:43,853 - __main__ - INFO - ⏳ Waiting 2 minutes before retry...
2025-07-25 00:53:43,856 - __main__ - INFO - 🔍 Looking for job opportunities (attempt 1)...
2025-07-25 00:53:46,581 - __main__ - ERROR - ❌ Error in application cycle: [Errno 32] Broken pipe
2025-07-25 00:53:46,584 - __main__ - INFO - ⏳ Waiting 2 minutes before retry...
2025-07-25 00:55:46,586 - __main__ - INFO - 🔍 Looking for job opportunities (attempt 1)...
2025-07-25 00:55:49,483 - __main__ - ERROR - ❌ Error in application cycle: [Errno 32] Broken pipe
2025-07-25 00:55:49,485 - __main__ - INFO - ⏳ Waiting 2 minutes before retry...
2025-07-25 00:57:49,487 - __main__ - INFO - 🔍 Looking for job opportunities (attempt 1)...
2025-07-25 00:57:52,085 - __main__ - ERROR - ❌ Error in application cycle: [Errno 32] Broken pipe
2025-07-25 00:57:52,087 - __main__ - INFO - ⏳ Waiting 2 minutes before retry...
2025-07-25 00:59:52,089 - __main__ - INFO - 🔍 Looking for job opportunities (attempt 1)...
2025-07-25 00:59:53,778 - __main__ - ERROR - ❌ Error in application cycle: [Errno 32] Broken pipe
2025-07-25 00:59:53,781 - __main__ - INFO - ⏳ Waiting 2 minutes before retry...
2025-07-25 01:01:53,782 - __main__ - INFO - 🔍 Looking for job opportunities (attempt 1)...
2025-07-25 01:01:55,770 - __main__ - ERROR - ❌ Error in application cycle: [Errno 32] Broken pipe
2025-07-25 01:01:55,772 - __main__ - INFO - ⏳ Waiting 2 minutes before retry...
2025-07-25 01:03:55,775 - __main__ - INFO - 🔍 Looking for job opportunities (attempt 1)...
2025-07-25 01:03:58,014 - __main__ - ERROR - ❌ Error in application cycle: [Errno 32] Broken pipe
2025-07-25 01:03:58,016 - __main__ - INFO - ⏳ Waiting 2 minutes before retry...
2025-07-25 01:05:58,017 - __main__ - INFO - 🔍 Looking for job opportunities (attempt 1)...
2025-07-25 01:05:59,461 - __main__ - ERROR - ❌ Error in application cycle: [Errno 32] Broken pipe
2025-07-25 01:05:59,463 - __main__ - INFO - ⏳ Waiting 2 minutes before retry...
2025-07-25 01:07:59,465 - __main__ - INFO - 🔍 Looking for job opportunities (attempt 1)...
2025-07-25 01:08:01,164 - __main__ - ERROR - ❌ Error in application cycle: [Errno 32] Broken pipe
2025-07-25 01:08:01,166 - __main__ - INFO - ⏳ Waiting 2 minutes before retry...
2025-07-25 01:10:01,166 - __main__ - INFO - 🔍 Looking for job opportunities (attempt 1)...
2025-07-25 01:10:02,728 - __main__ - ERROR - ❌ Error in application cycle: [Errno 32] Broken pipe
2025-07-25 01:10:02,730 - __main__ - INFO - ⏳ Waiting 2 minutes before retry...
2025-07-25 01:12:02,733 - __main__ - INFO - 🔍 Looking for job opportunities (attempt 1)...
2025-07-25 01:12:05,293 - __main__ - ERROR - ❌ Error in application cycle: [Errno 32] Broken pipe
2025-07-25 01:12:05,296 - __main__ - INFO - ⏳ Waiting 2 minutes before retry...
2025-07-25 01:14:05,298 - __main__ - INFO - 🔍 Looking for job opportunities (attempt 1)...
2025-07-25 01:14:06,448 - __main__ - ERROR - ❌ Error in application cycle: [Errno 32] Broken pipe
2025-07-25 01:14:06,450 - __main__ - INFO - ⏳ Waiting 2 minutes before retry...
2025-07-25 01:16:06,461 - __main__ - INFO - 🔍 Looking for job opportunities (attempt 1)...
2025-07-25 01:16:08,671 - __main__ - ERROR - ❌ Error in application cycle: [Errno 32] Broken pipe
2025-07-25 01:16:08,674 - __main__ - INFO - ⏳ Waiting 2 minutes before retry...
2025-07-25 01:18:08,676 - __main__ - INFO - 🔍 Looking for job opportunities (attempt 1)...
2025-07-25 01:18:10,849 - __main__ - ERROR - ❌ Error in application cycle: [Errno 32] Broken pipe
2025-07-25 01:18:10,852 - __main__ - INFO - ⏳ Waiting 2 minutes before retry...
2025-07-25 01:20:10,856 - __main__ - INFO - 🔍 Looking for job opportunities (attempt 1)...
2025-07-25 01:20:12,196 - __main__ - ERROR - ❌ Error in application cycle: [Errno 32] Broken pipe
2025-07-25 01:20:12,198 - __main__ - INFO - ⏳ Waiting 2 minutes before retry...
2025-07-25 01:22:12,200 - __main__ - INFO - 🔍 Looking for job opportunities (attempt 1)...
2025-07-25 01:22:13,848 - __main__ - ERROR - ❌ Error in application cycle: [Errno 32] Broken pipe
2025-07-25 01:22:13,849 - __main__ - INFO - ⏳ Waiting 2 minutes before retry...
2025-07-25 01:24:13,853 - __main__ - INFO - 🔍 Looking for job opportunities (attempt 1)...
2025-07-25 01:24:16,564 - __main__ - ERROR - ❌ Error in application cycle: [Errno 32] Broken pipe
2025-07-25 01:24:16,566 - __main__ - INFO - ⏳ Waiting 2 minutes before retry...
2025-07-25 01:26:16,568 - __main__ - INFO - 🔍 Looking for job opportunities (attempt 1)...
2025-07-25 01:26:17,838 - __main__ - ERROR - ❌ Error in application cycle: [Errno 32] Broken pipe
2025-07-25 01:26:17,841 - __main__ - INFO - ⏳ Waiting 2 minutes before retry...
2025-07-25 01:28:17,843 - __main__ - INFO - 🔍 Looking for job opportunities (attempt 1)...
2025-07-25 01:28:20,818 - __main__ - ERROR - ❌ Error in application cycle: [Errno 32] Broken pipe
2025-07-25 01:28:20,821 - __main__ - INFO - ⏳ Waiting 2 minutes before retry...
2025-07-25 01:30:20,822 - __main__ - INFO - 🔍 Looking for job opportunities (attempt 1)...
2025-07-25 01:30:23,125 - __main__ - ERROR - ❌ Error in application cycle: [Errno 32] Broken pipe
2025-07-25 01:30:23,127 - __main__ - INFO - ⏳ Waiting 2 minutes before retry...
2025-07-25 01:32:23,130 - __main__ - INFO - 🔍 Looking for job opportunities (attempt 1)...
2025-07-25 01:32:24,952 - __main__ - ERROR - ❌ Error in application cycle: [Errno 32] Broken pipe
2025-07-25 01:32:24,954 - __main__ - INFO - ⏳ Waiting 2 minutes before retry...
2025-07-25 01:34:24,956 - __main__ - INFO - 🔍 Looking for job opportunities (attempt 1)...
2025-07-25 01:34:27,731 - __main__ - ERROR - ❌ Error in application cycle: [Errno 32] Broken pipe
2025-07-25 01:34:27,732 - __main__ - INFO - ⏳ Waiting 2 minutes before retry...
2025-07-25 01:36:27,735 - __main__ - INFO - 🔍 Looking for job opportunities (attempt 1)...
2025-07-25 01:36:28,981 - __main__ - ERROR - ❌ Error in application cycle: [Errno 32] Broken pipe
2025-07-25 01:36:28,984 - __main__ - INFO - ⏳ Waiting 2 minutes before retry...
2025-07-25 01:38:28,984 - __main__ - INFO - 🔍 Looking for job opportunities (attempt 1)...
2025-07-25 01:38:31,745 - __main__ - ERROR - ❌ Error in application cycle: [Errno 32] Broken pipe
2025-07-25 01:38:31,748 - __main__ - INFO - ⏳ Waiting 2 minutes before retry...
2025-07-25 01:40:31,750 - __main__ - INFO - 🔍 Looking for job opportunities (attempt 1)...
2025-07-25 01:40:34,705 - __main__ - ERROR - ❌ Error in application cycle: [Errno 32] Broken pipe
2025-07-25 01:40:34,706 - __main__ - INFO - ⏳ Waiting 2 minutes before retry...
2025-07-25 01:42:34,709 - __main__ - INFO - 🔍 Looking for job opportunities (attempt 1)...
2025-07-25 01:42:37,546 - __main__ - ERROR - ❌ Error in application cycle: [Errno 32] Broken pipe
2025-07-25 01:42:37,547 - __main__ - INFO - ⏳ Waiting 2 minutes before retry...
2025-07-25 01:44:37,550 - __main__ - INFO - 🔍 Looking for job opportunities (attempt 1)...
2025-07-25 01:44:39,836 - __main__ - ERROR - ❌ Error in application cycle: [Errno 32] Broken pipe
2025-07-25 01:44:39,839 - __main__ - INFO - ⏳ Waiting 2 minutes before retry...
2025-07-25 01:46:39,844 - __main__ - INFO - 🔍 Looking for job opportunities (attempt 1)...
2025-07-25 01:46:41,800 - __main__ - ERROR - ❌ Error in application cycle: [Errno 32] Broken pipe
2025-07-25 01:46:41,802 - __main__ - INFO - ⏳ Waiting 2 minutes before retry...
2025-07-25 01:48:41,805 - __main__ - INFO - 🔍 Looking for job opportunities (attempt 1)...
2025-07-25 01:48:43,644 - __main__ - ERROR - ❌ Error in application cycle: [Errno 32] Broken pipe
2025-07-25 01:48:43,646 - __main__ - INFO - ⏳ Waiting 2 minutes before retry...
2025-07-25 01:50:43,649 - __main__ - INFO - 🔍 Looking for job opportunities (attempt 1)...
2025-07-25 01:50:44,808 - __main__ - ERROR - ❌ Error in application cycle: [Errno 32] Broken pipe
2025-07-25 01:50:44,811 - __main__ - INFO - ⏳ Waiting 2 minutes before retry...
2025-07-25 01:52:44,811 - __main__ - INFO - 🔍 Looking for job opportunities (attempt 1)...
2025-07-25 01:52:46,766 - __main__ - ERROR - ❌ Error in application cycle: [Errno 32] Broken pipe
2025-07-25 01:52:46,769 - __main__ - INFO - ⏳ Waiting 2 minutes before retry...
2025-07-25 01:54:46,771 - __main__ - INFO - 🔍 Looking for job opportunities (attempt 1)...
2025-07-25 01:54:49,593 - __main__ - ERROR - ❌ Error in application cycle: [Errno 32] Broken pipe
2025-07-25 01:54:49,596 - __main__ - INFO - ⏳ Waiting 2 minutes before retry...
2025-07-25 01:56:49,598 - __main__ - INFO - 🔍 Looking for job opportunities (attempt 1)...
2025-07-25 01:56:51,498 - __main__ - ERROR - ❌ Error in application cycle: [Errno 32] Broken pipe
2025-07-25 01:56:51,499 - __main__ - INFO - ⏳ Waiting 2 minutes before retry...
2025-07-25 01:58:51,501 - __main__ - INFO - 🔍 Looking for job opportunities (attempt 1)...
2025-07-25 01:58:53,379 - __main__ - ERROR - ❌ Error in application cycle: [Errno 32] Broken pipe
2025-07-25 01:58:53,382 - __main__ - INFO - ⏳ Waiting 2 minutes before retry...
2025-07-25 02:00:53,385 - __main__ - INFO - 🔍 Looking for job opportunities (attempt 1)...
2025-07-25 02:00:54,624 - __main__ - ERROR - ❌ Error in application cycle: [Errno 32] Broken pipe
2025-07-25 02:00:54,626 - __main__ - INFO - ⏳ Waiting 2 minutes before retry...
2025-07-25 02:02:54,628 - __main__ - INFO - 🔍 Looking for job opportunities (attempt 1)...
2025-07-25 02:02:56,216 - __main__ - ERROR - ❌ Error in application cycle: [Errno 32] Broken pipe
2025-07-25 02:02:56,219 - __main__ - INFO - ⏳ Waiting 2 minutes before retry...
2025-07-25 02:04:56,221 - __main__ - INFO - 🔍 Looking for job opportunities (attempt 1)...
2025-07-25 02:04:59,072 - __main__ - ERROR - ❌ Error in application cycle: [Errno 32] Broken pipe
2025-07-25 02:04:59,075 - __main__ - INFO - ⏳ Waiting 2 minutes before retry...
2025-07-25 02:06:59,078 - __main__ - INFO - 🔍 Looking for job opportunities (attempt 1)...
2025-07-25 02:07:01,216 - __main__ - ERROR - ❌ Error in application cycle: [Errno 32] Broken pipe
2025-07-25 02:07:01,219 - __main__ - INFO - ⏳ Waiting 2 minutes before retry...
2025-07-25 02:09:01,228 - __main__ - INFO - 🔍 Looking for job opportunities (attempt 1)...
2025-07-25 02:09:02,477 - __main__ - ERROR - ❌ Error in application cycle: [Errno 32] Broken pipe
2025-07-25 02:09:02,480 - __main__ - INFO - ⏳ Waiting 2 minutes before retry...
2025-07-25 02:11:02,484 - __main__ - INFO - 🔍 Looking for job opportunities (attempt 1)...
2025-07-25 02:11:05,440 - __main__ - ERROR - ❌ Error in application cycle: [Errno 32] Broken pipe
2025-07-25 02:11:05,443 - __main__ - INFO - ⏳ Waiting 2 minutes before retry...
2025-07-25 02:13:05,446 - __main__ - INFO - 🔍 Looking for job opportunities (attempt 1)...
2025-07-25 02:13:07,235 - __main__ - ERROR - ❌ Error in application cycle: [Errno 32] Broken pipe
2025-07-25 02:13:07,237 - __main__ - INFO - ⏳ Waiting 2 minutes before retry...
2025-07-25 02:15:07,240 - __main__ - INFO - 🔍 Looking for job opportunities (attempt 1)...
2025-07-25 02:15:08,848 - __main__ - ERROR - ❌ Error in application cycle: [Errno 32] Broken pipe
2025-07-25 02:15:08,851 - __main__ - INFO - ⏳ Waiting 2 minutes before retry...
2025-07-25 02:17:08,853 - __main__ - INFO - 🔍 Looking for job opportunities (attempt 1)...
2025-07-25 02:17:11,852 - __main__ - ERROR - ❌ Error in application cycle: [Errno 32] Broken pipe
2025-07-25 02:17:11,855 - __main__ - INFO - ⏳ Waiting 2 minutes before retry...
2025-07-25 02:19:11,857 - __main__ - INFO - 🔍 Looking for job opportunities (attempt 1)...
2025-07-25 02:19:13,080 - __main__ - ERROR - ❌ Error in application cycle: [Errno 32] Broken pipe
2025-07-25 02:19:13,082 - __main__ - INFO - ⏳ Waiting 2 minutes before retry...
2025-07-25 02:21:13,086 - __main__ - INFO - 🔍 Looking for job opportunities (attempt 1)...
2025-07-25 02:21:15,744 - __main__ - ERROR - ❌ Error in application cycle: [Errno 32] Broken pipe
2025-07-25 02:21:15,747 - __main__ - INFO - ⏳ Waiting 2 minutes before retry...
2025-07-25 02:23:15,749 - __main__ - INFO - 🔍 Looking for job opportunities (attempt 1)...
2025-07-25 02:23:18,000 - __main__ - ERROR - ❌ Error in application cycle: [Errno 32] Broken pipe
2025-07-25 02:23:18,002 - __main__ - INFO - ⏳ Waiting 2 minutes before retry...
2025-07-25 02:25:18,005 - __main__ - INFO - 🔍 Looking for job opportunities (attempt 1)...
2025-07-25 02:25:20,501 - __main__ - ERROR - ❌ Error in application cycle: [Errno 32] Broken pipe
2025-07-25 02:25:20,503 - __main__ - INFO - ⏳ Waiting 2 minutes before retry...
2025-07-25 02:27:20,506 - __main__ - INFO - 🔍 Looking for job opportunities (attempt 1)...
2025-07-25 02:27:23,319 - __main__ - ERROR - ❌ Error in application cycle: [Errno 32] Broken pipe
2025-07-25 02:27:23,322 - __main__ - INFO - ⏳ Waiting 2 minutes before retry...
2025-07-25 02:29:23,325 - __main__ - INFO - 🔍 Looking for job opportunities (attempt 1)...
2025-07-25 02:29:26,211 - __main__ - ERROR - ❌ Error in application cycle: [Errno 32] Broken pipe
2025-07-25 02:29:26,214 - __main__ - INFO - ⏳ Waiting 2 minutes before retry...
2025-07-25 02:31:26,216 - __main__ - INFO - 🔍 Looking for job opportunities (attempt 1)...
2025-07-25 02:31:28,818 - __main__ - ERROR - ❌ Error in application cycle: [Errno 32] Broken pipe
2025-07-25 02:31:28,821 - __main__ - INFO - ⏳ Waiting 2 minutes before retry...
2025-07-25 02:33:28,824 - __main__ - INFO - 🔍 Looking for job opportunities (attempt 1)...
2025-07-25 02:33:31,022 - __main__ - ERROR - ❌ Error in application cycle: [Errno 32] Broken pipe
2025-07-25 02:33:31,025 - __main__ - INFO - ⏳ Waiting 2 minutes before retry...
2025-07-25 02:35:31,025 - __main__ - INFO - 🔍 Looking for job opportunities (attempt 1)...
2025-07-25 02:35:33,533 - __main__ - ERROR - ❌ Error in application cycle: [Errno 32] Broken pipe
2025-07-25 02:35:33,535 - __main__ - INFO - ⏳ Waiting 2 minutes before retry...
2025-07-25 02:37:33,536 - __main__ - INFO - 🔍 Looking for job opportunities (attempt 1)...
2025-07-25 02:37:35,261 - __main__ - ERROR - ❌ Error in application cycle: [Errno 32] Broken pipe
2025-07-25 02:37:35,262 - __main__ - INFO - ⏳ Waiting 2 minutes before retry...
2025-07-25 02:39:35,264 - __main__ - INFO - 🔍 Looking for job opportunities (attempt 1)...
2025-07-25 02:39:37,816 - __main__ - ERROR - ❌ Error in application cycle: [Errno 32] Broken pipe
2025-07-25 02:39:37,819 - __main__ - INFO - ⏳ Waiting 2 minutes before retry...
2025-07-25 02:41:37,822 - __main__ - INFO - 🔍 Looking for job opportunities (attempt 1)...
2025-07-25 02:41:39,925 - __main__ - ERROR - ❌ Error in application cycle: [Errno 32] Broken pipe
2025-07-25 02:41:39,928 - __main__ - INFO - ⏳ Waiting 2 minutes before retry...
2025-07-25 02:43:39,930 - __main__ - INFO - 🔍 Looking for job opportunities (attempt 1)...
2025-07-25 02:43:41,583 - __main__ - ERROR - ❌ Error in application cycle: [Errno 32] Broken pipe
2025-07-25 02:43:41,585 - __main__ - INFO - ⏳ Waiting 2 minutes before retry...
2025-07-25 02:45:41,588 - __main__ - INFO - 🔍 Looking for job opportunities (attempt 1)...
2025-07-25 02:45:43,520 - __main__ - ERROR - ❌ Error in application cycle: [Errno 32] Broken pipe
2025-07-25 02:45:43,522 - __main__ - INFO - ⏳ Waiting 2 minutes before retry...
2025-07-25 02:47:43,524 - __main__ - INFO - 🔍 Looking for job opportunities (attempt 1)...
2025-07-25 02:47:46,420 - __main__ - ERROR - ❌ Error in application cycle: [Errno 32] Broken pipe
2025-07-25 02:47:46,423 - __main__ - INFO - ⏳ Waiting 2 minutes before retry...
2025-07-25 02:49:46,427 - __main__ - INFO - 🔍 Looking for job opportunities (attempt 1)...
2025-07-25 02:49:47,563 - __main__ - ERROR - ❌ Error in application cycle: [Errno 32] Broken pipe
2025-07-25 02:49:47,566 - __main__ - INFO - ⏳ Waiting 2 minutes before retry...
2025-07-25 02:51:47,568 - __main__ - INFO - 🔍 Looking for job opportunities (attempt 1)...
2025-07-25 02:51:48,690 - __main__ - ERROR - ❌ Error in application cycle: [Errno 32] Broken pipe
2025-07-25 02:51:48,693 - __main__ - INFO - ⏳ Waiting 2 minutes before retry...
2025-07-25 02:53:48,695 - __main__ - INFO - 🔍 Looking for job opportunities (attempt 1)...
2025-07-25 02:53:50,588 - __main__ - ERROR - ❌ Error in application cycle: [Errno 32] Broken pipe
2025-07-25 02:53:50,589 - __main__ - INFO - ⏳ Waiting 2 minutes before retry...
2025-07-25 02:55:50,592 - __main__ - INFO - 🔍 Looking for job opportunities (attempt 1)...
2025-07-25 02:55:53,221 - __main__ - ERROR - ❌ Error in application cycle: [Errno 32] Broken pipe
2025-07-25 02:55:53,223 - __main__ - INFO - ⏳ Waiting 2 minutes before retry...
2025-07-25 02:57:53,226 - __main__ - INFO - 🔍 Looking for job opportunities (attempt 1)...
2025-07-25 02:57:55,154 - __main__ - ERROR - ❌ Error in application cycle: [Errno 32] Broken pipe
2025-07-25 02:57:55,157 - __main__ - INFO - ⏳ Waiting 2 minutes before retry...
2025-07-25 02:59:55,157 - __main__ - INFO - 🔍 Looking for job opportunities (attempt 1)...
2025-07-25 02:59:57,408 - __main__ - ERROR - ❌ Error in application cycle: [Errno 32] Broken pipe
2025-07-25 02:59:57,411 - __main__ - INFO - ⏳ Waiting 2 minutes before retry...
2025-07-25 03:01:57,412 - __main__ - INFO - 🔍 Looking for job opportunities (attempt 1)...
2025-07-25 03:02:00,012 - __main__ - ERROR - ❌ Error in application cycle: [Errno 32] Broken pipe
2025-07-25 03:02:00,015 - __main__ - INFO - ⏳ Waiting 2 minutes before retry...
2025-07-25 03:04:00,017 - __main__ - INFO - 🔍 Looking for job opportunities (attempt 1)...
2025-07-25 03:04:02,577 - __main__ - ERROR - ❌ Error in application cycle: [Errno 32] Broken pipe
2025-07-25 03:04:02,580 - __main__ - INFO - ⏳ Waiting 2 minutes before retry...
2025-07-25 03:06:02,582 - __main__ - INFO - 🔍 Looking for job opportunities (attempt 1)...
2025-07-25 03:06:04,957 - __main__ - ERROR - ❌ Error in application cycle: [Errno 32] Broken pipe
2025-07-25 03:06:04,959 - __main__ - INFO - ⏳ Waiting 2 minutes before retry...
2025-07-25 03:08:04,960 - __main__ - INFO - 🔍 Looking for job opportunities (attempt 1)...
2025-07-25 03:08:07,840 - __main__ - ERROR - ❌ Error in application cycle: [Errno 32] Broken pipe
2025-07-25 03:08:07,843 - __main__ - INFO - ⏳ Waiting 2 minutes before retry...
2025-07-25 03:10:07,845 - __main__ - INFO - 🔍 Looking for job opportunities (attempt 1)...
2025-07-25 03:10:10,817 - __main__ - ERROR - ❌ Error in application cycle: [Errno 32] Broken pipe
2025-07-25 03:10:10,820 - __main__ - INFO - ⏳ Waiting 2 minutes before retry...
2025-07-25 03:12:10,823 - __main__ - INFO - 🔍 Looking for job opportunities (attempt 1)...
2025-07-25 03:12:12,728 - __main__ - ERROR - ❌ Error in application cycle: [Errno 32] Broken pipe
2025-07-25 03:12:12,729 - __main__ - INFO - ⏳ Waiting 2 minutes before retry...
2025-07-25 03:30:17,688 - __main__ - INFO - 🔍 Looking for job opportunities (attempt 1)...
2025-07-25 03:30:19,622 - __main__ - ERROR - ❌ Error in application cycle: [Errno 32] Broken pipe
2025-07-25 03:30:19,624 - __main__ - INFO - ⏳ Waiting 2 minutes before retry...
2025-07-25 04:44:57,351 - __main__ - INFO - 🔍 Looking for job opportunities (attempt 1)...
2025-07-25 04:44:58,449 - __main__ - ERROR - ❌ Error in application cycle: [Errno 32] Broken pipe
2025-07-25 04:44:58,452 - __main__ - INFO - ⏳ Waiting 2 minutes before retry...
2025-07-25 06:16:20,501 - __main__ - INFO - 🔍 Looking for job opportunities (attempt 1)...
2025-07-25 06:16:21,778 - __main__ - ERROR - ❌ Error in application cycle: [Errno 32] Broken pipe
2025-07-25 06:16:21,780 - __main__ - INFO - ⏳ Waiting 2 minutes before retry...
2025-07-25 07:16:49,059 - __main__ - INFO - 🔍 Looking for job opportunities (attempt 1)...
2025-07-25 07:16:52,066 - __main__ - ERROR - ❌ Error in application cycle: [Errno 32] Broken pipe
2025-07-25 07:16:52,069 - __main__ - INFO - ⏳ Waiting 2 minutes before retry...
2025-07-25 08:03:51,246 - __main__ - INFO - 🔍 Looking for job opportunities (attempt 1)...
2025-07-25 08:03:54,168 - __main__ - ERROR - ❌ Error in application cycle: [Errno 32] Broken pipe
2025-07-25 08:03:54,172 - __main__ - INFO - ⏳ Waiting 2 minutes before retry...
2025-07-25 09:00:03,776 - __main__ - INFO - 🔍 Looking for job opportunities (attempt 1)...
2025-07-25 09:00:05,587 - __main__ - ERROR - ❌ Error in application cycle: [Errno 32] Broken pipe
2025-07-25 09:00:05,589 - __main__ - INFO - ⏳ Waiting 2 minutes before retry...
2025-07-25 09:10:09,448 - __main__ - INFO - 🔍 Looking for job opportunities (attempt 1)...
2025-07-25 09:10:12,069 - __main__ - ERROR - ❌ Error in application cycle: [Errno 32] Broken pipe
2025-07-25 09:10:12,071 - __main__ - INFO - ⏳ Waiting 2 minutes before retry...
2025-07-25 09:12:12,072 - __main__ - INFO - 🔍 Looking for job opportunities (attempt 1)...
2025-07-25 09:12:14,326 - __main__ - ERROR - ❌ Error in application cycle: [Errno 32] Broken pipe
2025-07-25 09:12:14,329 - __main__ - INFO - ⏳ Waiting 2 minutes before retry...
2025-07-25 09:14:14,331 - __main__ - INFO - 🔍 Looking for job opportunities (attempt 1)...
2025-07-25 09:14:17,269 - __main__ - ERROR - ❌ Error in application cycle: [Errno 32] Broken pipe
2025-07-25 09:14:17,271 - __main__ - INFO - ⏳ Waiting 2 minutes before retry...
2025-07-25 09:16:17,273 - __main__ - INFO - 🔍 Looking for job opportunities (attempt 1)...
2025-07-25 09:16:20,139 - __main__ - ERROR - ❌ Error in application cycle: [Errno 32] Broken pipe
2025-07-25 09:16:20,141 - __main__ - INFO - ⏳ Waiting 2 minutes before retry...
2025-07-25 09:18:20,143 - __main__ - INFO - 🔍 Looking for job opportunities (attempt 1)...
2025-07-25 09:18:23,043 - __main__ - ERROR - ❌ Error in application cycle: [Errno 32] Broken pipe
2025-07-25 09:18:23,045 - __main__ - INFO - ⏳ Waiting 2 minutes before retry...
2025-07-25 09:20:23,046 - __main__ - INFO - 🔍 Looking for job opportunities (attempt 1)...
2025-07-25 09:20:24,570 - __main__ - ERROR - ❌ Error in application cycle: [Errno 32] Broken pipe
2025-07-25 09:20:24,574 - __main__ - INFO - ⏳ Waiting 2 minutes before retry...
2025-07-25 09:22:24,576 - __main__ - INFO - 🔍 Looking for job opportunities (attempt 1)...
2025-07-25 09:22:27,585 - __main__ - ERROR - ❌ Error in application cycle: [Errno 32] Broken pipe
2025-07-25 09:22:27,588 - __main__ - INFO - ⏳ Waiting 2 minutes before retry...
2025-07-25 09:24:27,589 - __main__ - INFO - 🔍 Looking for job opportunities (attempt 1)...
2025-07-25 09:24:30,115 - __main__ - ERROR - ❌ Error in application cycle: [Errno 32] Broken pipe
2025-07-25 09:24:30,117 - __main__ - INFO - ⏳ Waiting 2 minutes before retry...
2025-07-25 09:26:30,119 - __main__ - INFO - 🔍 Looking for job opportunities (attempt 1)...
2025-07-25 09:26:31,867 - __main__ - ERROR - ❌ Error in application cycle: [Errno 32] Broken pipe
2025-07-25 09:26:31,870 - __main__ - INFO - ⏳ Waiting 2 minutes before retry...
2025-07-25 09:28:31,870 - __main__ - INFO - 🔍 Looking for job opportunities (attempt 1)...
2025-07-25 09:28:34,182 - __main__ - ERROR - ❌ Error in application cycle: [Errno 32] Broken pipe
2025-07-25 09:28:34,184 - __main__ - INFO - ⏳ Waiting 2 minutes before retry...
2025-07-25 09:30:34,185 - __main__ - INFO - 🔍 Looking for job opportunities (attempt 1)...
2025-07-25 09:30:35,872 - __main__ - ERROR - ❌ Error in application cycle: [Errno 32] Broken pipe
2025-07-25 09:30:35,874 - __main__ - INFO - ⏳ Waiting 2 minutes before retry...
2025-07-25 09:32:35,875 - __main__ - INFO - 🔍 Looking for job opportunities (attempt 1)...
2025-07-25 09:32:37,049 - __main__ - ERROR - ❌ Error in application cycle: [Errno 32] Broken pipe
2025-07-25 09:32:37,051 - __main__ - INFO - ⏳ Waiting 2 minutes before retry...
2025-07-25 09:34:37,051 - __main__ - INFO - 🔍 Looking for job opportunities (attempt 1)...
2025-07-25 09:34:39,265 - __main__ - ERROR - ❌ Error in application cycle: [Errno 32] Broken pipe
2025-07-25 09:34:39,268 - __main__ - INFO - ⏳ Waiting 2 minutes before retry...
2025-07-25 09:36:39,269 - __main__ - INFO - 🔍 Looking for job opportunities (attempt 1)...
2025-07-25 09:36:41,351 - __main__ - ERROR - ❌ Error in application cycle: [Errno 32] Broken pipe
2025-07-25 09:36:41,352 - __main__ - INFO - ⏳ Waiting 2 minutes before retry...
2025-07-25 09:38:41,352 - __main__ - INFO - 🔍 Looking for job opportunities (attempt 1)...
2025-07-25 09:38:43,982 - __main__ - ERROR - ❌ Error in application cycle: [Errno 32] Broken pipe
2025-07-25 09:38:43,983 - __main__ - INFO - ⏳ Waiting 2 minutes before retry...
2025-07-25 09:40:43,938 - __main__ - INFO - 🔍 Looking for job opportunities (attempt 1)...
2025-07-25 09:40:46,327 - __main__ - ERROR - ❌ Error in application cycle: [Errno 32] Broken pipe
2025-07-25 09:40:46,329 - __main__ - INFO - ⏳ Waiting 2 minutes before retry...
2025-07-25 09:42:46,328 - __main__ - INFO - 🔍 Looking for job opportunities (attempt 1)...
2025-07-25 09:42:47,939 - __main__ - ERROR - ❌ Error in application cycle: [Errno 32] Broken pipe
2025-07-25 09:42:47,940 - __main__ - INFO - ⏳ Waiting 2 minutes before retry...
2025-07-25 09:44:47,940 - __main__ - INFO - 🔍 Looking for job opportunities (attempt 1)...
2025-07-25 09:44:50,375 - __main__ - ERROR - ❌ Error in application cycle: [Errno 32] Broken pipe
2025-07-25 09:44:50,378 - __main__ - INFO - ⏳ Waiting 2 minutes before retry...
2025-07-25 09:46:50,379 - __main__ - INFO - 🔍 Looking for job opportunities (attempt 1)...
2025-07-25 09:46:52,447 - __main__ - ERROR - ❌ Error in application cycle: [Errno 32] Broken pipe
2025-07-25 09:46:52,449 - __main__ - INFO - ⏳ Waiting 2 minutes before retry...
2025-07-25 09:48:52,450 - __main__ - INFO - 🔍 Looking for job opportunities (attempt 1)...
2025-07-25 09:48:53,731 - __main__ - ERROR - ❌ Error in application cycle: [Errno 32] Broken pipe
2025-07-25 09:48:53,734 - __main__ - INFO - ⏳ Waiting 2 minutes before retry...
2025-07-25 09:50:53,733 - __main__ - INFO - 🔍 Looking for job opportunities (attempt 1)...
2025-07-25 09:50:55,088 - __main__ - ERROR - ❌ Error in application cycle: [Errno 32] Broken pipe
2025-07-25 09:50:55,089 - __main__ - INFO - ⏳ Waiting 2 minutes before retry...
2025-07-25 09:52:55,089 - __main__ - INFO - 🔍 Looking for job opportunities (attempt 1)...
2025-07-25 09:52:56,517 - __main__ - ERROR - ❌ Error in application cycle: [Errno 32] Broken pipe
2025-07-25 09:52:56,518 - __main__ - INFO - ⏳ Waiting 2 minutes before retry...
2025-07-25 09:54:56,520 - __main__ - INFO - 🔍 Looking for job opportunities (attempt 1)...
2025-07-25 09:54:57,727 - __main__ - ERROR - ❌ Error in application cycle: [Errno 32] Broken pipe
2025-07-25 09:54:57,730 - __main__ - INFO - ⏳ Waiting 2 minutes before retry...
2025-07-25 09:56:57,737 - __main__ - INFO - 🔍 Looking for job opportunities (attempt 1)...
2025-07-25 09:57:00,057 - __main__ - ERROR - ❌ Error in application cycle: [Errno 32] Broken pipe
2025-07-25 09:57:00,059 - __main__ - INFO - ⏳ Waiting 2 minutes before retry...
2025-07-25 09:59:00,059 - __main__ - INFO - 🔍 Looking for job opportunities (attempt 1)...
2025-07-25 09:59:02,121 - __main__ - ERROR - ❌ Error in application cycle: [Errno 32] Broken pipe
2025-07-25 09:59:02,122 - __main__ - INFO - ⏳ Waiting 2 minutes before retry...
2025-07-25 10:01:02,123 - __main__ - INFO - 🔍 Looking for job opportunities (attempt 1)...
2025-07-25 10:01:03,633 - __main__ - ERROR - ❌ Error in application cycle: [Errno 32] Broken pipe
2025-07-25 10:01:03,635 - __main__ - INFO - ⏳ Waiting 2 minutes before retry...
2025-07-25 10:03:03,634 - __main__ - INFO - 🔍 Looking for job opportunities (attempt 1)...
2025-07-25 10:03:04,898 - __main__ - ERROR - ❌ Error in application cycle: [Errno 32] Broken pipe
2025-07-25 10:03:04,900 - __main__ - INFO - ⏳ Waiting 2 minutes before retry...
2025-07-25 10:05:04,900 - __main__ - INFO - 🔍 Looking for job opportunities (attempt 1)...
2025-07-25 10:05:06,175 - __main__ - ERROR - ❌ Error in application cycle: [Errno 32] Broken pipe
2025-07-25 10:05:06,177 - __main__ - INFO - ⏳ Waiting 2 minutes before retry...
2025-07-25 10:07:06,178 - __main__ - INFO - 🔍 Looking for job opportunities (attempt 1)...
2025-07-25 10:07:08,049 - __main__ - ERROR - ❌ Error in application cycle: [Errno 32] Broken pipe
2025-07-25 10:07:08,051 - __main__ - INFO - ⏳ Waiting 2 minutes before retry...
2025-07-25 10:09:08,052 - __main__ - INFO - 🔍 Looking for job opportunities (attempt 1)...
2025-07-25 10:09:10,930 - __main__ - ERROR - ❌ Error in application cycle: [Errno 32] Broken pipe
2025-07-25 10:09:10,933 - __main__ - INFO - ⏳ Waiting 2 minutes before retry...
2025-07-25 10:11:10,927 - __main__ - INFO - 🔍 Looking for job opportunities (attempt 1)...
2025-07-25 10:11:13,262 - __main__ - ERROR - ❌ Error in application cycle: [Errno 32] Broken pipe
2025-07-25 10:11:13,264 - __main__ - INFO - ⏳ Waiting 2 minutes before retry...
2025-07-25 10:13:13,266 - __main__ - INFO - 🔍 Looking for job opportunities (attempt 1)...
2025-07-25 10:13:16,184 - __main__ - ERROR - ❌ Error in application cycle: [Errno 32] Broken pipe
2025-07-25 10:13:16,186 - __main__ - INFO - ⏳ Waiting 2 minutes before retry...
2025-07-25 10:15:16,186 - __main__ - INFO - 🔍 Looking for job opportunities (attempt 1)...
2025-07-25 10:15:18,893 - urllib3.connectionpool - WARNING - Retrying (Retry(total=2, connect=None, read=None, redirect=None, status=None)) after connection broken by 'NewConnectionError('<urllib3.connection.HTTPConnection object at 0x10cac80d0>: Failed to establish a new connection: [Errno 61] Connection refused')': /session/7f03b2eebad0f66f6050db34acf267b6/url
2025-07-25 10:15:18,894 - urllib3.connectionpool - WARNING - Retrying (Retry(total=1, connect=None, read=None, redirect=None, status=None)) after connection broken by 'NewConnectionError('<urllib3.connection.HTTPConnection object at 0x10f399e80>: Failed to establish a new connection: [Errno 61] Connection refused')': /session/7f03b2eebad0f66f6050db34acf267b6/url
2025-07-25 10:15:18,894 - urllib3.connectionpool - WARNING - Retrying (Retry(total=0, connect=None, read=None, redirect=None, status=None)) after connection broken by 'NewConnectionError('<urllib3.connection.HTTPConnection object at 0x10f3990a0>: Failed to establish a new connection: [Errno 61] Connection refused')': /session/7f03b2eebad0f66f6050db34acf267b6/url
2025-07-25 10:15:18,899 - __main__ - ERROR - ❌ Error in application cycle: [Errno 32] Broken pipe
2025-07-25 10:15:18,900 - __main__ - INFO - ⏳ Waiting 2 minutes before retry...
