2025-07-24 21:05:19,395 - __main__ - INFO - ✅ Parsed configuration from command line
2025-07-24 21:05:19,395 - __main__ - INFO - 🚀 Initializing Enhanced User Bot for user: bf5acf53-8862-48af-b9ab-3b73d3c5527a
2025-07-24 21:05:19,395 - __main__ - INFO - 📝 Session ID: bf5acf53-8862-48af-b9ab-3b73d3c5527a_1753405519
2025-07-24 21:05:19,395 - __main__ - INFO - 📋 Loading user configuration...
2025-07-24 21:05:19,395 - __main__ - INFO - ✅ Using provided configuration data
2025-07-24 21:05:19,395 - __main__ - INFO - 🔧 Merging provided config with required defaults...
2025-07-24 21:05:19,395 - __main__ - INFO - ✅ Configuration merged successfully with defaults
2025-07-24 21:05:19,395 - __main__ - INFO - ✅ Configuration loaded successfully
2025-07-24 21:05:19,395 - __main__ - INFO - 👤 LinkedIn Email: shaheersaud2004@gmail.com
2025-07-24 21:05:19,395 - __main__ - INFO - 🎯 Target Positions: Software Engineer, Developer
2025-07-24 21:05:19,395 - __main__ - INFO - 📍 Target Locations: Remote, New Jersey, New York
2025-07-24 21:05:19,395 - __main__ - INFO - ================================================================================
2025-07-24 21:05:19,395 - __main__ - INFO - 🚀 STARTING CONTINUOUS APPLICATION MODE
2025-07-24 21:05:19,395 - __main__ - INFO - ================================================================================
2025-07-24 21:05:19,395 - __main__ - INFO - 👤 User ID: bf5acf53-8862-48af-b9ab-3b73d3c5527a
2025-07-24 21:05:19,395 - __main__ - INFO - 📧 LinkedIn Email: shaheersaud2004@gmail.com
2025-07-24 21:05:19,395 - __main__ - INFO - 🎯 Target Positions: Software Engineer, Developer
2025-07-24 21:05:19,395 - __main__ - INFO - 📍 Target Locations: Remote, New Jersey, New York
2025-07-24 21:05:19,395 - __main__ - INFO - ⏰ Session Start: 2025-07-24 21:05:19
2025-07-24 21:05:19,395 - __main__ - INFO - 🎯 Maximum Applications: 5
2025-07-24 21:05:19,395 - __main__ - INFO - 🔧 Initializing browser...
2025-07-24 21:05:19,395 - __main__ - INFO - 🌐 Initializing Chrome browser...
2025-07-24 21:05:19,395 - __main__ - INFO - 🔄 Browser initialization attempt 1/3
2025-07-24 21:05:19,395 - __main__ - INFO - 🎭 Using user agent: Mozilla/5.0 (Macintosh; Intel Mac OS X 10_15_7) AppleWebKit/537.36 (KHTML, like Gecko) Chrome/138.0.0.0 Safari/537.36
2025-07-24 21:05:19,396 - __main__ - INFO - 🔧 Using chromedriver: /Users/shaheersaud/EASYAPPLYLINKEDINJULY17/chromedriver
2025-07-24 21:05:19,586 - __main__ - WARNING - ⚠️ Browser session creation failed (attempt 1): Message: session not created: probably user data directory is already in use, please specify a unique value for --user-data-dir argument, or don't use --user-data-dir; For documentation on this error, please visit: https://www.selenium.dev/documentation/webdriver/troubleshooting/errors#sessionnotcreatedexception
Stacktrace:
0   chromedriver                        0x0000000102a9f55c cxxbridge1$str$ptr + 2731064
1   chromedriver                        0x0000000102a97454 cxxbridge1$str$ptr + 2698032
2   chromedriver                        0x00000001025e63f8 cxxbridge1$string$len + 90664
3   chromedriver                        0x0000000102619eb8 cxxbridge1$string$len + 302312
4   chromedriver                        0x00000001026167d8 cxxbridge1$string$len + 288264
5   chromedriver                        0x000000010265ad3c cxxbridge1$string$len + 568172
6   chromedriver                        0x000000010265a5f0 cxxbridge1$string$len + 566304
7   chromedriver                        0x0000000102621a0c cxxbridge1$string$len + 333884
8   chromedriver                        0x0000000102a625e0 cxxbridge1$str$ptr + 2481340
9   chromedriver                        0x0000000102a65848 cxxbridge1$str$ptr + 2494244
10  chromedriver                        0x0000000102a43234 cxxbridge1$str$ptr + 2353424
11  chromedriver                        0x0000000102a66104 cxxbridge1$str$ptr + 2496480
12  chromedriver                        0x0000000102a342e4 cxxbridge1$str$ptr + 2292160
13  chromedriver                        0x0000000102a85ff8 cxxbridge1$str$ptr + 2627284
14  chromedriver                        0x0000000102a86184 cxxbridge1$str$ptr + 2627680
15  chromedriver                        0x0000000102a97090 cxxbridge1$str$ptr + 2697068
16  libsystem_pthread.dylib             0x00000001956c6c0c _pthread_start + 136
17  libsystem_pthread.dylib             0x00000001956c1b80 thread_start + 8

2025-07-24 21:05:21,592 - __main__ - INFO - 🔄 Browser initialization attempt 2/3
2025-07-24 21:05:21,592 - __main__ - INFO - 🔄 Using alternate Chrome directory: /Users/shaheersaud/EASYAPPLYLINKEDINJULY17/chrome_bot_user_bf5acf53-8862-48af-b9ab-3b73d3c5527a_65817a
2025-07-24 21:05:21,593 - __main__ - INFO - 🎭 Using user agent: Mozilla/5.0 (Macintosh; Intel Mac OS X 10_15_7) AppleWebKit/537.36 (KHTML, like Gecko) Chrome/138.0.0.0 Safari/537.36
2025-07-24 21:05:21,593 - __main__ - INFO - 🔧 Using chromedriver: /Users/shaheersaud/EASYAPPLYLINKEDINJULY17/chromedriver
2025-07-24 21:05:24,574 - __main__ - INFO - ✅ Browser initialized successfully (attempt 2)
2025-07-24 21:05:24,575 - __main__ - INFO - 🪟 Browser window size: {'width': 1710, 'height': 1015}
2025-07-24 21:05:24,575 - __main__ - INFO - ✅ Browser initialization complete
2025-07-24 21:05:24,575 - __main__ - INFO - 🤖 Initializing LinkedIn Easy Apply bot...
2025-07-24 21:05:24,577 - __main__ - INFO - ✅ LinkedIn bot initialized
2025-07-24 21:05:24,578 - __main__ - INFO - 🔐 Starting LinkedIn login process...
2025-07-24 21:05:48,794 - __main__ - INFO - ✅ LinkedIn login successful
2025-07-24 21:05:48,799 - __main__ - INFO - 🛡️ Performing security check...
2025-07-24 21:05:48,867 - __main__ - INFO - ✅ Security check passed
2025-07-24 21:05:48,868 - __main__ - INFO - 🎯 Starting job application process...
2025-07-24 21:05:48,869 - __main__ - INFO - 🔍 Looking for job opportunities (attempt 1)...
2025-07-24 21:10:59,185 - __main__ - INFO - ✅ Successfully applied to job #1
2025-07-24 21:10:59,189 - __main__ - INFO - ⏳ Waiting 154 seconds before next cycle...
2025-07-24 21:13:33,191 - __main__ - INFO - 🔍 Looking for job opportunities (attempt 2)...
2025-07-24 21:13:34,267 - __main__ - ERROR - ❌ Error in application cycle: [Errno 32] Broken pipe
2025-07-24 21:13:34,270 - __main__ - INFO - ⏳ Waiting 2 minutes before retry...
2025-07-24 21:15:34,271 - __main__ - INFO - 🔍 Looking for job opportunities (attempt 2)...
2025-07-24 21:15:36,339 - __main__ - ERROR - ❌ Error in application cycle: [Errno 32] Broken pipe
2025-07-24 21:15:36,340 - __main__ - INFO - ⏳ Waiting 2 minutes before retry...
2025-07-24 21:17:36,338 - __main__ - INFO - 🔍 Looking for job opportunities (attempt 2)...
2025-07-24 21:17:37,723 - __main__ - ERROR - ❌ Error in application cycle: [Errno 32] Broken pipe
2025-07-24 21:17:37,724 - __main__ - INFO - ⏳ Waiting 2 minutes before retry...
2025-07-24 21:19:37,727 - __main__ - INFO - 🔍 Looking for job opportunities (attempt 2)...
2025-07-24 21:19:40,143 - __main__ - ERROR - ❌ Error in application cycle: [Errno 32] Broken pipe
2025-07-24 21:19:40,145 - __main__ - INFO - ⏳ Waiting 2 minutes before retry...
2025-07-24 21:21:40,148 - __main__ - INFO - 🔍 Looking for job opportunities (attempt 2)...
2025-07-24 21:21:43,034 - __main__ - ERROR - ❌ Error in application cycle: [Errno 32] Broken pipe
2025-07-24 21:21:43,036 - __main__ - INFO - ⏳ Waiting 2 minutes before retry...
2025-07-24 21:23:43,039 - __main__ - INFO - 🔍 Looking for job opportunities (attempt 2)...
2025-07-24 21:23:44,470 - __main__ - ERROR - ❌ Error in application cycle: [Errno 32] Broken pipe
2025-07-24 21:23:44,474 - __main__ - INFO - ⏳ Waiting 2 minutes before retry...
2025-07-24 21:25:44,478 - __main__ - INFO - 🔍 Looking for job opportunities (attempt 2)...
2025-07-24 21:25:45,723 - __main__ - ERROR - ❌ Error in application cycle: [Errno 32] Broken pipe
2025-07-24 21:25:45,726 - __main__ - INFO - ⏳ Waiting 2 minutes before retry...
2025-07-24 21:27:45,727 - __main__ - INFO - 🔍 Looking for job opportunities (attempt 2)...
2025-07-24 21:27:48,213 - __main__ - ERROR - ❌ Error in application cycle: [Errno 32] Broken pipe
2025-07-24 21:27:48,216 - __main__ - INFO - ⏳ Waiting 2 minutes before retry...
2025-07-24 21:29:48,219 - __main__ - INFO - 🔍 Looking for job opportunities (attempt 2)...
2025-07-24 21:29:50,875 - __main__ - ERROR - ❌ Error in application cycle: [Errno 32] Broken pipe
2025-07-24 21:29:50,879 - __main__ - INFO - ⏳ Waiting 2 minutes before retry...
2025-07-24 21:31:50,882 - __main__ - INFO - 🔍 Looking for job opportunities (attempt 2)...
2025-07-24 21:31:52,273 - __main__ - ERROR - ❌ Error in application cycle: [Errno 32] Broken pipe
2025-07-24 21:31:52,275 - __main__ - INFO - ⏳ Waiting 2 minutes before retry...
2025-07-24 21:33:52,278 - __main__ - INFO - 🔍 Looking for job opportunities (attempt 2)...
2025-07-24 21:33:54,376 - __main__ - ERROR - ❌ Error in application cycle: [Errno 32] Broken pipe
2025-07-24 21:33:54,379 - __main__ - INFO - ⏳ Waiting 2 minutes before retry...
2025-07-24 21:35:54,380 - __main__ - INFO - 🔍 Looking for job opportunities (attempt 2)...
2025-07-24 21:35:56,727 - __main__ - ERROR - ❌ Error in application cycle: [Errno 32] Broken pipe
2025-07-24 21:35:56,730 - __main__ - INFO - ⏳ Waiting 2 minutes before retry...
2025-07-24 21:37:56,733 - __main__ - INFO - 🔍 Looking for job opportunities (attempt 2)...
2025-07-24 21:37:58,393 - __main__ - ERROR - ❌ Error in application cycle: [Errno 32] Broken pipe
2025-07-24 21:37:58,395 - __main__ - INFO - ⏳ Waiting 2 minutes before retry...
2025-07-24 21:39:58,397 - __main__ - INFO - 🔍 Looking for job opportunities (attempt 2)...
2025-07-24 21:40:00,486 - __main__ - ERROR - ❌ Error in application cycle: [Errno 32] Broken pipe
2025-07-24 21:40:00,489 - __main__ - INFO - ⏳ Waiting 2 minutes before retry...
2025-07-24 21:42:00,493 - __main__ - INFO - 🔍 Looking for job opportunities (attempt 2)...
2025-07-24 21:42:03,086 - __main__ - ERROR - ❌ Error in application cycle: [Errno 32] Broken pipe
2025-07-24 21:42:03,088 - __main__ - INFO - ⏳ Waiting 2 minutes before retry...
2025-07-24 21:44:03,091 - __main__ - INFO - 🔍 Looking for job opportunities (attempt 2)...
2025-07-24 21:44:05,126 - __main__ - ERROR - ❌ Error in application cycle: [Errno 32] Broken pipe
2025-07-24 21:44:05,128 - __main__ - INFO - ⏳ Waiting 2 minutes before retry...
2025-07-24 21:46:05,131 - __main__ - INFO - 🔍 Looking for job opportunities (attempt 2)...
2025-07-24 21:46:06,467 - __main__ - ERROR - ❌ Error in application cycle: [Errno 32] Broken pipe
2025-07-24 21:46:06,470 - __main__ - INFO - ⏳ Waiting 2 minutes before retry...
2025-07-24 21:48:06,504 - __main__ - INFO - 🔍 Looking for job opportunities (attempt 2)...
2025-07-24 21:48:08,356 - __main__ - ERROR - ❌ Error in application cycle: [Errno 32] Broken pipe
2025-07-24 21:48:08,358 - __main__ - INFO - ⏳ Waiting 2 minutes before retry...
2025-07-24 21:50:08,362 - __main__ - INFO - 🔍 Looking for job opportunities (attempt 2)...
2025-07-24 21:50:09,725 - __main__ - ERROR - ❌ Error in application cycle: [Errno 32] Broken pipe
2025-07-24 21:50:09,728 - __main__ - INFO - ⏳ Waiting 2 minutes before retry...
2025-07-24 21:52:09,732 - __main__ - INFO - 🔍 Looking for job opportunities (attempt 2)...
2025-07-24 21:52:11,829 - __main__ - ERROR - ❌ Error in application cycle: [Errno 32] Broken pipe
2025-07-24 21:52:11,832 - __main__ - INFO - ⏳ Waiting 2 minutes before retry...
2025-07-24 21:54:11,838 - __main__ - INFO - 🔍 Looking for job opportunities (attempt 2)...
2025-07-24 21:54:13,098 - __main__ - ERROR - ❌ Error in application cycle: [Errno 32] Broken pipe
2025-07-24 21:54:13,101 - __main__ - INFO - ⏳ Waiting 2 minutes before retry...
2025-07-24 21:56:13,107 - __main__ - INFO - 🔍 Looking for job opportunities (attempt 2)...
2025-07-24 21:56:15,688 - __main__ - ERROR - ❌ Error in application cycle: [Errno 32] Broken pipe
2025-07-24 21:56:15,691 - __main__ - INFO - ⏳ Waiting 2 minutes before retry...
2025-07-24 21:58:15,693 - __main__ - INFO - 🔍 Looking for job opportunities (attempt 2)...
2025-07-24 21:58:18,101 - __main__ - ERROR - ❌ Error in application cycle: [Errno 32] Broken pipe
2025-07-24 21:58:18,105 - __main__ - INFO - ⏳ Waiting 2 minutes before retry...
2025-07-24 22:00:18,108 - __main__ - INFO - 🔍 Looking for job opportunities (attempt 2)...
2025-07-24 22:00:20,420 - __main__ - ERROR - ❌ Error in application cycle: [Errno 32] Broken pipe
2025-07-24 22:00:20,422 - __main__ - INFO - ⏳ Waiting 2 minutes before retry...
2025-07-24 22:02:20,426 - __main__ - INFO - 🔍 Looking for job opportunities (attempt 2)...
2025-07-24 22:02:22,228 - __main__ - ERROR - ❌ Error in application cycle: [Errno 32] Broken pipe
2025-07-24 22:02:22,231 - __main__ - INFO - ⏳ Waiting 2 minutes before retry...
2025-07-24 22:04:22,236 - __main__ - INFO - 🔍 Looking for job opportunities (attempt 2)...
2025-07-24 22:04:23,930 - __main__ - ERROR - ❌ Error in application cycle: [Errno 32] Broken pipe
2025-07-24 22:04:23,932 - __main__ - INFO - ⏳ Waiting 2 minutes before retry...
2025-07-24 22:06:23,936 - __main__ - INFO - 🔍 Looking for job opportunities (attempt 2)...
2025-07-24 22:06:26,445 - __main__ - ERROR - ❌ Error in application cycle: [Errno 32] Broken pipe
2025-07-24 22:06:26,447 - __main__ - INFO - ⏳ Waiting 2 minutes before retry...
2025-07-24 22:08:26,450 - __main__ - INFO - 🔍 Looking for job opportunities (attempt 2)...
2025-07-24 22:08:27,941 - __main__ - ERROR - ❌ Error in application cycle: [Errno 32] Broken pipe
2025-07-24 22:08:27,945 - __main__ - INFO - ⏳ Waiting 2 minutes before retry...
2025-07-24 22:10:27,949 - __main__ - INFO - 🔍 Looking for job opportunities (attempt 2)...
2025-07-24 22:10:30,424 - __main__ - ERROR - ❌ Error in application cycle: [Errno 32] Broken pipe
2025-07-24 22:10:30,426 - __main__ - INFO - ⏳ Waiting 2 minutes before retry...
2025-07-24 22:12:30,429 - __main__ - INFO - 🔍 Looking for job opportunities (attempt 2)...
2025-07-24 22:12:33,126 - __main__ - ERROR - ❌ Error in application cycle: [Errno 32] Broken pipe
2025-07-24 22:12:33,129 - __main__ - INFO - ⏳ Waiting 2 minutes before retry...
2025-07-24 22:14:33,126 - __main__ - INFO - 🔍 Looking for job opportunities (attempt 2)...
2025-07-24 22:14:34,195 - __main__ - ERROR - ❌ Error in application cycle: [Errno 32] Broken pipe
2025-07-24 22:14:34,198 - __main__ - INFO - ⏳ Waiting 2 minutes before retry...
2025-07-24 22:21:46,395 - __main__ - INFO - 🔍 Looking for job opportunities (attempt 2)...
2025-07-24 22:21:48,868 - __main__ - ERROR - ❌ Error in application cycle: [Errno 32] Broken pipe
2025-07-24 22:21:48,871 - __main__ - INFO - ⏳ Waiting 2 minutes before retry...
2025-07-24 22:25:30,494 - __main__ - INFO - 🔍 Looking for job opportunities (attempt 2)...
2025-07-24 22:25:33,158 - __main__ - ERROR - ❌ Error in application cycle: [Errno 32] Broken pipe
2025-07-24 22:25:33,160 - __main__ - INFO - ⏳ Waiting 2 minutes before retry...
2025-07-24 22:27:34,919 - __main__ - INFO - 🔍 Looking for job opportunities (attempt 2)...
2025-07-24 22:27:35,938 - __main__ - ERROR - ❌ Error in application cycle: [Errno 32] Broken pipe
2025-07-24 22:27:35,941 - __main__ - INFO - ⏳ Waiting 2 minutes before retry...
2025-07-24 22:30:02,977 - __main__ - INFO - 🔍 Looking for job opportunities (attempt 2)...
2025-07-24 22:30:05,651 - __main__ - ERROR - ❌ Error in application cycle: [Errno 32] Broken pipe
2025-07-24 22:30:05,653 - __main__ - INFO - ⏳ Waiting 2 minutes before retry...
2025-07-24 22:32:05,654 - __main__ - INFO - 🔍 Looking for job opportunities (attempt 2)...
2025-07-24 22:32:07,857 - __main__ - ERROR - ❌ Error in application cycle: [Errno 32] Broken pipe
2025-07-24 22:32:07,860 - __main__ - INFO - ⏳ Waiting 2 minutes before retry...
2025-07-24 22:34:07,862 - __main__ - INFO - 🔍 Looking for job opportunities (attempt 2)...
2025-07-24 22:34:09,926 - __main__ - ERROR - ❌ Error in application cycle: [Errno 32] Broken pipe
2025-07-24 22:34:09,928 - __main__ - INFO - ⏳ Waiting 2 minutes before retry...
2025-07-24 22:36:09,930 - __main__ - INFO - 🔍 Looking for job opportunities (attempt 2)...
2025-07-24 22:36:12,209 - __main__ - ERROR - ❌ Error in application cycle: [Errno 32] Broken pipe
2025-07-24 22:36:12,211 - __main__ - INFO - ⏳ Waiting 2 minutes before retry...
2025-07-24 22:38:12,212 - __main__ - INFO - 🔍 Looking for job opportunities (attempt 2)...
2025-07-24 22:38:13,984 - __main__ - ERROR - ❌ Error in application cycle: [Errno 32] Broken pipe
2025-07-24 22:38:13,986 - __main__ - INFO - ⏳ Waiting 2 minutes before retry...
2025-07-24 22:40:13,987 - __main__ - INFO - 🔍 Looking for job opportunities (attempt 2)...
2025-07-24 22:40:15,110 - __main__ - ERROR - ❌ Error in application cycle: [Errno 32] Broken pipe
2025-07-24 22:40:15,113 - __main__ - INFO - ⏳ Waiting 2 minutes before retry...
2025-07-24 22:42:15,126 - __main__ - INFO - 🔍 Looking for job opportunities (attempt 2)...
2025-07-24 22:42:17,317 - __main__ - ERROR - ❌ Error in application cycle: [Errno 32] Broken pipe
2025-07-24 22:42:17,319 - __main__ - INFO - ⏳ Waiting 2 minutes before retry...
2025-07-24 22:44:17,322 - __main__ - INFO - 🔍 Looking for job opportunities (attempt 2)...
2025-07-24 22:44:20,158 - __main__ - ERROR - ❌ Error in application cycle: [Errno 32] Broken pipe
2025-07-24 22:44:20,161 - __main__ - INFO - ⏳ Waiting 2 minutes before retry...
2025-07-24 22:46:20,163 - __main__ - INFO - 🔍 Looking for job opportunities (attempt 2)...
2025-07-24 22:46:21,761 - __main__ - ERROR - ❌ Error in application cycle: [Errno 32] Broken pipe
2025-07-24 22:46:21,763 - __main__ - INFO - ⏳ Waiting 2 minutes before retry...
2025-07-24 22:48:21,765 - __main__ - INFO - 🔍 Looking for job opportunities (attempt 2)...
2025-07-24 22:48:24,254 - __main__ - ERROR - ❌ Error in application cycle: [Errno 32] Broken pipe
2025-07-24 22:48:24,255 - __main__ - INFO - ⏳ Waiting 2 minutes before retry...
2025-07-24 22:50:24,260 - __main__ - INFO - 🔍 Looking for job opportunities (attempt 2)...
2025-07-24 22:50:25,350 - __main__ - ERROR - ❌ Error in application cycle: [Errno 32] Broken pipe
2025-07-24 22:50:25,352 - __main__ - INFO - ⏳ Waiting 2 minutes before retry...
2025-07-24 22:52:25,354 - __main__ - INFO - 🔍 Looking for job opportunities (attempt 2)...
2025-07-24 22:52:27,960 - __main__ - ERROR - ❌ Error in application cycle: [Errno 32] Broken pipe
2025-07-24 22:52:27,962 - __main__ - INFO - ⏳ Waiting 2 minutes before retry...
2025-07-24 22:54:27,965 - __main__ - INFO - 🔍 Looking for job opportunities (attempt 2)...
2025-07-24 22:54:30,779 - __main__ - ERROR - ❌ Error in application cycle: [Errno 32] Broken pipe
2025-07-24 22:54:30,781 - __main__ - INFO - ⏳ Waiting 2 minutes before retry...
2025-07-24 22:56:30,783 - __main__ - INFO - 🔍 Looking for job opportunities (attempt 2)...
2025-07-24 22:56:33,237 - __main__ - ERROR - ❌ Error in application cycle: [Errno 32] Broken pipe
2025-07-24 22:56:33,240 - __main__ - INFO - ⏳ Waiting 2 minutes before retry...
2025-07-24 22:58:33,242 - __main__ - INFO - 🔍 Looking for job opportunities (attempt 2)...
2025-07-24 22:58:34,285 - __main__ - ERROR - ❌ Error in application cycle: [Errno 32] Broken pipe
2025-07-24 22:58:34,287 - __main__ - INFO - ⏳ Waiting 2 minutes before retry...
2025-07-24 23:00:34,290 - __main__ - INFO - 🔍 Looking for job opportunities (attempt 2)...
2025-07-24 23:00:36,691 - __main__ - ERROR - ❌ Error in application cycle: [Errno 32] Broken pipe
2025-07-24 23:00:36,693 - __main__ - INFO - ⏳ Waiting 2 minutes before retry...
2025-07-24 23:02:36,695 - __main__ - INFO - 🔍 Looking for job opportunities (attempt 2)...
2025-07-24 23:02:38,791 - __main__ - ERROR - ❌ Error in application cycle: [Errno 32] Broken pipe
2025-07-24 23:02:38,792 - __main__ - INFO - ⏳ Waiting 2 minutes before retry...
2025-07-24 23:04:38,794 - __main__ - INFO - 🔍 Looking for job opportunities (attempt 2)...
2025-07-24 23:04:40,763 - __main__ - ERROR - ❌ Error in application cycle: [Errno 32] Broken pipe
2025-07-24 23:04:40,766 - __main__ - INFO - ⏳ Waiting 2 minutes before retry...
2025-07-24 23:06:40,768 - __main__ - INFO - 🔍 Looking for job opportunities (attempt 2)...
2025-07-24 23:06:42,504 - __main__ - ERROR - ❌ Error in application cycle: [Errno 32] Broken pipe
2025-07-24 23:06:42,507 - __main__ - INFO - ⏳ Waiting 2 minutes before retry...
2025-07-24 23:08:42,509 - __main__ - INFO - 🔍 Looking for job opportunities (attempt 2)...
2025-07-24 23:08:43,617 - __main__ - ERROR - ❌ Error in application cycle: [Errno 32] Broken pipe
2025-07-24 23:08:43,621 - __main__ - INFO - ⏳ Waiting 2 minutes before retry...
2025-07-24 23:10:43,624 - __main__ - INFO - 🔍 Looking for job opportunities (attempt 2)...
2025-07-24 23:10:46,088 - __main__ - ERROR - ❌ Error in application cycle: [Errno 32] Broken pipe
2025-07-24 23:10:46,091 - __main__ - INFO - ⏳ Waiting 2 minutes before retry...
2025-07-24 23:12:46,093 - __main__ - INFO - 🔍 Looking for job opportunities (attempt 2)...
2025-07-24 23:12:47,687 - __main__ - ERROR - ❌ Error in application cycle: [Errno 32] Broken pipe
2025-07-24 23:12:47,689 - __main__ - INFO - ⏳ Waiting 2 minutes before retry...
2025-07-24 23:14:47,692 - __main__ - INFO - 🔍 Looking for job opportunities (attempt 2)...
2025-07-24 23:14:50,323 - __main__ - ERROR - ❌ Error in application cycle: [Errno 32] Broken pipe
2025-07-24 23:14:50,325 - __main__ - INFO - ⏳ Waiting 2 minutes before retry...
2025-07-24 23:16:50,329 - __main__ - INFO - 🔍 Looking for job opportunities (attempt 2)...
2025-07-24 23:16:52,702 - __main__ - ERROR - ❌ Error in application cycle: [Errno 32] Broken pipe
2025-07-24 23:16:52,705 - __main__ - INFO - ⏳ Waiting 2 minutes before retry...
2025-07-24 23:18:52,708 - __main__ - INFO - 🔍 Looking for job opportunities (attempt 2)...
2025-07-24 23:18:54,668 - __main__ - ERROR - ❌ Error in application cycle: [Errno 32] Broken pipe
2025-07-24 23:18:54,670 - __main__ - INFO - ⏳ Waiting 2 minutes before retry...
2025-07-24 23:20:54,678 - __main__ - INFO - 🔍 Looking for job opportunities (attempt 2)...
2025-07-24 23:20:57,121 - __main__ - ERROR - ❌ Error in application cycle: [Errno 32] Broken pipe
2025-07-24 23:20:57,123 - __main__ - INFO - ⏳ Waiting 2 minutes before retry...
2025-07-24 23:22:57,126 - __main__ - INFO - 🔍 Looking for job opportunities (attempt 2)...
2025-07-24 23:22:58,741 - __main__ - ERROR - ❌ Error in application cycle: [Errno 32] Broken pipe
2025-07-24 23:22:58,743 - __main__ - INFO - ⏳ Waiting 2 minutes before retry...
2025-07-24 23:24:58,746 - __main__ - INFO - 🔍 Looking for job opportunities (attempt 2)...
2025-07-24 23:25:00,839 - __main__ - ERROR - ❌ Error in application cycle: [Errno 32] Broken pipe
2025-07-24 23:25:00,843 - __main__ - INFO - ⏳ Waiting 2 minutes before retry...
2025-07-24 23:27:00,848 - __main__ - INFO - 🔍 Looking for job opportunities (attempt 2)...
2025-07-24 23:27:02,323 - __main__ - ERROR - ❌ Error in application cycle: [Errno 32] Broken pipe
2025-07-24 23:27:02,325 - __main__ - INFO - ⏳ Waiting 2 minutes before retry...
2025-07-24 23:29:02,328 - __main__ - INFO - 🔍 Looking for job opportunities (attempt 2)...
2025-07-24 23:29:04,386 - __main__ - ERROR - ❌ Error in application cycle: [Errno 32] Broken pipe
2025-07-24 23:29:04,388 - __main__ - INFO - ⏳ Waiting 2 minutes before retry...
2025-07-24 23:31:04,391 - __main__ - INFO - 🔍 Looking for job opportunities (attempt 2)...
2025-07-24 23:31:05,443 - __main__ - ERROR - ❌ Error in application cycle: [Errno 32] Broken pipe
2025-07-24 23:31:05,446 - __main__ - INFO - ⏳ Waiting 2 minutes before retry...
2025-07-24 23:33:05,449 - __main__ - INFO - 🔍 Looking for job opportunities (attempt 2)...
2025-07-24 23:33:06,737 - __main__ - ERROR - ❌ Error in application cycle: [Errno 32] Broken pipe
2025-07-24 23:33:06,739 - __main__ - INFO - ⏳ Waiting 2 minutes before retry...
2025-07-24 23:35:06,742 - __main__ - INFO - 🔍 Looking for job opportunities (attempt 2)...
2025-07-24 23:35:08,846 - __main__ - ERROR - ❌ Error in application cycle: [Errno 32] Broken pipe
2025-07-24 23:35:08,849 - __main__ - INFO - ⏳ Waiting 2 minutes before retry...
2025-07-24 23:37:08,801 - __main__ - INFO - 🔍 Looking for job opportunities (attempt 2)...
2025-07-24 23:37:10,148 - __main__ - ERROR - ❌ Error in application cycle: [Errno 32] Broken pipe
2025-07-24 23:37:10,150 - __main__ - INFO - ⏳ Waiting 2 minutes before retry...
2025-07-24 23:39:10,152 - __main__ - INFO - 🔍 Looking for job opportunities (attempt 2)...
2025-07-24 23:39:12,815 - __main__ - ERROR - ❌ Error in application cycle: [Errno 32] Broken pipe
2025-07-24 23:39:12,816 - __main__ - INFO - ⏳ Waiting 2 minutes before retry...
2025-07-24 23:41:12,818 - __main__ - INFO - 🔍 Looking for job opportunities (attempt 2)...
2025-07-24 23:41:14,893 - __main__ - ERROR - ❌ Error in application cycle: [Errno 32] Broken pipe
2025-07-24 23:41:14,896 - __main__ - INFO - ⏳ Waiting 2 minutes before retry...
2025-07-24 23:43:14,899 - __main__ - INFO - 🔍 Looking for job opportunities (attempt 2)...
2025-07-24 23:43:16,334 - __main__ - ERROR - ❌ Error in application cycle: [Errno 32] Broken pipe
2025-07-24 23:43:16,338 - __main__ - INFO - ⏳ Waiting 2 minutes before retry...
2025-07-24 23:45:16,339 - __main__ - INFO - 🔍 Looking for job opportunities (attempt 2)...
2025-07-24 23:45:19,116 - __main__ - ERROR - ❌ Error in application cycle: [Errno 32] Broken pipe
2025-07-24 23:45:19,119 - __main__ - INFO - ⏳ Waiting 2 minutes before retry...
2025-07-24 23:47:19,119 - __main__ - INFO - 🔍 Looking for job opportunities (attempt 2)...
2025-07-24 23:47:20,530 - __main__ - ERROR - ❌ Error in application cycle: [Errno 32] Broken pipe
2025-07-24 23:47:20,534 - __main__ - INFO - ⏳ Waiting 2 minutes before retry...
2025-07-24 23:49:20,536 - __main__ - INFO - 🔍 Looking for job opportunities (attempt 2)...
2025-07-24 23:49:22,690 - __main__ - ERROR - ❌ Error in application cycle: [Errno 32] Broken pipe
2025-07-24 23:49:22,693 - __main__ - INFO - ⏳ Waiting 2 minutes before retry...
2025-07-24 23:51:22,694 - __main__ - INFO - 🔍 Looking for job opportunities (attempt 2)...
2025-07-24 23:51:24,072 - __main__ - ERROR - ❌ Error in application cycle: [Errno 32] Broken pipe
2025-07-24 23:51:24,075 - __main__ - INFO - ⏳ Waiting 2 minutes before retry...
2025-07-24 23:53:24,076 - __main__ - INFO - 🔍 Looking for job opportunities (attempt 2)...
2025-07-24 23:53:25,373 - __main__ - ERROR - ❌ Error in application cycle: [Errno 32] Broken pipe
2025-07-24 23:53:25,376 - __main__ - INFO - ⏳ Waiting 2 minutes before retry...
2025-07-24 23:55:25,377 - __main__ - INFO - 🔍 Looking for job opportunities (attempt 2)...
2025-07-24 23:55:26,768 - __main__ - ERROR - ❌ Error in application cycle: [Errno 32] Broken pipe
2025-07-24 23:55:26,771 - __main__ - INFO - ⏳ Waiting 2 minutes before retry...
2025-07-24 23:57:26,773 - __main__ - INFO - 🔍 Looking for job opportunities (attempt 2)...
2025-07-24 23:57:29,356 - __main__ - ERROR - ❌ Error in application cycle: [Errno 32] Broken pipe
2025-07-24 23:57:29,359 - __main__ - INFO - ⏳ Waiting 2 minutes before retry...
2025-07-24 23:59:29,362 - __main__ - INFO - 🔍 Looking for job opportunities (attempt 2)...
2025-07-24 23:59:30,557 - __main__ - ERROR - ❌ Error in application cycle: [Errno 32] Broken pipe
2025-07-24 23:59:30,559 - __main__ - INFO - ⏳ Waiting 2 minutes before retry...
2025-07-25 00:01:30,560 - __main__ - INFO - 🔍 Looking for job opportunities (attempt 2)...
2025-07-25 00:01:31,709 - __main__ - ERROR - ❌ Error in application cycle: [Errno 32] Broken pipe
2025-07-25 00:01:31,711 - __main__ - INFO - ⏳ Waiting 2 minutes before retry...
2025-07-25 00:03:31,713 - __main__ - INFO - 🔍 Looking for job opportunities (attempt 2)...
2025-07-25 00:03:32,968 - __main__ - ERROR - ❌ Error in application cycle: [Errno 32] Broken pipe
2025-07-25 00:03:32,971 - __main__ - INFO - ⏳ Waiting 2 minutes before retry...
2025-07-25 00:05:32,982 - __main__ - INFO - 🔍 Looking for job opportunities (attempt 2)...
2025-07-25 00:05:34,495 - __main__ - ERROR - ❌ Error in application cycle: [Errno 32] Broken pipe
2025-07-25 00:05:34,498 - __main__ - INFO - ⏳ Waiting 2 minutes before retry...
2025-07-25 00:07:34,499 - __main__ - INFO - 🔍 Looking for job opportunities (attempt 2)...
2025-07-25 00:07:36,128 - __main__ - ERROR - ❌ Error in application cycle: [Errno 32] Broken pipe
2025-07-25 00:07:36,130 - __main__ - INFO - ⏳ Waiting 2 minutes before retry...
2025-07-25 00:09:36,132 - __main__ - INFO - 🔍 Looking for job opportunities (attempt 2)...
2025-07-25 00:09:38,504 - __main__ - ERROR - ❌ Error in application cycle: [Errno 32] Broken pipe
2025-07-25 00:09:38,507 - __main__ - INFO - ⏳ Waiting 2 minutes before retry...
2025-07-25 00:11:38,509 - __main__ - INFO - 🔍 Looking for job opportunities (attempt 2)...
2025-07-25 00:11:40,952 - __main__ - ERROR - ❌ Error in application cycle: [Errno 32] Broken pipe
2025-07-25 00:11:40,955 - __main__ - INFO - ⏳ Waiting 2 minutes before retry...
2025-07-25 00:13:40,956 - __main__ - INFO - 🔍 Looking for job opportunities (attempt 2)...
2025-07-25 00:13:42,075 - __main__ - ERROR - ❌ Error in application cycle: [Errno 32] Broken pipe
2025-07-25 00:13:42,077 - __main__ - INFO - ⏳ Waiting 2 minutes before retry...
2025-07-25 00:15:42,079 - __main__ - INFO - 🔍 Looking for job opportunities (attempt 2)...
2025-07-25 00:15:44,679 - __main__ - ERROR - ❌ Error in application cycle: [Errno 32] Broken pipe
2025-07-25 00:15:44,681 - __main__ - INFO - ⏳ Waiting 2 minutes before retry...
2025-07-25 00:17:44,683 - __main__ - INFO - 🔍 Looking for job opportunities (attempt 2)...
2025-07-25 00:17:46,985 - __main__ - ERROR - ❌ Error in application cycle: [Errno 32] Broken pipe
2025-07-25 00:17:46,988 - __main__ - INFO - ⏳ Waiting 2 minutes before retry...
2025-07-25 00:19:46,990 - __main__ - INFO - 🔍 Looking for job opportunities (attempt 2)...
2025-07-25 00:19:48,191 - __main__ - ERROR - ❌ Error in application cycle: [Errno 32] Broken pipe
2025-07-25 00:19:48,194 - __main__ - INFO - ⏳ Waiting 2 minutes before retry...
2025-07-25 00:21:48,196 - __main__ - INFO - 🔍 Looking for job opportunities (attempt 2)...
2025-07-25 00:21:50,474 - __main__ - ERROR - ❌ Error in application cycle: [Errno 32] Broken pipe
2025-07-25 00:21:50,475 - __main__ - INFO - ⏳ Waiting 2 minutes before retry...
2025-07-25 00:23:50,478 - __main__ - INFO - 🔍 Looking for job opportunities (attempt 2)...
2025-07-25 00:23:51,854 - __main__ - ERROR - ❌ Error in application cycle: [Errno 32] Broken pipe
2025-07-25 00:23:51,856 - __main__ - INFO - ⏳ Waiting 2 minutes before retry...
2025-07-25 00:25:51,858 - __main__ - INFO - 🔍 Looking for job opportunities (attempt 2)...
2025-07-25 00:25:53,799 - __main__ - ERROR - ❌ Error in application cycle: [Errno 32] Broken pipe
2025-07-25 00:25:53,802 - __main__ - INFO - ⏳ Waiting 2 minutes before retry...
2025-07-25 00:27:53,803 - __main__ - INFO - 🔍 Looking for job opportunities (attempt 2)...
2025-07-25 00:27:56,056 - __main__ - ERROR - ❌ Error in application cycle: [Errno 32] Broken pipe
2025-07-25 00:27:56,058 - __main__ - INFO - ⏳ Waiting 2 minutes before retry...
2025-07-25 00:29:56,060 - __main__ - INFO - 🔍 Looking for job opportunities (attempt 2)...
2025-07-25 00:29:58,610 - __main__ - ERROR - ❌ Error in application cycle: [Errno 32] Broken pipe
2025-07-25 00:29:58,613 - __main__ - INFO - ⏳ Waiting 2 minutes before retry...
2025-07-25 00:31:58,615 - __main__ - INFO - 🔍 Looking for job opportunities (attempt 2)...
2025-07-25 00:32:00,803 - __main__ - ERROR - ❌ Error in application cycle: [Errno 32] Broken pipe
2025-07-25 00:32:00,806 - __main__ - INFO - ⏳ Waiting 2 minutes before retry...
2025-07-25 00:34:00,807 - __main__ - INFO - 🔍 Looking for job opportunities (attempt 2)...
2025-07-25 00:34:02,237 - __main__ - ERROR - ❌ Error in application cycle: [Errno 32] Broken pipe
2025-07-25 00:34:02,241 - __main__ - INFO - ⏳ Waiting 2 minutes before retry...
2025-07-25 00:36:02,242 - __main__ - INFO - 🔍 Looking for job opportunities (attempt 2)...
2025-07-25 00:36:03,697 - __main__ - ERROR - ❌ Error in application cycle: [Errno 32] Broken pipe
2025-07-25 00:36:03,700 - __main__ - INFO - ⏳ Waiting 2 minutes before retry...
2025-07-25 00:38:03,700 - __main__ - INFO - 🔍 Looking for job opportunities (attempt 2)...
2025-07-25 00:38:05,458 - __main__ - ERROR - ❌ Error in application cycle: [Errno 32] Broken pipe
2025-07-25 00:38:05,459 - __main__ - INFO - ⏳ Waiting 2 minutes before retry...
2025-07-25 00:40:05,461 - __main__ - INFO - 🔍 Looking for job opportunities (attempt 2)...
2025-07-25 00:40:06,584 - __main__ - ERROR - ❌ Error in application cycle: [Errno 32] Broken pipe
2025-07-25 00:40:06,587 - __main__ - INFO - ⏳ Waiting 2 minutes before retry...
2025-07-25 00:42:06,589 - __main__ - INFO - 🔍 Looking for job opportunities (attempt 2)...
2025-07-25 00:42:08,584 - __main__ - ERROR - ❌ Error in application cycle: [Errno 32] Broken pipe
2025-07-25 00:42:08,588 - __main__ - INFO - ⏳ Waiting 2 minutes before retry...
2025-07-25 00:44:08,589 - __main__ - INFO - 🔍 Looking for job opportunities (attempt 2)...
2025-07-25 00:44:09,688 - __main__ - ERROR - ❌ Error in application cycle: [Errno 32] Broken pipe
2025-07-25 00:44:09,691 - __main__ - INFO - ⏳ Waiting 2 minutes before retry...
2025-07-25 00:46:09,692 - __main__ - INFO - 🔍 Looking for job opportunities (attempt 2)...
2025-07-25 00:46:11,122 - __main__ - ERROR - ❌ Error in application cycle: [Errno 32] Broken pipe
2025-07-25 00:46:11,125 - __main__ - INFO - ⏳ Waiting 2 minutes before retry...
2025-07-25 00:48:11,133 - __main__ - INFO - 🔍 Looking for job opportunities (attempt 2)...
2025-07-25 00:48:12,680 - __main__ - ERROR - ❌ Error in application cycle: [Errno 32] Broken pipe
2025-07-25 00:48:12,682 - __main__ - INFO - ⏳ Waiting 2 minutes before retry...
2025-07-25 00:50:12,684 - __main__ - INFO - 🔍 Looking for job opportunities (attempt 2)...
2025-07-25 00:50:15,009 - __main__ - ERROR - ❌ Error in application cycle: [Errno 32] Broken pipe
2025-07-25 00:50:15,012 - __main__ - INFO - ⏳ Waiting 2 minutes before retry...
2025-07-25 00:52:15,014 - __main__ - INFO - 🔍 Looking for job opportunities (attempt 2)...
2025-07-25 00:52:17,314 - __main__ - ERROR - ❌ Error in application cycle: [Errno 32] Broken pipe
2025-07-25 00:52:17,317 - __main__ - INFO - ⏳ Waiting 2 minutes before retry...
2025-07-25 00:54:17,319 - __main__ - INFO - 🔍 Looking for job opportunities (attempt 2)...
2025-07-25 00:54:18,865 - __main__ - ERROR - ❌ Error in application cycle: [Errno 32] Broken pipe
2025-07-25 00:54:18,868 - __main__ - INFO - ⏳ Waiting 2 minutes before retry...
2025-07-25 00:56:18,870 - __main__ - INFO - 🔍 Looking for job opportunities (attempt 2)...
2025-07-25 00:56:20,220 - __main__ - ERROR - ❌ Error in application cycle: [Errno 32] Broken pipe
2025-07-25 00:56:20,222 - __main__ - INFO - ⏳ Waiting 2 minutes before retry...
2025-07-25 00:58:20,224 - __main__ - INFO - 🔍 Looking for job opportunities (attempt 2)...
2025-07-25 00:58:22,660 - __main__ - ERROR - ❌ Error in application cycle: [Errno 32] Broken pipe
2025-07-25 00:58:22,663 - __main__ - INFO - ⏳ Waiting 2 minutes before retry...
2025-07-25 01:00:22,665 - __main__ - INFO - 🔍 Looking for job opportunities (attempt 2)...
2025-07-25 01:00:24,663 - __main__ - ERROR - ❌ Error in application cycle: [Errno 32] Broken pipe
2025-07-25 01:00:24,666 - __main__ - INFO - ⏳ Waiting 2 minutes before retry...
2025-07-25 01:02:24,668 - __main__ - INFO - 🔍 Looking for job opportunities (attempt 2)...
2025-07-25 01:02:25,900 - __main__ - ERROR - ❌ Error in application cycle: [Errno 32] Broken pipe
2025-07-25 01:02:25,901 - __main__ - INFO - ⏳ Waiting 2 minutes before retry...
2025-07-25 01:04:25,903 - __main__ - INFO - 🔍 Looking for job opportunities (attempt 2)...
2025-07-25 01:04:28,627 - __main__ - ERROR - ❌ Error in application cycle: [Errno 32] Broken pipe
2025-07-25 01:04:28,630 - __main__ - INFO - ⏳ Waiting 2 minutes before retry...
2025-07-25 01:06:28,634 - __main__ - INFO - 🔍 Looking for job opportunities (attempt 2)...
2025-07-25 01:06:30,000 - __main__ - ERROR - ❌ Error in application cycle: [Errno 32] Broken pipe
2025-07-25 01:06:30,003 - __main__ - INFO - ⏳ Waiting 2 minutes before retry...
2025-07-25 01:08:30,005 - __main__ - INFO - 🔍 Looking for job opportunities (attempt 2)...
2025-07-25 01:08:31,452 - __main__ - ERROR - ❌ Error in application cycle: [Errno 32] Broken pipe
2025-07-25 01:08:31,455 - __main__ - INFO - ⏳ Waiting 2 minutes before retry...
2025-07-25 01:10:31,457 - __main__ - INFO - 🔍 Looking for job opportunities (attempt 2)...
2025-07-25 01:10:34,355 - __main__ - ERROR - ❌ Error in application cycle: [Errno 32] Broken pipe
2025-07-25 01:10:34,357 - __main__ - INFO - ⏳ Waiting 2 minutes before retry...
2025-07-25 01:12:34,359 - __main__ - INFO - 🔍 Looking for job opportunities (attempt 2)...
2025-07-25 01:12:35,620 - __main__ - ERROR - ❌ Error in application cycle: [Errno 32] Broken pipe
2025-07-25 01:12:35,624 - __main__ - INFO - ⏳ Waiting 2 minutes before retry...
2025-07-25 01:14:35,627 - __main__ - INFO - 🔍 Looking for job opportunities (attempt 2)...
2025-07-25 01:14:38,558 - __main__ - ERROR - ❌ Error in application cycle: [Errno 32] Broken pipe
2025-07-25 01:14:38,561 - __main__ - INFO - ⏳ Waiting 2 minutes before retry...
2025-07-25 01:16:38,571 - __main__ - INFO - 🔍 Looking for job opportunities (attempt 2)...
2025-07-25 01:16:40,606 - __main__ - ERROR - ❌ Error in application cycle: [Errno 32] Broken pipe
2025-07-25 01:16:40,608 - __main__ - INFO - ⏳ Waiting 2 minutes before retry...
2025-07-25 01:18:40,611 - __main__ - INFO - 🔍 Looking for job opportunities (attempt 2)...
2025-07-25 01:18:42,809 - __main__ - ERROR - ❌ Error in application cycle: [Errno 32] Broken pipe
2025-07-25 01:18:42,812 - __main__ - INFO - ⏳ Waiting 2 minutes before retry...
2025-07-25 01:20:42,816 - __main__ - INFO - 🔍 Looking for job opportunities (attempt 2)...
2025-07-25 01:20:45,432 - __main__ - ERROR - ❌ Error in application cycle: [Errno 32] Broken pipe
2025-07-25 01:20:45,435 - __main__ - INFO - ⏳ Waiting 2 minutes before retry...
2025-07-25 01:22:45,437 - __main__ - INFO - 🔍 Looking for job opportunities (attempt 2)...
2025-07-25 01:22:46,536 - __main__ - ERROR - ❌ Error in application cycle: [Errno 32] Broken pipe
2025-07-25 01:22:46,539 - __main__ - INFO - ⏳ Waiting 2 minutes before retry...
2025-07-25 01:24:46,543 - __main__ - INFO - 🔍 Looking for job opportunities (attempt 2)...
2025-07-25 01:24:48,218 - __main__ - ERROR - ❌ Error in application cycle: [Errno 32] Broken pipe
2025-07-25 01:24:48,221 - __main__ - INFO - ⏳ Waiting 2 minutes before retry...
2025-07-25 01:26:48,223 - __main__ - INFO - 🔍 Looking for job opportunities (attempt 2)...
2025-07-25 01:26:51,034 - __main__ - ERROR - ❌ Error in application cycle: [Errno 32] Broken pipe
2025-07-25 01:26:51,036 - __main__ - INFO - ⏳ Waiting 2 minutes before retry...
2025-07-25 01:28:51,038 - __main__ - INFO - 🔍 Looking for job opportunities (attempt 2)...
2025-07-25 01:28:52,915 - __main__ - ERROR - ❌ Error in application cycle: [Errno 32] Broken pipe
2025-07-25 01:28:52,919 - __main__ - INFO - ⏳ Waiting 2 minutes before retry...
2025-07-25 01:30:52,921 - __main__ - INFO - 🔍 Looking for job opportunities (attempt 2)...
2025-07-25 01:30:55,859 - __main__ - ERROR - ❌ Error in application cycle: [Errno 32] Broken pipe
2025-07-25 01:30:55,862 - __main__ - INFO - ⏳ Waiting 2 minutes before retry...
2025-07-25 01:32:55,864 - __main__ - INFO - 🔍 Looking for job opportunities (attempt 2)...
2025-07-25 01:32:58,625 - __main__ - ERROR - ❌ Error in application cycle: [Errno 32] Broken pipe
2025-07-25 01:32:58,627 - __main__ - INFO - ⏳ Waiting 2 minutes before retry...
2025-07-25 01:34:58,629 - __main__ - INFO - 🔍 Looking for job opportunities (attempt 2)...
2025-07-25 01:35:00,945 - __main__ - ERROR - ❌ Error in application cycle: [Errno 32] Broken pipe
2025-07-25 01:35:00,948 - __main__ - INFO - ⏳ Waiting 2 minutes before retry...
2025-07-25 01:37:00,950 - __main__ - INFO - 🔍 Looking for job opportunities (attempt 2)...
2025-07-25 01:37:02,060 - __main__ - ERROR - ❌ Error in application cycle: [Errno 32] Broken pipe
2025-07-25 01:37:02,062 - __main__ - INFO - ⏳ Waiting 2 minutes before retry...
2025-07-25 01:39:02,064 - __main__ - INFO - 🔍 Looking for job opportunities (attempt 2)...
2025-07-25 01:39:03,346 - __main__ - ERROR - ❌ Error in application cycle: [Errno 32] Broken pipe
2025-07-25 01:39:03,348 - __main__ - INFO - ⏳ Waiting 2 minutes before retry...
2025-07-25 01:41:03,350 - __main__ - INFO - 🔍 Looking for job opportunities (attempt 2)...
2025-07-25 01:41:06,161 - __main__ - ERROR - ❌ Error in application cycle: [Errno 32] Broken pipe
2025-07-25 01:41:06,164 - __main__ - INFO - ⏳ Waiting 2 minutes before retry...
2025-07-25 01:43:06,166 - __main__ - INFO - 🔍 Looking for job opportunities (attempt 2)...
2025-07-25 01:43:08,324 - __main__ - ERROR - ❌ Error in application cycle: [Errno 32] Broken pipe
2025-07-25 01:43:08,326 - __main__ - INFO - ⏳ Waiting 2 minutes before retry...
2025-07-25 01:45:08,328 - __main__ - INFO - 🔍 Looking for job opportunities (attempt 2)...
2025-07-25 01:45:11,241 - __main__ - ERROR - ❌ Error in application cycle: [Errno 32] Broken pipe
2025-07-25 01:45:11,243 - __main__ - INFO - ⏳ Waiting 2 minutes before retry...
2025-07-25 01:47:11,248 - __main__ - INFO - 🔍 Looking for job opportunities (attempt 2)...
2025-07-25 01:47:13,824 - __main__ - ERROR - ❌ Error in application cycle: [Errno 32] Broken pipe
2025-07-25 01:47:13,826 - __main__ - INFO - ⏳ Waiting 2 minutes before retry...
2025-07-25 01:49:13,829 - __main__ - INFO - 🔍 Looking for job opportunities (attempt 2)...
2025-07-25 01:49:15,925 - __main__ - ERROR - ❌ Error in application cycle: [Errno 32] Broken pipe
2025-07-25 01:49:15,928 - __main__ - INFO - ⏳ Waiting 2 minutes before retry...
2025-07-25 01:51:15,930 - __main__ - INFO - 🔍 Looking for job opportunities (attempt 2)...
2025-07-25 01:51:18,011 - __main__ - ERROR - ❌ Error in application cycle: [Errno 32] Broken pipe
2025-07-25 01:51:18,014 - __main__ - INFO - ⏳ Waiting 2 minutes before retry...
2025-07-25 01:53:18,016 - __main__ - INFO - 🔍 Looking for job opportunities (attempt 2)...
2025-07-25 01:53:19,281 - __main__ - ERROR - ❌ Error in application cycle: [Errno 32] Broken pipe
2025-07-25 01:53:19,284 - __main__ - INFO - ⏳ Waiting 2 minutes before retry...
2025-07-25 01:55:19,287 - __main__ - INFO - 🔍 Looking for job opportunities (attempt 2)...
2025-07-25 01:55:21,462 - __main__ - ERROR - ❌ Error in application cycle: [Errno 32] Broken pipe
2025-07-25 01:55:21,464 - __main__ - INFO - ⏳ Waiting 2 minutes before retry...
2025-07-25 01:57:21,467 - __main__ - INFO - 🔍 Looking for job opportunities (attempt 2)...
2025-07-25 01:57:23,211 - __main__ - ERROR - ❌ Error in application cycle: [Errno 32] Broken pipe
2025-07-25 01:57:23,212 - __main__ - INFO - ⏳ Waiting 2 minutes before retry...
2025-07-25 01:59:23,214 - __main__ - INFO - 🔍 Looking for job opportunities (attempt 2)...
2025-07-25 01:59:25,961 - __main__ - ERROR - ❌ Error in application cycle: [Errno 32] Broken pipe
2025-07-25 01:59:25,961 - __main__ - INFO - ⏳ Waiting 2 minutes before retry...
2025-07-25 02:01:25,971 - __main__ - INFO - 🔍 Looking for job opportunities (attempt 2)...
2025-07-25 02:01:28,101 - __main__ - ERROR - ❌ Error in application cycle: [Errno 32] Broken pipe
2025-07-25 02:01:28,103 - __main__ - INFO - ⏳ Waiting 2 minutes before retry...
2025-07-25 02:03:28,105 - __main__ - INFO - 🔍 Looking for job opportunities (attempt 2)...
2025-07-25 02:03:31,072 - __main__ - ERROR - ❌ Error in application cycle: [Errno 32] Broken pipe
2025-07-25 02:03:31,074 - __main__ - INFO - ⏳ Waiting 2 minutes before retry...
2025-07-25 02:05:31,077 - __main__ - INFO - 🔍 Looking for job opportunities (attempt 2)...
2025-07-25 02:05:33,417 - __main__ - ERROR - ❌ Error in application cycle: [Errno 32] Broken pipe
2025-07-25 02:05:33,421 - __main__ - INFO - ⏳ Waiting 2 minutes before retry...
2025-07-25 02:07:33,423 - __main__ - INFO - 🔍 Looking for job opportunities (attempt 2)...
2025-07-25 02:07:35,372 - __main__ - ERROR - ❌ Error in application cycle: [Errno 32] Broken pipe
2025-07-25 02:07:35,373 - __main__ - INFO - ⏳ Waiting 2 minutes before retry...
2025-07-25 02:09:35,383 - __main__ - INFO - 🔍 Looking for job opportunities (attempt 2)...
2025-07-25 02:09:37,179 - __main__ - ERROR - ❌ Error in application cycle: [Errno 32] Broken pipe
2025-07-25 02:09:37,180 - __main__ - INFO - ⏳ Waiting 2 minutes before retry...
2025-07-25 02:11:37,183 - __main__ - INFO - 🔍 Looking for job opportunities (attempt 2)...
2025-07-25 02:11:38,875 - __main__ - ERROR - ❌ Error in application cycle: [Errno 32] Broken pipe
2025-07-25 02:11:38,877 - __main__ - INFO - ⏳ Waiting 2 minutes before retry...
2025-07-25 02:13:38,880 - __main__ - INFO - 🔍 Looking for job opportunities (attempt 2)...
2025-07-25 02:13:41,708 - __main__ - ERROR - ❌ Error in application cycle: [Errno 32] Broken pipe
2025-07-25 02:13:41,710 - __main__ - INFO - ⏳ Waiting 2 minutes before retry...
2025-07-25 02:15:41,712 - __main__ - INFO - 🔍 Looking for job opportunities (attempt 2)...
2025-07-25 02:15:42,762 - __main__ - ERROR - ❌ Error in application cycle: [Errno 32] Broken pipe
2025-07-25 02:15:42,764 - __main__ - INFO - ⏳ Waiting 2 minutes before retry...
2025-07-25 02:17:42,766 - __main__ - INFO - 🔍 Looking for job opportunities (attempt 2)...
2025-07-25 02:17:44,195 - __main__ - ERROR - ❌ Error in application cycle: [Errno 32] Broken pipe
2025-07-25 02:17:44,197 - __main__ - INFO - ⏳ Waiting 2 minutes before retry...
2025-07-25 02:19:44,202 - __main__ - INFO - 🔍 Looking for job opportunities (attempt 2)...
2025-07-25 02:19:46,007 - __main__ - ERROR - ❌ Error in application cycle: [Errno 32] Broken pipe
2025-07-25 02:19:46,008 - __main__ - INFO - ⏳ Waiting 2 minutes before retry...
2025-07-25 02:21:46,011 - __main__ - INFO - 🔍 Looking for job opportunities (attempt 2)...
2025-07-25 02:21:47,490 - __main__ - ERROR - ❌ Error in application cycle: [Errno 32] Broken pipe
2025-07-25 02:21:47,493 - __main__ - INFO - ⏳ Waiting 2 minutes before retry...
2025-07-25 02:23:47,495 - __main__ - INFO - 🔍 Looking for job opportunities (attempt 2)...
2025-07-25 02:23:49,673 - __main__ - ERROR - ❌ Error in application cycle: [Errno 32] Broken pipe
2025-07-25 02:23:49,675 - __main__ - INFO - ⏳ Waiting 2 minutes before retry...
2025-07-25 02:25:49,677 - __main__ - INFO - 🔍 Looking for job opportunities (attempt 2)...
2025-07-25 02:25:51,723 - __main__ - ERROR - ❌ Error in application cycle: [Errno 32] Broken pipe
2025-07-25 02:25:51,726 - __main__ - INFO - ⏳ Waiting 2 minutes before retry...
2025-07-25 02:27:51,728 - __main__ - INFO - 🔍 Looking for job opportunities (attempt 2)...
2025-07-25 02:27:54,461 - __main__ - ERROR - ❌ Error in application cycle: [Errno 32] Broken pipe
2025-07-25 02:27:54,465 - __main__ - INFO - ⏳ Waiting 2 minutes before retry...
2025-07-25 02:29:54,467 - __main__ - INFO - 🔍 Looking for job opportunities (attempt 2)...
2025-07-25 02:29:56,422 - __main__ - ERROR - ❌ Error in application cycle: [Errno 32] Broken pipe
2025-07-25 02:29:56,425 - __main__ - INFO - ⏳ Waiting 2 minutes before retry...
2025-07-25 02:31:56,427 - __main__ - INFO - 🔍 Looking for job opportunities (attempt 2)...
2025-07-25 02:31:57,843 - __main__ - ERROR - ❌ Error in application cycle: [Errno 32] Broken pipe
2025-07-25 02:31:57,845 - __main__ - INFO - ⏳ Waiting 2 minutes before retry...
2025-07-25 02:33:57,846 - __main__ - INFO - 🔍 Looking for job opportunities (attempt 2)...
2025-07-25 02:34:00,766 - __main__ - ERROR - ❌ Error in application cycle: [Errno 32] Broken pipe
2025-07-25 02:34:00,769 - __main__ - INFO - ⏳ Waiting 2 minutes before retry...
2025-07-25 02:36:00,767 - __main__ - INFO - 🔍 Looking for job opportunities (attempt 2)...
2025-07-25 02:36:03,709 - __main__ - ERROR - ❌ Error in application cycle: [Errno 32] Broken pipe
2025-07-25 02:36:03,712 - __main__ - INFO - ⏳ Waiting 2 minutes before retry...
2025-07-25 02:38:03,713 - __main__ - INFO - 🔍 Looking for job opportunities (attempt 2)...
2025-07-25 02:38:04,866 - __main__ - ERROR - ❌ Error in application cycle: [Errno 32] Broken pipe
2025-07-25 02:38:04,867 - __main__ - INFO - ⏳ Waiting 2 minutes before retry...
2025-07-25 02:40:04,870 - __main__ - INFO - 🔍 Looking for job opportunities (attempt 2)...
2025-07-25 02:40:07,303 - __main__ - ERROR - ❌ Error in application cycle: [Errno 32] Broken pipe
2025-07-25 02:40:07,305 - __main__ - INFO - ⏳ Waiting 2 minutes before retry...
2025-07-25 02:42:07,307 - __main__ - INFO - 🔍 Looking for job opportunities (attempt 2)...
2025-07-25 02:42:08,808 - __main__ - ERROR - ❌ Error in application cycle: [Errno 32] Broken pipe
2025-07-25 02:42:08,810 - __main__ - INFO - ⏳ Waiting 2 minutes before retry...
2025-07-25 02:44:08,813 - __main__ - INFO - 🔍 Looking for job opportunities (attempt 2)...
2025-07-25 02:44:10,819 - __main__ - ERROR - ❌ Error in application cycle: [Errno 32] Broken pipe
2025-07-25 02:44:10,822 - __main__ - INFO - ⏳ Waiting 2 minutes before retry...
2025-07-25 02:46:10,822 - __main__ - INFO - 🔍 Looking for job opportunities (attempt 2)...
2025-07-25 02:46:12,185 - __main__ - ERROR - ❌ Error in application cycle: [Errno 32] Broken pipe
2025-07-25 02:46:12,188 - __main__ - INFO - ⏳ Waiting 2 minutes before retry...
2025-07-25 02:48:12,189 - __main__ - INFO - 🔍 Looking for job opportunities (attempt 2)...
2025-07-25 02:48:14,522 - __main__ - ERROR - ❌ Error in application cycle: [Errno 32] Broken pipe
2025-07-25 02:48:14,525 - __main__ - INFO - ⏳ Waiting 2 minutes before retry...
2025-07-25 02:50:14,527 - __main__ - INFO - 🔍 Looking for job opportunities (attempt 2)...
2025-07-25 02:50:17,038 - __main__ - ERROR - ❌ Error in application cycle: [Errno 32] Broken pipe
2025-07-25 02:50:17,040 - __main__ - INFO - ⏳ Waiting 2 minutes before retry...
2025-07-25 02:52:17,043 - __main__ - INFO - 🔍 Looking for job opportunities (attempt 2)...
2025-07-25 02:52:18,143 - __main__ - ERROR - ❌ Error in application cycle: [Errno 32] Broken pipe
2025-07-25 02:52:18,145 - __main__ - INFO - ⏳ Waiting 2 minutes before retry...
2025-07-25 02:54:18,147 - __main__ - INFO - 🔍 Looking for job opportunities (attempt 2)...
2025-07-25 02:54:19,336 - __main__ - ERROR - ❌ Error in application cycle: [Errno 32] Broken pipe
2025-07-25 02:54:19,338 - __main__ - INFO - ⏳ Waiting 2 minutes before retry...
2025-07-25 02:56:19,340 - __main__ - INFO - 🔍 Looking for job opportunities (attempt 2)...
2025-07-25 02:56:20,853 - __main__ - ERROR - ❌ Error in application cycle: [Errno 32] Broken pipe
2025-07-25 02:56:20,855 - __main__ - INFO - ⏳ Waiting 2 minutes before retry...
2025-07-25 02:58:20,858 - __main__ - INFO - 🔍 Looking for job opportunities (attempt 2)...
2025-07-25 02:58:23,485 - __main__ - ERROR - ❌ Error in application cycle: [Errno 32] Broken pipe
2025-07-25 02:58:23,489 - __main__ - INFO - ⏳ Waiting 2 minutes before retry...
2025-07-25 03:00:23,491 - __main__ - INFO - 🔍 Looking for job opportunities (attempt 2)...
2025-07-25 03:00:25,708 - __main__ - ERROR - ❌ Error in application cycle: [Errno 32] Broken pipe
2025-07-25 03:00:25,711 - __main__ - INFO - ⏳ Waiting 2 minutes before retry...
2025-07-25 03:02:25,714 - __main__ - INFO - 🔍 Looking for job opportunities (attempt 2)...
2025-07-25 03:02:28,581 - __main__ - ERROR - ❌ Error in application cycle: [Errno 32] Broken pipe
2025-07-25 03:02:28,583 - __main__ - INFO - ⏳ Waiting 2 minutes before retry...
2025-07-25 03:04:28,585 - __main__ - INFO - 🔍 Looking for job opportunities (attempt 2)...
2025-07-25 03:04:29,667 - __main__ - ERROR - ❌ Error in application cycle: [Errno 32] Broken pipe
2025-07-25 03:04:29,670 - __main__ - INFO - ⏳ Waiting 2 minutes before retry...
2025-07-25 03:06:29,672 - __main__ - INFO - 🔍 Looking for job opportunities (attempt 2)...
2025-07-25 03:06:32,168 - __main__ - ERROR - ❌ Error in application cycle: [Errno 32] Broken pipe
2025-07-25 03:06:32,171 - __main__ - INFO - ⏳ Waiting 2 minutes before retry...
2025-07-25 03:08:32,173 - __main__ - INFO - 🔍 Looking for job opportunities (attempt 2)...
2025-07-25 03:08:34,421 - __main__ - ERROR - ❌ Error in application cycle: [Errno 32] Broken pipe
2025-07-25 03:08:34,424 - __main__ - INFO - ⏳ Waiting 2 minutes before retry...
2025-07-25 03:10:34,426 - __main__ - INFO - 🔍 Looking for job opportunities (attempt 2)...
2025-07-25 03:10:36,797 - __main__ - ERROR - ❌ Error in application cycle: [Errno 32] Broken pipe
2025-07-25 03:10:36,801 - __main__ - INFO - ⏳ Waiting 2 minutes before retry...
2025-07-25 03:12:36,805 - __main__ - INFO - 🔍 Looking for job opportunities (attempt 2)...
2025-07-25 03:12:38,355 - __main__ - ERROR - ❌ Error in application cycle: [Errno 32] Broken pipe
2025-07-25 03:12:38,357 - __main__ - INFO - ⏳ Waiting 2 minutes before retry...
2025-07-25 04:11:43,028 - __main__ - INFO - 🔍 Looking for job opportunities (attempt 2)...
2025-07-25 04:11:45,367 - __main__ - ERROR - ❌ Error in application cycle: [Errno 32] Broken pipe
2025-07-25 04:11:45,370 - __main__ - INFO - ⏳ Waiting 2 minutes before retry...
2025-07-25 04:45:23,406 - __main__ - INFO - 🔍 Looking for job opportunities (attempt 2)...
2025-07-25 04:45:25,662 - __main__ - ERROR - ❌ Error in application cycle: [Errno 32] Broken pipe
2025-07-25 04:45:25,664 - __main__ - INFO - ⏳ Waiting 2 minutes before retry...
2025-07-25 06:16:47,690 - __main__ - INFO - 🔍 Looking for job opportunities (attempt 2)...
2025-07-25 06:16:50,507 - __main__ - ERROR - ❌ Error in application cycle: [Errno 32] Broken pipe
2025-07-25 06:16:50,511 - __main__ - INFO - ⏳ Waiting 2 minutes before retry...
2025-07-25 07:17:17,792 - __main__ - INFO - 🔍 Looking for job opportunities (attempt 2)...
2025-07-25 07:17:18,968 - __main__ - ERROR - ❌ Error in application cycle: [Errno 32] Broken pipe
2025-07-25 07:17:18,970 - __main__ - INFO - ⏳ Waiting 2 minutes before retry...
2025-07-25 08:08:50,690 - __main__ - INFO - 🔍 Looking for job opportunities (attempt 2)...
2025-07-25 08:08:52,394 - __main__ - ERROR - ❌ Error in application cycle: [Errno 32] Broken pipe
2025-07-25 08:08:52,396 - __main__ - INFO - ⏳ Waiting 2 minutes before retry...
2025-07-25 09:00:29,452 - __main__ - INFO - 🔍 Looking for job opportunities (attempt 2)...
2025-07-25 09:00:31,813 - __main__ - ERROR - ❌ Error in application cycle: [Errno 32] Broken pipe
2025-07-25 09:00:31,814 - __main__ - INFO - ⏳ Waiting 2 minutes before retry...
2025-07-25 09:10:35,673 - __main__ - INFO - 🔍 Looking for job opportunities (attempt 2)...
2025-07-25 09:10:37,013 - __main__ - ERROR - ❌ Error in application cycle: [Errno 32] Broken pipe
2025-07-25 09:10:37,015 - __main__ - INFO - ⏳ Waiting 2 minutes before retry...
2025-07-25 09:12:37,018 - __main__ - INFO - 🔍 Looking for job opportunities (attempt 2)...
2025-07-25 09:12:38,695 - __main__ - ERROR - ❌ Error in application cycle: [Errno 32] Broken pipe
2025-07-25 09:12:38,698 - __main__ - INFO - ⏳ Waiting 2 minutes before retry...
2025-07-25 09:14:38,699 - __main__ - INFO - 🔍 Looking for job opportunities (attempt 2)...
2025-07-25 09:14:41,446 - __main__ - ERROR - ❌ Error in application cycle: [Errno 32] Broken pipe
2025-07-25 09:14:41,447 - __main__ - INFO - ⏳ Waiting 2 minutes before retry...
2025-07-25 09:16:41,448 - __main__ - INFO - 🔍 Looking for job opportunities (attempt 2)...
2025-07-25 09:16:43,647 - __main__ - ERROR - ❌ Error in application cycle: [Errno 32] Broken pipe
2025-07-25 09:16:43,649 - __main__ - INFO - ⏳ Waiting 2 minutes before retry...
2025-07-25 09:18:43,650 - __main__ - INFO - 🔍 Looking for job opportunities (attempt 2)...
2025-07-25 09:18:45,429 - __main__ - ERROR - ❌ Error in application cycle: [Errno 32] Broken pipe
2025-07-25 09:18:45,431 - __main__ - INFO - ⏳ Waiting 2 minutes before retry...
2025-07-25 09:20:45,433 - __main__ - INFO - 🔍 Looking for job opportunities (attempt 2)...
2025-07-25 09:20:46,994 - __main__ - ERROR - ❌ Error in application cycle: [Errno 32] Broken pipe
2025-07-25 09:20:46,997 - __main__ - INFO - ⏳ Waiting 2 minutes before retry...
2025-07-25 09:22:46,998 - __main__ - INFO - 🔍 Looking for job opportunities (attempt 2)...
2025-07-25 09:22:48,411 - __main__ - ERROR - ❌ Error in application cycle: [Errno 32] Broken pipe
2025-07-25 09:22:48,413 - __main__ - INFO - ⏳ Waiting 2 minutes before retry...
2025-07-25 09:24:48,414 - __main__ - INFO - 🔍 Looking for job opportunities (attempt 2)...
2025-07-25 09:24:50,484 - __main__ - ERROR - ❌ Error in application cycle: [Errno 32] Broken pipe
2025-07-25 09:24:50,486 - __main__ - INFO - ⏳ Waiting 2 minutes before retry...
2025-07-25 09:26:50,488 - __main__ - INFO - 🔍 Looking for job opportunities (attempt 2)...
2025-07-25 09:26:52,532 - __main__ - ERROR - ❌ Error in application cycle: [Errno 32] Broken pipe
2025-07-25 09:26:52,534 - __main__ - INFO - ⏳ Waiting 2 minutes before retry...
2025-07-25 09:28:52,536 - __main__ - INFO - 🔍 Looking for job opportunities (attempt 2)...
2025-07-25 09:28:53,727 - __main__ - ERROR - ❌ Error in application cycle: [Errno 32] Broken pipe
2025-07-25 09:28:53,729 - __main__ - INFO - ⏳ Waiting 2 minutes before retry...
2025-07-25 09:30:53,729 - __main__ - INFO - 🔍 Looking for job opportunities (attempt 2)...
2025-07-25 09:30:55,510 - __main__ - ERROR - ❌ Error in application cycle: [Errno 32] Broken pipe
2025-07-25 09:30:55,512 - __main__ - INFO - ⏳ Waiting 2 minutes before retry...
2025-07-25 09:32:55,512 - __main__ - INFO - 🔍 Looking for job opportunities (attempt 2)...
2025-07-25 09:32:57,390 - __main__ - ERROR - ❌ Error in application cycle: [Errno 32] Broken pipe
2025-07-25 09:32:57,393 - __main__ - INFO - ⏳ Waiting 2 minutes before retry...
2025-07-25 09:34:57,394 - __main__ - INFO - 🔍 Looking for job opportunities (attempt 2)...
2025-07-25 09:34:58,461 - __main__ - ERROR - ❌ Error in application cycle: [Errno 32] Broken pipe
2025-07-25 09:34:58,463 - __main__ - INFO - ⏳ Waiting 2 minutes before retry...
2025-07-25 09:36:58,463 - __main__ - INFO - 🔍 Looking for job opportunities (attempt 2)...
2025-07-25 09:36:59,918 - __main__ - ERROR - ❌ Error in application cycle: [Errno 32] Broken pipe
2025-07-25 09:36:59,920 - __main__ - INFO - ⏳ Waiting 2 minutes before retry...
2025-07-25 09:38:59,922 - __main__ - INFO - 🔍 Looking for job opportunities (attempt 2)...
2025-07-25 09:39:01,760 - __main__ - ERROR - ❌ Error in application cycle: [Errno 32] Broken pipe
2025-07-25 09:39:01,763 - __main__ - INFO - ⏳ Waiting 2 minutes before retry...
2025-07-25 09:41:01,717 - __main__ - INFO - 🔍 Looking for job opportunities (attempt 2)...
2025-07-25 09:41:04,517 - __main__ - ERROR - ❌ Error in application cycle: [Errno 32] Broken pipe
2025-07-25 09:41:04,520 - __main__ - INFO - ⏳ Waiting 2 minutes before retry...
2025-07-25 09:43:04,520 - __main__ - INFO - 🔍 Looking for job opportunities (attempt 2)...
2025-07-25 09:43:06,414 - __main__ - ERROR - ❌ Error in application cycle: [Errno 32] Broken pipe
2025-07-25 09:43:06,416 - __main__ - INFO - ⏳ Waiting 2 minutes before retry...
2025-07-25 09:45:06,417 - __main__ - INFO - 🔍 Looking for job opportunities (attempt 2)...
2025-07-25 09:45:07,517 - __main__ - ERROR - ❌ Error in application cycle: [Errno 32] Broken pipe
2025-07-25 09:45:07,519 - __main__ - INFO - ⏳ Waiting 2 minutes before retry...
2025-07-25 09:47:07,520 - __main__ - INFO - 🔍 Looking for job opportunities (attempt 2)...
2025-07-25 09:47:09,068 - __main__ - ERROR - ❌ Error in application cycle: [Errno 32] Broken pipe
2025-07-25 09:47:09,070 - __main__ - INFO - ⏳ Waiting 2 minutes before retry...
2025-07-25 09:49:09,070 - __main__ - INFO - 🔍 Looking for job opportunities (attempt 2)...
2025-07-25 09:49:10,271 - __main__ - ERROR - ❌ Error in application cycle: [Errno 32] Broken pipe
2025-07-25 09:49:10,272 - __main__ - INFO - ⏳ Waiting 2 minutes before retry...
2025-07-25 09:51:10,272 - __main__ - INFO - 🔍 Looking for job opportunities (attempt 2)...
2025-07-25 09:51:11,864 - __main__ - ERROR - ❌ Error in application cycle: [Errno 32] Broken pipe
2025-07-25 09:51:11,866 - __main__ - INFO - ⏳ Waiting 2 minutes before retry...
2025-07-25 09:53:11,865 - __main__ - INFO - 🔍 Looking for job opportunities (attempt 2)...
2025-07-25 09:53:13,596 - __main__ - ERROR - ❌ Error in application cycle: [Errno 32] Broken pipe
2025-07-25 09:53:13,598 - __main__ - INFO - ⏳ Waiting 2 minutes before retry...
2025-07-25 09:55:13,606 - __main__ - INFO - 🔍 Looking for job opportunities (attempt 2)...
2025-07-25 09:55:16,176 - __main__ - ERROR - ❌ Error in application cycle: [Errno 32] Broken pipe
2025-07-25 09:55:16,179 - __main__ - INFO - ⏳ Waiting 2 minutes before retry...
2025-07-25 09:57:16,181 - __main__ - INFO - 🔍 Looking for job opportunities (attempt 2)...
2025-07-25 09:57:18,818 - __main__ - ERROR - ❌ Error in application cycle: [Errno 32] Broken pipe
2025-07-25 09:57:18,819 - __main__ - INFO - ⏳ Waiting 2 minutes before retry...
2025-07-25 09:59:18,820 - __main__ - INFO - 🔍 Looking for job opportunities (attempt 2)...
2025-07-25 09:59:20,719 - __main__ - ERROR - ❌ Error in application cycle: [Errno 32] Broken pipe
2025-07-25 09:59:20,721 - __main__ - INFO - ⏳ Waiting 2 minutes before retry...
2025-07-25 10:01:20,722 - __main__ - INFO - 🔍 Looking for job opportunities (attempt 2)...
2025-07-25 10:01:21,925 - __main__ - ERROR - ❌ Error in application cycle: [Errno 32] Broken pipe
2025-07-25 10:01:21,927 - __main__ - INFO - ⏳ Waiting 2 minutes before retry...
2025-07-25 10:03:21,927 - __main__ - INFO - 🔍 Looking for job opportunities (attempt 2)...
2025-07-25 10:03:24,208 - __main__ - ERROR - ❌ Error in application cycle: [Errno 32] Broken pipe
2025-07-25 10:03:24,211 - __main__ - INFO - ⏳ Waiting 2 minutes before retry...
2025-07-25 10:05:24,212 - __main__ - INFO - 🔍 Looking for job opportunities (attempt 2)...
2025-07-25 10:05:25,910 - __main__ - ERROR - ❌ Error in application cycle: [Errno 32] Broken pipe
2025-07-25 10:05:25,913 - __main__ - INFO - ⏳ Waiting 2 minutes before retry...
2025-07-25 10:07:25,914 - __main__ - INFO - 🔍 Looking for job opportunities (attempt 2)...
2025-07-25 10:07:28,226 - __main__ - ERROR - ❌ Error in application cycle: [Errno 32] Broken pipe
2025-07-25 10:07:28,229 - __main__ - INFO - ⏳ Waiting 2 minutes before retry...
2025-07-25 10:09:28,230 - __main__ - INFO - 🔍 Looking for job opportunities (attempt 2)...
2025-07-25 10:09:30,361 - __main__ - ERROR - ❌ Error in application cycle: [Errno 32] Broken pipe
2025-07-25 10:09:30,365 - __main__ - INFO - ⏳ Waiting 2 minutes before retry...
2025-07-25 10:11:30,359 - __main__ - INFO - 🔍 Looking for job opportunities (attempt 2)...
2025-07-25 10:11:31,481 - __main__ - ERROR - ❌ Error in application cycle: [Errno 32] Broken pipe
2025-07-25 10:11:31,484 - __main__ - INFO - ⏳ Waiting 2 minutes before retry...
2025-07-25 10:13:31,484 - __main__ - INFO - 🔍 Looking for job opportunities (attempt 2)...
2025-07-25 10:13:34,241 - __main__ - ERROR - ❌ Error in application cycle: [Errno 32] Broken pipe
2025-07-25 10:13:34,243 - __main__ - INFO - ⏳ Waiting 2 minutes before retry...
2025-07-25 10:15:34,243 - __main__ - INFO - 🔍 Looking for job opportunities (attempt 2)...
2025-07-25 10:15:35,816 - urllib3.connectionpool - WARNING - Retrying (Retry(total=2, connect=None, read=None, redirect=None, status=None)) after connection broken by 'NewConnectionError('<urllib3.connection.HTTPConnection object at 0x1222c80d0>: Failed to establish a new connection: [Errno 61] Connection refused')': /session/887a5ce7229f2e96f0b90bdb0a2f937f/url
2025-07-25 10:15:35,817 - urllib3.connectionpool - WARNING - Retrying (Retry(total=1, connect=None, read=None, redirect=None, status=None)) after connection broken by 'NewConnectionError('<urllib3.connection.HTTPConnection object at 0x1222c8f10>: Failed to establish a new connection: [Errno 61] Connection refused')': /session/887a5ce7229f2e96f0b90bdb0a2f937f/url
2025-07-25 10:15:35,819 - urllib3.connectionpool - WARNING - Retrying (Retry(total=0, connect=None, read=None, redirect=None, status=None)) after connection broken by 'NewConnectionError('<urllib3.connection.HTTPConnection object at 0x122b63070>: Failed to establish a new connection: [Errno 61] Connection refused')': /session/887a5ce7229f2e96f0b90bdb0a2f937f/url
2025-07-25 10:15:35,831 - __main__ - ERROR - ❌ Error in application cycle: [Errno 32] Broken pipe
2025-07-25 10:15:35,833 - __main__ - INFO - ⏳ Waiting 2 minutes before retry...
