2025-07-25 11:47:04,600 - __main__ - INFO - ================================================================================
2025-07-25 11:47:04,600 - __main__ - INFO - 🚀 ENHANCED LINKEDIN EASY APPLY BOT STARTING
2025-07-25 11:47:04,600 - __main__ - INFO - ================================================================================
2025-07-25 11:47:04,600 - __main__ - INFO - 👤 User ID: bf5acf53-8862-48af-b9ab-3b73d3c5527a
2025-07-25 11:47:04,600 - __main__ - INFO - 🎯 Max Applications: 5
2025-07-25 11:47:04,600 - __main__ - INFO - 🚀 Initializing Enhanced User Bot for user: bf5acf53-8862-48af-b9ab-3b73d3c5527a
2025-07-25 11:47:04,600 - __main__ - INFO - 📝 Session ID: bf5acf53-8862-48af-b9ab-3b73d3c5527a_1753458424
2025-07-25 11:47:04,600 - __main__ - INFO - 💾 Database path: backend/easyapply.db
2025-07-25 11:47:04,600 - __main__ - INFO - 🗄️ Initializing database for application tracking...
2025-07-25 11:47:04,601 - __main__ - INFO - ✅ Database initialized successfully
2025-07-25 11:47:04,601 - __main__ - INFO - 📋 Loading user configuration...
2025-07-25 11:47:04,601 - __main__ - INFO - 📊 Querying database for user configuration...
2025-07-25 11:47:04,603 - __main__ - INFO - ✅ Successfully decrypted credentials for: None
2025-07-25 11:47:04,603 - __main__ - INFO - ✅ Database configuration built successfully
2025-07-25 11:47:04,603 - __main__ - INFO - ✅ Configuration loaded from database
2025-07-25 11:47:04,603 - __main__ - INFO - ✅ Configuration loaded successfully
2025-07-25 11:47:04,603 - __main__ - INFO - 👤 LinkedIn Email: None
2025-07-25 11:47:04,603 - __main__ - INFO - 🎯 Target Positions: Software Engineer
2025-07-25 11:47:04,603 - __main__ - INFO - 📍 Target Locations: Remote, New Jersey, New York
2025-07-25 11:47:04,603 - __main__ - INFO - ================================================================================
2025-07-25 11:47:04,603 - __main__ - INFO - 🚀 STARTING CONTINUOUS APPLICATION MODE
2025-07-25 11:47:04,603 - __main__ - INFO - ================================================================================
2025-07-25 11:47:04,603 - __main__ - INFO - 👤 User ID: bf5acf53-8862-48af-b9ab-3b73d3c5527a
2025-07-25 11:47:04,603 - __main__ - INFO - 🎯 Session ID: bf5acf53-8862-48af-b9ab-3b73d3c5527a_1753458424
2025-07-25 11:47:04,603 - __main__ - INFO - 📧 LinkedIn Email: None
2025-07-25 11:47:04,603 - __main__ - INFO - 🔢 Max Applications: 5
2025-07-25 11:47:04,603 - __main__ - INFO - 💾 Database Path: backend/easyapply.db
2025-07-25 11:47:04,603 - __main__ - INFO - 🧹 Clearing previous activity logs...
2025-07-25 11:47:04,604 - __main__ - INFO - ✅ Cleared 0 previous activity log entries
2025-07-25 11:47:04,604 - __main__ - INFO - 🌐 Starting browser initialization...
2025-07-25 11:47:04,604 - __main__ - INFO - 🌐 Attempting to launch browser with user directory: /Users/shaheersaud/EASYAPPLYLINKEDINJULY17/chrome_bot_user_bf5acf53-8862-48af-b9ab-3b73d3c5527a
2025-07-25 11:47:06,231 - __main__ - ERROR - ❌ FATAL ERROR in continuous applications: Message: invalid argument: Failed to find browser context for id 30B878FA6B121335466236EB1AFEF05B
  (Session info: chrome=138.0.7204.169)
Stacktrace:
0   chromedriver                        0x0000000100e8755c cxxbridge1$str$ptr + 2731064
1   chromedriver                        0x0000000100e7f454 cxxbridge1$str$ptr + 2698032
2   chromedriver                        0x00000001009ce3f8 cxxbridge1$string$len + 90664
3   chromedriver                        0x00000001009b84fc cxxbridge1$string$len + 812
4   chromedriver                        0x00000001009b6d04 chromedriver + 191748
5   chromedriver                        0x00000001009b78bc chromedriver + 194748
6   chromedriver                        0x00000001009d1f60 cxxbridge1$string$len + 105872
7   chromedriver                        0x0000000100a56b1c cxxbridge1$string$len + 649548
8   chromedriver                        0x0000000100a09a0c cxxbridge1$string$len + 333884
9   chromedriver                        0x0000000100e4a5e0 cxxbridge1$str$ptr + 2481340
10  chromedriver                        0x0000000100e4d848 cxxbridge1$str$ptr + 2494244
11  chromedriver                        0x0000000100e2b234 cxxbridge1$str$ptr + 2353424
12  chromedriver                        0x0000000100e4e104 cxxbridge1$str$ptr + 2496480
13  chromedriver                        0x0000000100e1c2e4 cxxbridge1$str$ptr + 2292160
14  chromedriver                        0x0000000100e6dff8 cxxbridge1$str$ptr + 2627284
15  chromedriver                        0x0000000100e6e184 cxxbridge1$str$ptr + 2627680
16  chromedriver                        0x0000000100e7f090 cxxbridge1$str$ptr + 2697068
17  libsystem_pthread.dylib             0x00000001956c6c0c _pthread_start + 136
18  libsystem_pthread.dylib             0x00000001956c1b80 thread_start + 8

2025-07-25 11:47:06,250 - __main__ - WARNING - ⚠️ Failed to log activity: datatype mismatch
2025-07-25 11:47:06,251 - __main__ - INFO - 🧹 Cleaning up resources...
2025-07-25 11:47:06,251 - __main__ - INFO - 🧹 Cleaning up existing Chrome processes...
2025-07-25 11:47:08,318 - __main__ - INFO - ✅ Chrome processes cleaned up
2025-07-25 11:47:08,318 - __main__ - INFO - ✅ Cleanup completed
2025-07-25 11:47:08,318 - __main__ - ERROR - ❌ Bot execution failed: Message: invalid argument: Failed to find browser context for id 30B878FA6B121335466236EB1AFEF05B
  (Session info: chrome=138.0.7204.169)
Stacktrace:
0   chromedriver                        0x0000000100e8755c cxxbridge1$str$ptr + 2731064
1   chromedriver                        0x0000000100e7f454 cxxbridge1$str$ptr + 2698032
2   chromedriver                        0x00000001009ce3f8 cxxbridge1$string$len + 90664
3   chromedriver                        0x00000001009b84fc cxxbridge1$string$len + 812
4   chromedriver                        0x00000001009b6d04 chromedriver + 191748
5   chromedriver                        0x00000001009b78bc chromedriver + 194748
6   chromedriver                        0x00000001009d1f60 cxxbridge1$string$len + 105872
7   chromedriver                        0x0000000100a56b1c cxxbridge1$string$len + 649548
8   chromedriver                        0x0000000100a09a0c cxxbridge1$string$len + 333884
9   chromedriver                        0x0000000100e4a5e0 cxxbridge1$str$ptr + 2481340
10  chromedriver                        0x0000000100e4d848 cxxbridge1$str$ptr + 2494244
11  chromedriver                        0x0000000100e2b234 cxxbridge1$str$ptr + 2353424
12  chromedriver                        0x0000000100e4e104 cxxbridge1$str$ptr + 2496480
13  chromedriver                        0x0000000100e1c2e4 cxxbridge1$str$ptr + 2292160
14  chromedriver                        0x0000000100e6dff8 cxxbridge1$str$ptr + 2627284
15  chromedriver                        0x0000000100e6e184 cxxbridge1$str$ptr + 2627680
16  chromedriver                        0x0000000100e7f090 cxxbridge1$str$ptr + 2697068
17  libsystem_pthread.dylib             0x00000001956c6c0c _pthread_start + 136
18  libsystem_pthread.dylib             0x00000001956c1b80 thread_start + 8

