2025-07-25 11:22:14,438 - __main__ - INFO - ================================================================================
2025-07-25 11:22:14,438 - __main__ - INFO - 🚀 ENHANCED LINKEDIN EASY APPLY BOT STARTING
2025-07-25 11:22:14,438 - __main__ - INFO - ================================================================================
2025-07-25 11:22:14,438 - __main__ - INFO - 👤 User ID: bf5acf53-8862-48af-b9ab-3b73d3c5527a
2025-07-25 11:22:14,438 - __main__ - INFO - 🎯 Max Applications: 5
2025-07-25 11:22:14,438 - __main__ - INFO - 🚀 Initializing Enhanced User Bot for user: bf5acf53-8862-48af-b9ab-3b73d3c5527a
2025-07-25 11:22:14,438 - __main__ - INFO - 📝 Session ID: bf5acf53-8862-48af-b9ab-3b73d3c5527a_1753456934
2025-07-25 11:22:14,438 - __main__ - INFO - 💾 Database path: backend/easyapply.db
2025-07-25 11:22:14,438 - __main__ - INFO - 🗄️ Initializing database for application tracking...
2025-07-25 11:22:14,440 - __main__ - INFO - ✅ Database initialized successfully
2025-07-25 11:22:14,440 - __main__ - INFO - 📋 Loading user configuration...
2025-07-25 11:22:14,440 - __main__ - INFO - 📊 Querying database for user configuration...
2025-07-25 11:22:14,442 - __main__ - INFO - ✅ Successfully decrypted credentials for: None
2025-07-25 11:22:14,442 - __main__ - INFO - ✅ Database configuration built successfully
2025-07-25 11:22:14,443 - __main__ - INFO - ✅ Configuration loaded from database
2025-07-25 11:22:14,443 - __main__ - INFO - ✅ Configuration loaded successfully
2025-07-25 11:22:14,443 - __main__ - INFO - 👤 LinkedIn Email: None
2025-07-25 11:22:14,443 - __main__ - INFO - 🎯 Target Positions: Software Engineer
2025-07-25 11:22:14,443 - __main__ - INFO - 📍 Target Locations: Remote, New Jersey, New York
2025-07-25 11:22:14,443 - __main__ - INFO - ================================================================================
2025-07-25 11:22:14,443 - __main__ - INFO - 🚀 STARTING CONTINUOUS APPLICATION MODE
2025-07-25 11:22:14,443 - __main__ - INFO - ================================================================================
2025-07-25 11:22:14,443 - __main__ - INFO - 👤 User ID: bf5acf53-8862-48af-b9ab-3b73d3c5527a
2025-07-25 11:22:14,443 - __main__ - INFO - 🎯 Session ID: bf5acf53-8862-48af-b9ab-3b73d3c5527a_1753456934
2025-07-25 11:22:14,443 - __main__ - INFO - 📧 LinkedIn Email: None
2025-07-25 11:22:14,443 - __main__ - INFO - 🔢 Max Applications: 5
2025-07-25 11:22:14,443 - __main__ - INFO - 💾 Database Path: backend/easyapply.db
2025-07-25 11:22:14,443 - __main__ - INFO - 🧹 Clearing previous activity logs...
2025-07-25 11:22:14,443 - __main__ - INFO - ✅ Cleared 0 previous activity log entries
2025-07-25 11:22:14,443 - __main__ - INFO - 🌐 Starting browser initialization...
2025-07-25 11:22:14,443 - __main__ - INFO - 🌐 Attempting to launch browser with user directory: /Users/shaheersaud/EASYAPPLYLINKEDINJULY17/chrome_bot_user_bf5acf53-8862-48af-b9ab-3b73d3c5527a
2025-07-25 11:22:16,139 - __main__ - INFO - ✅ Browser initialized successfully
2025-07-25 11:22:16,139 - __main__ - INFO - 🤖 Initializing LinkedIn bot...
2025-07-25 11:22:16,139 - __main__ - INFO - 📧 Using email: None
2025-07-25 11:22:16,140 - __main__ - INFO - 🎯 Target positions: ['Software Engineer']
2025-07-25 11:22:16,140 - __main__ - INFO - 📍 Target locations: ['Remote', 'New Jersey', 'New York']
2025-07-25 11:22:16,188 - __main__ - INFO - ✅ LinkedIn bot initialized with simple config approach
2025-07-25 11:22:16,188 - __main__ - INFO - ✅ Database integration enabled for application tracking
2025-07-25 11:22:16,188 - __main__ - INFO - 🔐 Starting LinkedIn login process...
2025-07-25 11:22:16,189 - __main__ - WARNING - ⚠️ Failed to log activity: datatype mismatch
2025-07-25 11:22:22,334 - __main__ - INFO - ✅ LinkedIn login successful
2025-07-25 11:22:22,336 - __main__ - WARNING - ⚠️ Failed to log activity: datatype mismatch
2025-07-25 11:22:22,336 - __main__ - INFO - 🛡️ Performing security check...
2025-07-25 11:22:22,381 - __main__ - INFO - ✅ Security check passed
2025-07-25 11:22:22,381 - __main__ - WARNING - ⚠️ Failed to log activity: datatype mismatch
2025-07-25 11:22:22,381 - __main__ - INFO - 🎯 Starting job application process...
2025-07-25 11:22:22,382 - __main__ - WARNING - ⚠️ Failed to log activity: datatype mismatch
2025-07-25 11:22:22,382 - __main__ - INFO - 🔍 Looking for job opportunities (attempt 1)...
2025-07-25 11:22:22,382 - __main__ - WARNING - ⚠️ Failed to log activity: datatype mismatch
2025-07-25 11:22:47,323 - __main__ - INFO - ⏸️ No suitable jobs found in this cycle
2025-07-25 11:22:47,331 - __main__ - WARNING - ⚠️ Failed to log activity: datatype mismatch
2025-07-25 11:22:47,331 - __main__ - INFO - ⏭️ Continuing search...
2025-07-25 11:23:17,332 - __main__ - INFO - 🔍 Looking for job opportunities (attempt 1)...
2025-07-25 11:23:17,333 - __main__ - WARNING - ⚠️ Failed to log activity: datatype mismatch
2025-07-25 11:23:28,685 - __main__ - INFO - ⏸️ No suitable jobs found in this cycle
2025-07-25 11:23:28,686 - __main__ - WARNING - ⚠️ Failed to log activity: datatype mismatch
2025-07-25 11:23:28,687 - __main__ - INFO - ⏭️ Continuing search...
2025-07-25 11:23:58,688 - __main__ - INFO - 🔍 Looking for job opportunities (attempt 1)...
2025-07-25 11:23:58,693 - __main__ - WARNING - ⚠️ Failed to log activity: datatype mismatch
2025-07-25 11:24:05,594 - __main__ - INFO - ⏸️ No suitable jobs found in this cycle
2025-07-25 11:24:05,597 - __main__ - WARNING - ⚠️ Failed to log activity: datatype mismatch
2025-07-25 11:24:05,598 - __main__ - INFO - ⏭️ Continuing search...
2025-07-25 11:24:35,599 - __main__ - INFO - 🔍 Looking for job opportunities (attempt 1)...
2025-07-25 11:24:35,601 - __main__ - WARNING - ⚠️ Failed to log activity: datatype mismatch
2025-07-25 11:24:40,623 - __main__ - INFO - ⏸️ No suitable jobs found in this cycle
2025-07-25 11:24:40,624 - __main__ - WARNING - ⚠️ Failed to log activity: datatype mismatch
2025-07-25 11:24:40,625 - __main__ - INFO - ⏭️ Continuing search...
2025-07-25 11:25:10,626 - __main__ - INFO - 🔍 Looking for job opportunities (attempt 1)...
2025-07-25 11:25:10,629 - __main__ - WARNING - ⚠️ Failed to log activity: datatype mismatch
2025-07-25 11:25:15,846 - __main__ - INFO - ⏸️ No suitable jobs found in this cycle
2025-07-25 11:25:15,847 - __main__ - WARNING - ⚠️ Failed to log activity: datatype mismatch
2025-07-25 11:25:15,848 - __main__ - INFO - ⏭️ Continuing search...
2025-07-25 11:25:45,848 - __main__ - INFO - 🔍 Looking for job opportunities (attempt 1)...
2025-07-25 11:25:45,850 - __main__ - WARNING - ⚠️ Failed to log activity: datatype mismatch
2025-07-25 11:25:53,531 - __main__ - INFO - ⏸️ No suitable jobs found in this cycle
2025-07-25 11:25:53,531 - __main__ - WARNING - ⚠️ Failed to log activity: datatype mismatch
2025-07-25 11:25:53,531 - __main__ - INFO - ⏭️ Continuing search...
2025-07-25 11:26:23,532 - __main__ - INFO - 🔍 Looking for job opportunities (attempt 1)...
2025-07-25 11:26:23,534 - __main__ - WARNING - ⚠️ Failed to log activity: datatype mismatch
2025-07-25 11:26:29,403 - __main__ - INFO - ⏸️ No suitable jobs found in this cycle
2025-07-25 11:26:29,404 - __main__ - WARNING - ⚠️ Failed to log activity: datatype mismatch
2025-07-25 11:26:29,404 - __main__ - INFO - ⏭️ Continuing search...
2025-07-25 11:26:59,404 - __main__ - INFO - 🔍 Looking for job opportunities (attempt 1)...
2025-07-25 11:26:59,407 - __main__ - WARNING - ⚠️ Failed to log activity: datatype mismatch
2025-07-25 11:27:03,702 - __main__ - ERROR - ❌ Error in application cycle: [Errno 32] Broken pipe
2025-07-25 11:27:03,704 - __main__ - ERROR - ❌ FATAL ERROR in continuous applications: [Errno 32] Broken pipe
2025-07-25 11:27:03,704 - __main__ - INFO - 🧹 Cleaning up resources...
2025-07-25 11:27:03,704 - __main__ - INFO - 🌐 Closing browser...
2025-07-25 11:27:03,752 - __main__ - INFO - ✅ Browser closed successfully
2025-07-25 11:27:03,753 - __main__ - INFO - 🧹 Cleaning up existing Chrome processes...
2025-07-25 11:27:05,788 - __main__ - INFO - ✅ Chrome processes cleaned up
2025-07-25 11:27:05,788 - __main__ - INFO - ✅ Cleanup completed
2025-07-25 11:27:05,788 - __main__ - ERROR - ❌ Bot execution failed: [Errno 32] Broken pipe
