[34631:901594:0724/204635.803307:INFO:components/enterprise/browser/controller/chrome_browser_cloud_management_controller.cc:202] No machine level policy manager exists.
[34631:901594:0724/204638.474012:INFO:CONSOLE:5] "🚫 MEGA SCROLL PREVENTION: Starting comprehensive scroll blocking...", source:  (5)
[34631:901594:0724/204638.474121:INFO:CONSOLE:63] "🚫 MEGA SCROLL PREVENTION ACTIVATED - ALL scrolling completely disabled!", source:  (63)
[34631:901594:0724/204638.885825:INFO:CONSOLE:100] "<link rel=preload> must have a valid `as` value", source: https://www.linkedin.com/uas/login?session_redirect=https%3A%2F%2Fwww.linkedin.com%2Ffeed%2F (100)
[34631:901594:0724/204638.885849:INFO:CONSOLE:101] "<link rel=preload> must have a valid `as` value", source: https://www.linkedin.com/uas/login?session_redirect=https%3A%2F%2Fwww.linkedin.com%2Ffeed%2F (101)
[34631:901594:0724/204638.885859:INFO:CONSOLE:102] "<link rel=preload> must have a valid `as` value", source: https://www.linkedin.com/uas/login?session_redirect=https%3A%2F%2Fwww.linkedin.com%2Ffeed%2F (102)
[34631:901594:0724/204638.885867:INFO:CONSOLE:103] "<link rel=preload> must have a valid `as` value", source: https://www.linkedin.com/uas/login?session_redirect=https%3A%2F%2Fwww.linkedin.com%2Ffeed%2F (103)
[34631:901594:0724/204638.885873:INFO:CONSOLE:106] "<link rel=preload> must have a valid `as` value", source: https://www.linkedin.com/uas/login?session_redirect=https%3A%2F%2Fwww.linkedin.com%2Ffeed%2F (106)
[34631:901594:0724/204638.885880:INFO:CONSOLE:107] "<link rel=preload> must have a valid `as` value", source: https://www.linkedin.com/uas/login?session_redirect=https%3A%2F%2Fwww.linkedin.com%2Ffeed%2F (107)
[34631:901594:0724/204639.119616:INFO:CONSOLE:14] "Uncaught TypeError: Cannot read properties of undefined (reading 'then')", source: https://static.licdn.com/sc/h/ax9fa8qn7acaw8v5zs7uo0oba (14)
[34658:902296:0724/204639.123226:INFO:third_party/blink/renderer/modules/peerconnection/peer_connection_dependency_factory.cc:802] Running WebRTC with a combined Network and Worker thread.
[34714:902311:0724/204639.298331:ERROR:sandbox/mac/system_services.cc:31] SetApplicationIsDaemon: Error Domain=NSOSStatusErrorDomain Code=-50 "paramErr: error in user parameter list" (-50)
[34631:901594:0724/204639.541554:INFO:CONSOLE:4] "🚫 Re-applying MEGA scroll prevention...", source:  (4)
[34631:901594:0724/204639.542067:INFO:CONSOLE:20] "🚫 MEGA scroll prevention re-applied successfully", source:  (20)
[34631:901594:0724/204639.546785:INFO:CONSOLE:169] "[GSI_LOGGER]: Your client application may not display the Google One Tap in its default position. When FedCM becomes mandatory, One Tap only displays in the default position. Refer to the migration guide to update your code accordingly and opt-in to FedCM to test your changes. Learn more: https://developers.google.com/identity/gsi/web/guides/fedcm-migration?s=dc#layout", source: https://static.licdn.com/sc/h/aofke6z5sqc44bjlvj6yr05c8 (169)
[34631:901594:0724/204639.547511:INFO:CONSOLE:169] "[GSI_LOGGER]: Your client application uses one of the Google One Tap prompt UI status methods that may stop functioning when FedCM becomes mandatory. Refer to the migration guide to update your code accordingly and opt-in to FedCM to test your changes. Learn more: https://developers.google.com/identity/gsi/web/guides/fedcm-migration?s=dc#display_moment and https://developers.google.com/identity/gsi/web/guides/fedcm-migration?s=dc#skipped_moment", source: https://static.licdn.com/sc/h/aofke6z5sqc44bjlvj6yr05c8 (169)
[34631:901594:0724/204639.547543:INFO:CONSOLE:169] "[GSI_LOGGER]: Currently, you disable FedCM on Google One Tap. FedCM for One Tap will become mandatory starting Oct 2024, and you won’t be able to disable it. Refer to the migration guide to update your code accordingly to ensure users will not be blocked from logging in. Learn more: https://developers.google.com/identity/gsi/web/guides/fedcm-migration", source: https://static.licdn.com/sc/h/aofke6z5sqc44bjlvj6yr05c8 (169)
[34637:901713:0724/204639.600329:WARNING:net/dns/host_resolver_dns_task.cc:938] Address list empty after RFC3484 sort
[34637:901713:0724/204639.601869:ERROR:services/network/p2p/socket_manager.cc:137] Failed to resolve address for stun.l.google.com., errorcode: -105
[34637:901713:0724/204639.601889:ERROR:services/network/p2p/socket_manager.cc:137] Failed to resolve address for stun.l.google.com., errorcode: -105
[34637:901713:0724/204639.601895:ERROR:services/network/p2p/socket_manager.cc:137] Failed to resolve address for stun.l.google.com., errorcode: -105
[34637:901713:0724/204639.601900:ERROR:services/network/p2p/socket_manager.cc:137] Failed to resolve address for stun.l.google.com., errorcode: -105
[34637:901713:0724/204639.601904:ERROR:services/network/p2p/socket_manager.cc:137] Failed to resolve address for stun.l.google.com., errorcode: -105
[34637:901713:0724/204639.601908:ERROR:services/network/p2p/socket_manager.cc:137] Failed to resolve address for stun.l.google.com., errorcode: -105
[34631:901594:0724/204639.602447:WARNING:chrome/browser/media/prefs/capture_device_ranking.h:255] Can't initialize the value of media.audio_input.user_preference_ranking because media.default_audio_capture_device isn't registered or is empty
[34631:901594:0724/204639.602464:WARNING:chrome/browser/media/prefs/capture_device_ranking.h:255] Can't initialize the value of media.video_input.user_preference_ranking because media.default_video_capture_Device isn't registered or is empty
[34631:901594:0724/204639.602472:WARNING:chrome/browser/media/prefs/capture_device_ranking.h:255] Can't initialize the value of media.audio_input.user_preference_ranking because media.default_audio_capture_device isn't registered or is empty
[34631:901594:0724/204639.602476:WARNING:chrome/browser/media/prefs/capture_device_ranking.h:255] Can't initialize the value of media.video_input.user_preference_ranking because media.default_video_capture_Device isn't registered or is empty
[34631:901594:0724/204639.602481:WARNING:chrome/browser/media/prefs/capture_device_ranking.h:255] Can't initialize the value of media.audio_input.user_preference_ranking because media.default_audio_capture_device isn't registered or is empty
[34631:901594:0724/204639.602485:WARNING:chrome/browser/media/prefs/capture_device_ranking.h:255] Can't initialize the value of media.video_input.user_preference_ranking because media.default_video_capture_Device isn't registered or is empty
[34631:901594:0724/204639.602490:WARNING:chrome/browser/media/prefs/capture_device_ranking.h:255] Can't initialize the value of media.audio_input.user_preference_ranking because media.default_audio_capture_device isn't registered or is empty
[34631:901594:0724/204639.602493:WARNING:chrome/browser/media/prefs/capture_device_ranking.h:255] Can't initialize the value of media.video_input.user_preference_ranking because media.default_video_capture_Device isn't registered or is empty
[34631:901594:0724/204639.602498:WARNING:chrome/browser/media/prefs/capture_device_ranking.h:255] Can't initialize the value of media.audio_input.user_preference_ranking because media.default_audio_capture_device isn't registered or is empty
[34631:901594:0724/204639.602501:WARNING:chrome/browser/media/prefs/capture_device_ranking.h:255] Can't initialize the value of media.video_input.user_preference_ranking because media.default_video_capture_Device isn't registered or is empty
[34631:901594:0724/204639.602506:WARNING:chrome/browser/media/prefs/capture_device_ranking.h:255] Can't initialize the value of media.audio_input.user_preference_ranking because media.default_audio_capture_device isn't registered or is empty
[34631:901594:0724/204639.602509:WARNING:chrome/browser/media/prefs/capture_device_ranking.h:255] Can't initialize the value of media.video_input.user_preference_ranking because media.default_video_capture_Device isn't registered or is empty
[34658:902297:0724/204639.609374:WARNING:third_party/webrtc/p2p/base/stun_port.cc:455] Port[3a6af00:0:1:0:host:Net[any:0:0:0:x:x:x:x:x/0:Wildcard:id=0]]: StunPort: stun host lookup received error -1
[34658:902297:0724/204639.609413:WARNING:third_party/webrtc/p2p/base/stun_port.cc:455] Port[4092800:0:1:0:host:Net[any:0:0:0:x:x:x:x:x/0:Wildcard:id=0]]: StunPort: stun host lookup received error -1
[34658:902297:0724/204639.609431:WARNING:third_party/webrtc/p2p/base/stun_port.cc:455] Port[4090500:0:1:0:host:Net[any:0:0:0:x:x:x:x:x/0:Wildcard:id=0]]: StunPort: stun host lookup received error -1
[34658:902297:0724/204639.609439:WARNING:third_party/webrtc/p2p/base/stun_port.cc:455] Port[4098200:0:1:0:host:Net[any:0:0:0:x:x:x:x:x/0:Wildcard:id=0]]: StunPort: stun host lookup received error -1
[34658:902297:0724/204639.609447:WARNING:third_party/webrtc/p2p/base/stun_port.cc:455] Port[4098700:0:1:0:host:Net[any:0:0:0:x:x:x:x:x/0:Wildcard:id=0]]: StunPort: stun host lookup received error -1
[34658:902297:0724/204639.609455:WARNING:third_party/webrtc/p2p/base/stun_port.cc:455] Port[3a6dc00:0:1:0:host:Net[any:0:0:0:x:x:x:x:x/0:Wildcard:id=0]]: StunPort: stun host lookup received error -1
[34631:901594:0724/204639.610358:INFO:CONSOLE:6] "🖥️ Chrome window focused via JavaScript", source:  (6)
[34631:901594:0724/204639.737029:WARNING:services/device/public/cpp/hid/hid_collection.cc:240] encountered report item with invalid report size (64>32)
[34631:901594:0724/204639.737042:WARNING:services/device/public/cpp/hid/hid_collection.cc:240] encountered report item with invalid report size (64>32)
[34631:901594:0724/204639.737098:WARNING:services/device/public/cpp/hid/hid_collection.cc:240] encountered report item with invalid report size (16384>32)
[34631:901594:0724/204639.737125:WARNING:services/device/public/cpp/hid/hid_collection.cc:240] encountered report item with invalid report size (16384>32)
[34631:901594:0724/204639.737148:WARNING:services/device/public/cpp/hid/hid_collection.cc:240] encountered report item with invalid report size (16384>32)
[34631:901594:0724/204639.737170:WARNING:services/device/public/cpp/hid/hid_collection.cc:240] encountered report item with invalid report size (16384>32)
[34631:901594:0724/204639.737197:WARNING:services/device/public/cpp/hid/hid_collection.cc:240] encountered report item with invalid report size (16384>32)
[34631:901594:0724/204639.737221:WARNING:services/device/public/cpp/hid/hid_collection.cc:240] encountered report item with invalid report size (16384>32)
[34631:901594:0724/204639.737259:WARNING:services/device/public/cpp/hid/hid_collection.cc:240] encountered report item with invalid report size (16024>32)
[34631:901594:0724/204639.737262:WARNING:services/device/public/cpp/hid/hid_collection.cc:240] encountered report item with invalid report size (1048>32)
[34631:901594:0724/204639.737307:WARNING:services/device/public/cpp/hid/hid_collection.cc:240] encountered report item with invalid report size (50>32)
[34631:901594:0724/204639.737593:INFO:CONSOLE:10] "[object XMLHttpRequest]", source: https://static.licdn.com/sc/h/dj0ev57o38hav3gip4fdd172h (10)
[34631:901594:0724/204639.737632:INFO:CONSOLE:96] "malformed JSON response: <html lang="en" dir=ltr><meta charset=utf-8><meta name=viewport content="initial-scale=1, minimum-scale=1, width=device-width"><title>Error 400 (Bad Request)!!1</title><style nonce="oHQr95KhLCpPe2S7tBi5CA">*{margin:0;padding:0}html,code{font:15px/22px arial,sans-serif}html{background:#fff;color:#222;padding:15px}body{color:#222;text-align:unset;margin:7% auto 0;max-width:390px;min-height:180px;padding:30px 0 15px;}* > body{background:url(//www.google.com/images/errors/robot.png) 100% 5px no-repeat;padding-right:205px}p{margin:11px 0 22px;overflow:hidden}pre{white-space:pre-wrap;}ins{color:#777;text-decoration:none}a img{border:0}@media screen and (max-width:772px){body{background:none;margin-top:0;max-width:none;padding-right:0}}#logo{background:url(//www.google.com/images/branding/googlelogo/1x/googlelogo_color_150x54dp.png) no-repeat;margin-left:-5px}@media only screen and (min-resolution:192dpi){#logo{background:url(//www.google.com/images/branding/googlelogo/2x/googlelogo_color_150x54dp.png) no-repeat 0% 0%/100% 100%;-moz-border-image:url(//www.google.com/images/branding/googlelogo/2x/googlelogo_color_150x54dp.png) 0}}@media only screen and (-webkit-min-device-pixel-ratio:2){#logo{background:url(//www.google.com/images/branding/googlelogo/2x/googlelogo_color_150x54dp.png) no-repeat;-webkit-background-size:100% 100%}}#logo{display:inline-block;height:54px;width:150px}</style><main id="af-error-container" role="main"><a href=//www.google.com><span id=logo aria-label=Google role=img></span></a><p><b>400.</b> <ins>That’s an error.</ins><p>The server cannot process the request because it is malformed. It should not be retried. <ins>That’s all we know.</ins></main>", source: https://static.licdn.com/sc/h/aofke6z5sqc44bjlvj6yr05c8 (96)
[34631:901594:0724/204639.737824:INFO:CONSOLE:96] "Uncaught Error: U", source: https://static.licdn.com/sc/h/aofke6z5sqc44bjlvj6yr05c8 (96)
[34631:901594:0724/204640.583507:INFO:CONSOLE:0] "An iframe which has both allow-scripts and allow-same-origin for its sandbox attribute can escape its sandboxing.", source: https://lnkd.demdex.net/dest5.html?d_nsid=0#https%3A%2F%2Fwww.linkedin.com (0)
[34631:901653:0724/204642.375543:ERROR:google_apis/gcm/engine/registration_request.cc:291] Registration response error message: DEPRECATED_ENDPOINT
[34631:901594:0724/204645.109983:INFO:CONSOLE:100] "<link rel=preload> must have a valid `as` value", source: https://www.linkedin.com/login (100)
[34631:901594:0724/204645.110272:INFO:CONSOLE:101] "<link rel=preload> must have a valid `as` value", source: https://www.linkedin.com/login (101)
[34631:901594:0724/204645.110292:INFO:CONSOLE:102] "<link rel=preload> must have a valid `as` value", source: https://www.linkedin.com/login (102)
[34631:901594:0724/204645.110300:INFO:CONSOLE:103] "<link rel=preload> must have a valid `as` value", source: https://www.linkedin.com/login (103)
[34631:901594:0724/204645.110309:INFO:CONSOLE:106] "<link rel=preload> must have a valid `as` value", source: https://www.linkedin.com/login (106)
[34631:901594:0724/204645.110319:INFO:CONSOLE:107] "<link rel=preload> must have a valid `as` value", source: https://www.linkedin.com/login (107)
[34631:901594:0724/204645.130300:INFO:CONSOLE:14] "Uncaught TypeError: Cannot read properties of undefined (reading 'then')", source: https://static.licdn.com/sc/h/ax9fa8qn7acaw8v5zs7uo0oba (14)
[34658:902296:0724/204645.141423:INFO:third_party/blink/renderer/modules/peerconnection/peer_connection_dependency_factory.cc:802] Running WebRTC with a combined Network and Worker thread.
[34631:901594:0724/204645.143137:WARNING:chrome/browser/media/prefs/capture_device_ranking.h:255] Can't initialize the value of media.audio_input.user_preference_ranking because media.default_audio_capture_device isn't registered or is empty
[34631:901594:0724/204645.143218:WARNING:chrome/browser/media/prefs/capture_device_ranking.h:255] Can't initialize the value of media.video_input.user_preference_ranking because media.default_video_capture_Device isn't registered or is empty
[34631:901594:0724/204645.176749:WARNING:chrome/browser/media/prefs/capture_device_ranking.h:255] Can't initialize the value of media.audio_input.user_preference_ranking because media.default_audio_capture_device isn't registered or is empty
[34631:901594:0724/204645.176799:WARNING:chrome/browser/media/prefs/capture_device_ranking.h:255] Can't initialize the value of media.video_input.user_preference_ranking because media.default_video_capture_Device isn't registered or is empty
[34631:901594:0724/204645.201076:WARNING:chrome/browser/media/prefs/capture_device_ranking.h:255] Can't initialize the value of media.audio_input.user_preference_ranking because media.default_audio_capture_device isn't registered or is empty
[34631:901594:0724/204645.201126:WARNING:chrome/browser/media/prefs/capture_device_ranking.h:255] Can't initialize the value of media.video_input.user_preference_ranking because media.default_video_capture_Device isn't registered or is empty
[34631:901594:0724/204645.226034:WARNING:chrome/browser/media/prefs/capture_device_ranking.h:255] Can't initialize the value of media.audio_input.user_preference_ranking because media.default_audio_capture_device isn't registered or is empty
[34631:901594:0724/204645.226081:WARNING:chrome/browser/media/prefs/capture_device_ranking.h:255] Can't initialize the value of media.video_input.user_preference_ranking because media.default_video_capture_Device isn't registered or is empty
[34631:901594:0724/204645.252907:WARNING:chrome/browser/media/prefs/capture_device_ranking.h:255] Can't initialize the value of media.audio_input.user_preference_ranking because media.default_audio_capture_device isn't registered or is empty
[34631:901594:0724/204645.252942:WARNING:chrome/browser/media/prefs/capture_device_ranking.h:255] Can't initialize the value of media.video_input.user_preference_ranking because media.default_video_capture_Device isn't registered or is empty
[34631:901594:0724/204645.292725:INFO:CONSOLE:169] "[GSI_LOGGER]: Your client application may not display the Google One Tap in its default position. When FedCM becomes mandatory, One Tap only displays in the default position. Refer to the migration guide to update your code accordingly and opt-in to FedCM to test your changes. Learn more: https://developers.google.com/identity/gsi/web/guides/fedcm-migration?s=dc#layout", source: https://static.licdn.com/sc/h/aofke6z5sqc44bjlvj6yr05c8 (169)
[34631:901594:0724/204645.292758:INFO:CONSOLE:169] "[GSI_LOGGER]: Your client application uses one of the Google One Tap prompt UI status methods that may stop functioning when FedCM becomes mandatory. Refer to the migration guide to update your code accordingly and opt-in to FedCM to test your changes. Learn more: https://developers.google.com/identity/gsi/web/guides/fedcm-migration?s=dc#display_moment and https://developers.google.com/identity/gsi/web/guides/fedcm-migration?s=dc#skipped_moment", source: https://static.licdn.com/sc/h/aofke6z5sqc44bjlvj6yr05c8 (169)
[34631:901594:0724/204645.292767:INFO:CONSOLE:169] "[GSI_LOGGER]: Currently, you disable FedCM on Google One Tap. FedCM for One Tap will become mandatory starting Oct 2024, and you won’t be able to disable it. Refer to the migration guide to update your code accordingly to ensure users will not be blocked from logging in. Learn more: https://developers.google.com/identity/gsi/web/guides/fedcm-migration", source: https://static.licdn.com/sc/h/aofke6z5sqc44bjlvj6yr05c8 (169)
[34631:901594:0724/204645.303183:WARNING:chrome/browser/media/prefs/capture_device_ranking.h:255] Can't initialize the value of media.audio_input.user_preference_ranking because media.default_audio_capture_device isn't registered or is empty
[34631:901594:0724/204645.303212:WARNING:chrome/browser/media/prefs/capture_device_ranking.h:255] Can't initialize the value of media.video_input.user_preference_ranking because media.default_video_capture_Device isn't registered or is empty
[34637:901713:0724/204645.328384:WARNING:net/dns/host_resolver_dns_task.cc:938] Address list empty after RFC3484 sort
[34658:902297:0724/204645.328911:WARNING:third_party/webrtc/media/engine/webrtc_voice_engine.cc:807] Attempting to stop aecdump when no audio processing module is present
[34637:901713:0724/204645.329765:ERROR:services/network/p2p/socket_manager.cc:137] Failed to resolve address for stun.l.google.com., errorcode: -105
[34637:901713:0724/204645.329784:ERROR:services/network/p2p/socket_manager.cc:137] Failed to resolve address for stun.l.google.com., errorcode: -105
[34637:901713:0724/204645.329790:ERROR:services/network/p2p/socket_manager.cc:137] Failed to resolve address for stun.l.google.com., errorcode: -105
[34637:901713:0724/204645.329796:ERROR:services/network/p2p/socket_manager.cc:137] Failed to resolve address for stun.l.google.com., errorcode: -105
[34637:901713:0724/204645.329801:ERROR:services/network/p2p/socket_manager.cc:137] Failed to resolve address for stun.l.google.com., errorcode: -105
[34637:901713:0724/204645.329806:ERROR:services/network/p2p/socket_manager.cc:137] Failed to resolve address for stun.l.google.com., errorcode: -105
[34658:902297:0724/204645.333757:WARNING:third_party/webrtc/p2p/base/stun_port.cc:455] Port[4097d00:0:1:0:host:Net[any:0:0:0:x:x:x:x:x/0:Wildcard:id=0]]: StunPort: stun host lookup received error -1
[34658:902297:0724/204645.334119:WARNING:third_party/webrtc/p2p/base/stun_port.cc:455] Port[4097800:0:1:0:host:Net[any:0:0:0:x:x:x:x:x/0:Wildcard:id=0]]: StunPort: stun host lookup received error -1
[34658:902297:0724/204645.334153:WARNING:third_party/webrtc/p2p/base/stun_port.cc:455] Port[4090a00:0:1:0:host:Net[any:0:0:0:x:x:x:x:x/0:Wildcard:id=0]]: StunPort: stun host lookup received error -1
[34658:902297:0724/204645.334163:WARNING:third_party/webrtc/p2p/base/stun_port.cc:455] Port[4092d00:0:1:0:host:Net[any:0:0:0:x:x:x:x:x/0:Wildcard:id=0]]: StunPort: stun host lookup received error -1
[34658:902297:0724/204645.334171:WARNING:third_party/webrtc/p2p/base/stun_port.cc:455] Port[3a6b400:0:1:0:host:Net[any:0:0:0:x:x:x:x:x/0:Wildcard:id=0]]: StunPort: stun host lookup received error -1
[34658:902297:0724/204645.334179:WARNING:third_party/webrtc/p2p/base/stun_port.cc:455] Port[1fc7d00:0:1:0:host:Net[any:0:0:0:x:x:x:x:x/0:Wildcard:id=0]]: StunPort: stun host lookup received error -1
[34631:901594:0724/204645.350397:INFO:CONSOLE:96] "malformed JSON response: <html lang="en" dir=ltr><meta charset=utf-8><meta name=viewport content="initial-scale=1, minimum-scale=1, width=device-width"><title>Error 400 (Bad Request)!!1</title><style nonce="VvW8lZqW0a2AubRquyZngQ">*{margin:0;padding:0}html,code{font:15px/22px arial,sans-serif}html{background:#fff;color:#222;padding:15px}body{color:#222;text-align:unset;margin:7% auto 0;max-width:390px;min-height:180px;padding:30px 0 15px;}* > body{background:url(//www.google.com/images/errors/robot.png) 100% 5px no-repeat;padding-right:205px}p{margin:11px 0 22px;overflow:hidden}pre{white-space:pre-wrap;}ins{color:#777;text-decoration:none}a img{border:0}@media screen and (max-width:772px){body{background:none;margin-top:0;max-width:none;padding-right:0}}#logo{background:url(//www.google.com/images/branding/googlelogo/1x/googlelogo_color_150x54dp.png) no-repeat;margin-left:-5px}@media only screen and (min-resolution:192dpi){#logo{background:url(//www.google.com/images/branding/googlelogo/2x/googlelogo_color_150x54dp.png) no-repeat 0% 0%/100% 100%;-moz-border-image:url(//www.google.com/images/branding/googlelogo/2x/googlelogo_color_150x54dp.png) 0}}@media only screen and (-webkit-min-device-pixel-ratio:2){#logo{background:url(//www.google.com/images/branding/googlelogo/2x/googlelogo_color_150x54dp.png) no-repeat;-webkit-background-size:100% 100%}}#logo{display:inline-block;height:54px;width:150px}</style><main id="af-error-container" role="main"><a href=//www.google.com><span id=logo aria-label=Google role=img></span></a><p><b>400.</b> <ins>That’s an error.</ins><p>The server cannot process the request because it is malformed. It should not be retried. <ins>That’s all we know.</ins></main>", source: https://static.licdn.com/sc/h/aofke6z5sqc44bjlvj6yr05c8 (96)
[34631:901594:0724/204645.350505:INFO:CONSOLE:96] "Uncaught Error: U", source: https://static.licdn.com/sc/h/aofke6z5sqc44bjlvj6yr05c8 (96)
[34631:901594:0724/204645.418033:INFO:CONSOLE:10] "[object XMLHttpRequest]", source: https://static.licdn.com/sc/h/dj0ev57o38hav3gip4fdd172h (10)
[34631:901594:0724/204657.583018:INFO:CONSOLE:0] "An iframe which has both allow-scripts and allow-same-origin for its sandbox attribute can escape its sandboxing.", source: https://li.protechts.net/index.html?ts=1753404417467&r_id=AAY6tkdTRoY0ksD5WWtQyA%3D%3D&app_id=PXdOjV695v&uc=scraping&d_id=3a7ad7c2fb8ef1b328649426a47270cbbfd7753f480147b0167b495c4a2cef3f (0)
[34631:901594:0724/204657.908088:INFO:CONSOLE:2] "Error", source: https://client.protechts.net/PXdOjV695v/main.min.js (2)
[34631:901594:0724/204658.562076:INFO:CONSOLE:0] "An iframe which has both allow-scripts and allow-same-origin for its sandbox attribute can escape its sandboxing.", source: https://www.google.com/recaptcha/enterprise/anchor?ar=1&k=6LcIy_MqAAAAAMKiupFSbmzW3xjGSlIfRzNWYMjC&co=aHR0cHM6Ly93d3cubGlua2VkaW4uY29tOjQ0Mw..&hl=en&v=ngcIAHyEnHQZZIKkyKneDTW3&size=invisible&anchor-ms=20000&execute-ms=15000&cb=r4rsnned6bfx (0)
[34658:902296:0724/204658.792826:INFO:third_party/blink/renderer/modules/peerconnection/peer_connection_dependency_factory.cc:802] Running WebRTC with a combined Network and Worker thread.
[34631:901594:0724/204658.794845:WARNING:chrome/browser/media/prefs/capture_device_ranking.h:255] Can't initialize the value of media.audio_input.user_preference_ranking because media.default_audio_capture_device isn't registered or is empty
[34631:901594:0724/204658.794874:WARNING:chrome/browser/media/prefs/capture_device_ranking.h:255] Can't initialize the value of media.video_input.user_preference_ranking because media.default_video_capture_Device isn't registered or is empty
[34637:901713:0724/204658.830777:WARNING:net/dns/host_resolver_dns_task.cc:938] Address list empty after RFC3484 sort
[34637:901713:0724/204658.832058:ERROR:services/network/p2p/socket_manager.cc:137] Failed to resolve address for stun.l.google.com., errorcode: -105
[34658:902297:0724/204658.838028:WARNING:third_party/webrtc/p2p/base/stun_port.cc:455] Port[3a6af00:0:1:0:host:Net[any:0:0:0:x:x:x:x:x/0:Wildcard:id=0]]: StunPort: stun host lookup received error -1
[34631:901594:0724/204659.019682:INFO:CONSOLE:0] "An iframe which has both allow-scripts and allow-same-origin for its sandbox attribute can escape its sandboxing.", source: https://lnkd.demdex.net/dest5.html?d_nsid=0#https%3A%2F%2Fwww.linkedin.com (0)
[34631:901653:0724/204702.704461:ERROR:google_apis/gcm/engine/registration_request.cc:291] Registration response error message: DEPRECATED_ENDPOINT
[34631:901594:0724/204706.791838:INFO:CONSOLE:4] "🚫 Re-applying MEGA scroll prevention...", source:  (4)
[34631:901594:0724/204706.791962:INFO:CONSOLE:20] "🚫 MEGA scroll prevention re-applied successfully", source:  (20)
[34631:901594:0724/204706.794176:INFO:CONSOLE:6] "🖥️ Chrome window focused via JavaScript", source:  (6)
[34658:902296:0724/204706.802838:INFO:third_party/blink/renderer/modules/peerconnection/peer_connection_dependency_factory.cc:802] Running WebRTC with a combined Network and Worker thread.
[34631:901594:0724/204706.852934:WARNING:chrome/browser/media/prefs/capture_device_ranking.h:255] Can't initialize the value of media.audio_input.user_preference_ranking because media.default_audio_capture_device isn't registered or is empty
[34631:901594:0724/204706.852968:WARNING:chrome/browser/media/prefs/capture_device_ranking.h:255] Can't initialize the value of media.video_input.user_preference_ranking because media.default_video_capture_Device isn't registered or is empty
[34637:901713:0724/204706.868405:WARNING:net/dns/host_resolver_dns_task.cc:938] Address list empty after RFC3484 sort
[34637:901713:0724/204706.869050:ERROR:services/network/p2p/socket_manager.cc:137] Failed to resolve address for stun.l.google.com., errorcode: -105
[34658:902297:0724/204706.869704:WARNING:third_party/webrtc/p2p/base/stun_port.cc:455] Port[1fc7d00:0:1:0:host:Net[any:0:0:0:x:x:x:x:x/0:Wildcard:id=0]]: StunPort: stun host lookup received error -1
[34631:901594:0724/204706.892759:INFO:CONSOLE:0] "An iframe which has both allow-scripts and allow-same-origin for its sandbox attribute can escape its sandboxing.", source: https://www.google.com/recaptcha/enterprise/anchor?ar=1&k=6LcIy_MqAAAAAMKiupFSbmzW3xjGSlIfRzNWYMjC&co=aHR0cHM6Ly93d3cubGlua2VkaW4uY29tOjQ0Mw..&hl=en&v=ngcIAHyEnHQZZIKkyKneDTW3&size=invisible&anchor-ms=20000&execute-ms=15000&cb=5kkpa1c449k (0)
[34631:901594:0724/204706.944972:INFO:CONSOLE:0] "An iframe which has both allow-scripts and allow-same-origin for its sandbox attribute can escape its sandboxing.", source: https://li.protechts.net/index.html?ts=1753404426785&r_id=AAY6tkfrQjaeaBOorPawKg%3D%3D&app_id=PXdOjV695v&uc=scraping&d_id=3a7ad7c2fb8ef1b328649426a47270cbbfd7753f480147b0167b495c4a2cef3f (0)
[34631:901594:0724/204706.950541:INFO:CONSOLE:2] "Error", source: https://client.protechts.net/PXdOjV695v/main.min.js (2)
[34631:901594:0724/204707.656857:INFO:CONSOLE:0] "ResizeObserver loop completed with undelivered notifications.", source: https://www.linkedin.com/jobs/search/?currentJobId=4257486032&distance=100&f_AL=true&f_E=%2C2%2C3%2C4&f_JT=%2CF%2CC&f_WT=2&keywords=Software%20Engineer (0)
[34631:901594:0724/204707.675563:INFO:CONSOLE:0] "ResizeObserver loop completed with undelivered notifications.", source: https://www.linkedin.com/jobs/search/?currentJobId=4257486032&distance=100&f_AL=true&f_E=%2C2%2C3%2C4&f_JT=%2CF%2CC&f_WT=2&keywords=Software%20Engineer (0)
[34631:901594:0724/204707.682489:INFO:CONSOLE:0] "ResizeObserver loop completed with undelivered notifications.", source: https://www.linkedin.com/jobs/search/?currentJobId=4257486032&distance=100&f_AL=true&f_E=%2C2%2C3%2C4&f_JT=%2CF%2CC&f_WT=2&keywords=Software%20Engineer (0)
[34631:901594:0724/204707.841618:INFO:CONSOLE:13] "🚫 BLOCKED: element.scrollIntoView (reapplied)", source:  (13)
[34631:901594:0724/204707.882581:INFO:CONSOLE:7] "🚫 BLOCKED: window.scrollTo (reapplied)", source:  (7)
[34631:901594:0724/204707.882619:INFO:CONSOLE:13] "🚫 BLOCKED: element.scrollIntoView (reapplied)", source:  (13)
[34766:904931:0724/204708.041627:INFO:third_party/blink/renderer/modules/peerconnection/peer_connection_dependency_factory.cc:802] Running WebRTC with a combined Network and Worker thread.
[34658:902297:0724/204714.189990:WARNING:third_party/webrtc/media/engine/webrtc_voice_engine.cc:807] Attempting to stop aecdump when no audio processing module is present
[34658:902297:0724/204714.211217:WARNING:third_party/webrtc/media/engine/webrtc_voice_engine.cc:807] Attempting to stop aecdump when no audio processing module is present
[34631:901594:0724/204728.962123:INFO:CONSOLE:7] "🚫 BLOCKED: window.scrollTo (reapplied)", source:  (7)
[34631:901594:0724/204728.962466:INFO:CONSOLE:13] "🚫 BLOCKED: element.scrollIntoView (reapplied)", source:  (13)
[34631:901653:0724/204749.905923:ERROR:google_apis/gcm/engine/registration_request.cc:291] Registration response error message: DEPRECATED_ENDPOINT
[34631:901594:0724/204859.686653:INFO:CONSOLE:7] "🚫 BLOCKED: window.scrollTo (reapplied)", source:  (7)
[34631:901594:0724/204900.460181:INFO:CONSOLE:7] "🚫 BLOCKED: window.scrollTo (reapplied)", source:  (7)
[34631:901594:0724/204907.599885:INFO:CONSOLE:7] "🚫 BLOCKED: window.scrollTo (reapplied)", source:  (7)
[34631:901653:0724/204923.695065:ERROR:google_apis/gcm/engine/registration_request.cc:291] Registration response error message: DEPRECATED_ENDPOINT
[34631:901594:0724/204932.006206:INFO:CONSOLE:7] "🚫 BLOCKED: window.scrollTo (reapplied)", source:  (7)
[34631:901594:0724/204932.006480:INFO:CONSOLE:13] "🚫 BLOCKED: element.scrollIntoView (reapplied)", source:  (13)
[34631:901594:0724/205033.461874:INFO:CONSOLE:7] "🚫 BLOCKED: window.scrollTo (reapplied)", source:  (7)
[34631:901594:0724/205033.990065:INFO:CONSOLE:7] "🚫 BLOCKED: window.scrollTo (reapplied)", source:  (7)
[34631:901594:0724/205040.392527:INFO:CONSOLE:7] "🚫 BLOCKED: window.scrollTo (reapplied)", source:  (7)
[34631:901594:0724/205100.709948:INFO:CONSOLE:7] "🚫 BLOCKED: window.scrollTo (reapplied)", source:  (7)
[34631:901594:0724/205100.710237:INFO:CONSOLE:13] "🚫 BLOCKED: element.scrollIntoView (reapplied)", source:  (13)
[34631:901594:0724/205211.071243:INFO:CONSOLE:7] "🚫 BLOCKED: window.scrollTo (reapplied)", source:  (7)
[34631:901594:0724/205211.659470:INFO:CONSOLE:7] "🚫 BLOCKED: window.scrollTo (reapplied)", source:  (7)
[34631:901594:0724/205219.603846:INFO:CONSOLE:7] "🚫 BLOCKED: window.scrollTo (reapplied)", source:  (7)
[34631:901594:0724/205245.043555:INFO:CONSOLE:7] "🚫 BLOCKED: window.scrollTo (reapplied)", source:  (7)
[34631:901594:0724/205245.043908:INFO:CONSOLE:13] "🚫 BLOCKED: element.scrollIntoView (reapplied)", source:  (13)
[34631:901653:0724/205301.596044:ERROR:google_apis/gcm/engine/registration_request.cc:291] Registration response error message: DEPRECATED_ENDPOINT
[34631:901594:0724/205356.388616:INFO:CONSOLE:7] "🚫 BLOCKED: window.scrollTo (reapplied)", source:  (7)
[34631:901594:0724/205356.937919:INFO:CONSOLE:7] "🚫 BLOCKED: window.scrollTo (reapplied)", source:  (7)
[34631:901594:0724/205404.710310:INFO:CONSOLE:7] "🚫 BLOCKED: window.scrollTo (reapplied)", source:  (7)
[34658:902296:0724/205615.777640:INFO:third_party/blink/renderer/modules/peerconnection/peer_connection_dependency_factory.cc:802] Running WebRTC with a combined Network and Worker thread.
[34631:901594:0724/205615.779950:WARNING:chrome/browser/media/prefs/capture_device_ranking.h:255] Can't initialize the value of media.audio_input.user_preference_ranking because media.default_audio_capture_device isn't registered or is empty
[34631:901594:0724/205615.779983:WARNING:chrome/browser/media/prefs/capture_device_ranking.h:255] Can't initialize the value of media.video_input.user_preference_ranking because media.default_video_capture_Device isn't registered or is empty
[34631:901594:0724/205615.809532:INFO:CONSOLE:4] "🚫 Re-applying MEGA scroll prevention...", source:  (4)
[34631:901594:0724/205615.809616:INFO:CONSOLE:20] "🚫 MEGA scroll prevention re-applied successfully", source:  (20)
[34631:901594:0724/205615.821735:INFO:CONSOLE:6] "🖥️ Chrome window focused via JavaScript", source:  (6)
[34637:901713:0724/205615.831477:WARNING:net/dns/host_resolver_dns_task.cc:938] Address list empty after RFC3484 sort
[34637:901713:0724/205615.832575:ERROR:services/network/p2p/socket_manager.cc:137] Failed to resolve address for stun.l.google.com., errorcode: -105
[34658:902297:0724/205615.832619:WARNING:third_party/webrtc/p2p/base/stun_port.cc:455] Port[3a6af00:0:1:0:host:Net[any:0:0:0:x:x:x:x:x/0:Wildcard:id=0]]: StunPort: stun host lookup received error -1
[34631:901594:0724/205615.922542:INFO:CONSOLE:0] "An iframe which has both allow-scripts and allow-same-origin for its sandbox attribute can escape its sandboxing.", source: https://li.protechts.net/index.html?ts=1753404975772&r_id=AAY6tmikxlYkvMTlgo6H2g%3D%3D&app_id=PXdOjV695v&uc=scraping&d_id=3a7ad7c2fb8ef1b328649426a47270cbbfd7753f480147b0167b495c4a2cef3f (0)
[34631:901594:0724/205616.008531:INFO:CONSOLE:2] "Error", source: https://client.protechts.net/PXdOjV695v/main.min.js (2)
[34631:901594:0724/205616.014201:INFO:CONSOLE:0] "An iframe which has both allow-scripts and allow-same-origin for its sandbox attribute can escape its sandboxing.", source: https://www.google.com/recaptcha/enterprise/anchor?ar=1&k=6LcIy_MqAAAAAMKiupFSbmzW3xjGSlIfRzNWYMjC&co=aHR0cHM6Ly93d3cubGlua2VkaW4uY29tOjQ0Mw..&hl=en&v=ngcIAHyEnHQZZIKkyKneDTW3&size=invisible&anchor-ms=20000&execute-ms=15000&cb=xtw606y2k2pz (0)
[34631:901594:0724/205616.444068:INFO:CONSOLE:0] "ResizeObserver loop completed with undelivered notifications.", source: https://www.linkedin.com/jobs/search/?currentJobId=4246268970&distance=100&f_AL=true&f_E=%2C2%2C3%2C4&f_JT=%2CF%2CC&f_WT=2&keywords=Software%20Engineer (0)
[34631:901594:0724/205616.453373:INFO:CONSOLE:0] "ResizeObserver loop completed with undelivered notifications.", source: https://www.linkedin.com/jobs/search/?currentJobId=4246268970&distance=100&f_AL=true&f_E=%2C2%2C3%2C4&f_JT=%2CF%2CC&f_WT=2&keywords=Software%20Engineer (0)
[34631:901594:0724/205616.459110:INFO:CONSOLE:0] "ResizeObserver loop completed with undelivered notifications.", source: https://www.linkedin.com/jobs/search/?currentJobId=4246268970&distance=100&f_AL=true&f_E=%2C2%2C3%2C4&f_JT=%2CF%2CC&f_WT=2&keywords=Software%20Engineer (0)
[34631:901594:0724/205616.693413:INFO:CONSOLE:13] "🚫 BLOCKED: element.scrollIntoView (reapplied)", source:  (13)
[34631:901594:0724/205616.728351:INFO:CONSOLE:7] "🚫 BLOCKED: window.scrollTo (reapplied)", source:  (7)
[34631:901594:0724/205616.728396:INFO:CONSOLE:13] "🚫 BLOCKED: element.scrollIntoView (reapplied)", source:  (13)
[34658:902297:0724/205617.981835:WARNING:third_party/webrtc/media/engine/webrtc_voice_engine.cc:807] Attempting to stop aecdump when no audio processing module is present
[34631:901594:0724/205637.433632:INFO:CONSOLE:7] "🚫 BLOCKED: window.scrollTo (reapplied)", source:  (7)
[34631:901594:0724/205637.433903:INFO:CONSOLE:13] "🚫 BLOCKED: element.scrollIntoView (reapplied)", source:  (13)
[34631:901594:0724/205649.376704:INFO:CONSOLE:7] "🚫 BLOCKED: window.scrollTo (reapplied)", source:  (7)
[34631:901594:0724/205649.921378:INFO:CONSOLE:7] "🚫 BLOCKED: window.scrollTo (reapplied)", source:  (7)
[34631:901594:0724/205658.108854:INFO:CONSOLE:7] "🚫 BLOCKED: window.scrollTo (reapplied)", source:  (7)
[34631:901594:0724/205717.413125:INFO:CONSOLE:7] "🚫 BLOCKED: window.scrollTo (reapplied)", source:  (7)
[34631:901594:0724/205717.413411:INFO:CONSOLE:13] "🚫 BLOCKED: element.scrollIntoView (reapplied)", source:  (13)
[34631:901594:0724/205813.898487:INFO:CONSOLE:7] "🚫 BLOCKED: window.scrollTo (reapplied)", source:  (7)
[34631:901594:0724/205814.501794:INFO:CONSOLE:7] "🚫 BLOCKED: window.scrollTo (reapplied)", source:  (7)
[34631:901594:0724/205822.638554:INFO:CONSOLE:7] "🚫 BLOCKED: window.scrollTo (reapplied)", source:  (7)
[34631:901594:0724/205842.440503:INFO:CONSOLE:7] "🚫 BLOCKED: window.scrollTo (reapplied)", source:  (7)
[34631:901594:0724/205842.440775:INFO:CONSOLE:13] "🚫 BLOCKED: element.scrollIntoView (reapplied)", source:  (13)
[34631:901594:0724/205854.250946:INFO:CONSOLE:7] "🚫 BLOCKED: window.scrollTo (reapplied)", source:  (7)
[34631:901594:0724/205854.787280:INFO:CONSOLE:7] "🚫 BLOCKED: window.scrollTo (reapplied)", source:  (7)
[34631:901594:0724/205903.101513:INFO:CONSOLE:7] "🚫 BLOCKED: window.scrollTo (reapplied)", source:  (7)
[34631:901594:0724/205923.366176:INFO:CONSOLE:7] "🚫 BLOCKED: window.scrollTo (reapplied)", source:  (7)
[34631:901594:0724/205923.366438:INFO:CONSOLE:13] "🚫 BLOCKED: element.scrollIntoView (reapplied)", source:  (13)
[34631:901653:0724/205934.521191:ERROR:google_apis/gcm/engine/registration_request.cc:291] Registration response error message: DEPRECATED_ENDPOINT
[34658:902296:0724/210218.357327:INFO:third_party/blink/renderer/modules/peerconnection/peer_connection_dependency_factory.cc:802] Running WebRTC with a combined Network and Worker thread.
[34631:901594:0724/210218.359005:WARNING:chrome/browser/media/prefs/capture_device_ranking.h:255] Can't initialize the value of media.audio_input.user_preference_ranking because media.default_audio_capture_device isn't registered or is empty
[34631:901594:0724/210218.359023:WARNING:chrome/browser/media/prefs/capture_device_ranking.h:255] Can't initialize the value of media.video_input.user_preference_ranking because media.default_video_capture_Device isn't registered or is empty
[34631:901594:0724/210218.360200:INFO:CONSOLE:4] "🚫 Re-applying MEGA scroll prevention...", source:  (4)
[34631:901594:0724/210218.360239:INFO:CONSOLE:20] "🚫 MEGA scroll prevention re-applied successfully", source:  (20)
[34631:901594:0724/210218.392380:INFO:CONSOLE:6] "🖥️ Chrome window focused via JavaScript", source:  (6)
[34637:901713:0724/210218.393187:WARNING:net/dns/host_resolver_dns_task.cc:938] Address list empty after RFC3484 sort
[34637:901713:0724/210218.394720:ERROR:services/network/p2p/socket_manager.cc:137] Failed to resolve address for stun.l.google.com., errorcode: -105
[34658:902297:0724/210218.394912:WARNING:third_party/webrtc/p2p/base/stun_port.cc:455] Port[6072d00:0:1:0:host:Net[any:0:0:0:x:x:x:x:x/0:Wildcard:id=0]]: StunPort: stun host lookup received error -1
[34631:901594:0724/210218.470587:INFO:CONSOLE:0] "An iframe which has both allow-scripts and allow-same-origin for its sandbox attribute can escape its sandboxing.", source: https://li.protechts.net/index.html?ts=1753405338351&r_id=AAY6tn5CCs1qv%2B48EOpT0A%3D%3D&app_id=PXdOjV695v&uc=scraping&d_id=3a7ad7c2fb8ef1b328649426a47270cbbfd7753f480147b0167b495c4a2cef3f (0)
[34631:901594:0724/210218.574855:INFO:CONSOLE:0] "An iframe which has both allow-scripts and allow-same-origin for its sandbox attribute can escape its sandboxing.", source: https://www.google.com/recaptcha/enterprise/anchor?ar=1&k=6LcIy_MqAAAAAMKiupFSbmzW3xjGSlIfRzNWYMjC&co=aHR0cHM6Ly93d3cubGlua2VkaW4uY29tOjQ0Mw..&hl=en&v=ngcIAHyEnHQZZIKkyKneDTW3&size=invisible&anchor-ms=20000&execute-ms=15000&cb=qrvr6bwu005b (0)
[34631:901594:0724/210218.619880:INFO:CONSOLE:2] "Error", source: https://client.protechts.net/PXdOjV695v/main.min.js (2)
[34631:901594:0724/210218.942214:INFO:CONSOLE:0] "ResizeObserver loop completed with undelivered notifications.", source: https://www.linkedin.com/jobs/search/?currentJobId=4275459524&distance=100&f_AL=true&f_E=%2C2%2C3%2C4&f_JT=%2CF%2CC&f_WT=2&keywords=Developer (0)
[34631:901594:0724/210218.951826:INFO:CONSOLE:0] "ResizeObserver loop completed with undelivered notifications.", source: https://www.linkedin.com/jobs/search/?currentJobId=4275459524&distance=100&f_AL=true&f_E=%2C2%2C3%2C4&f_JT=%2CF%2CC&f_WT=2&keywords=Developer (0)
[34631:901594:0724/210218.966871:INFO:CONSOLE:0] "ResizeObserver loop completed with undelivered notifications.", source: https://www.linkedin.com/jobs/search/?currentJobId=4275459524&distance=100&f_AL=true&f_E=%2C2%2C3%2C4&f_JT=%2CF%2CC&f_WT=2&keywords=Developer (0)
[34631:901594:0724/210219.272084:INFO:CONSOLE:13] "🚫 BLOCKED: element.scrollIntoView (reapplied)", source:  (13)
[34631:901594:0724/210219.326045:INFO:CONSOLE:7] "🚫 BLOCKED: window.scrollTo (reapplied)", source:  (7)
[34631:901594:0724/210219.326077:INFO:CONSOLE:13] "🚫 BLOCKED: element.scrollIntoView (reapplied)", source:  (13)
[34658:902297:0724/210220.468331:WARNING:third_party/webrtc/media/engine/webrtc_voice_engine.cc:807] Attempting to stop aecdump when no audio processing module is present
[34631:901594:0724/210243.494290:INFO:CONSOLE:7] "🚫 BLOCKED: window.scrollTo (reapplied)", source:  (7)
[34631:901594:0724/210243.494582:INFO:CONSOLE:13] "🚫 BLOCKED: element.scrollIntoView (reapplied)", source:  (13)
[34631:901594:0724/210346.556802:INFO:CONSOLE:7] "🚫 BLOCKED: window.scrollTo (reapplied)", source:  (7)
[34631:901594:0724/210347.149819:INFO:CONSOLE:7] "🚫 BLOCKED: window.scrollTo (reapplied)", source:  (7)
[34631:901594:0724/210354.538820:INFO:CONSOLE:7] "🚫 BLOCKED: window.scrollTo (reapplied)", source:  (7)
[34631:901594:0724/210416.462233:INFO:CONSOLE:7] "🚫 BLOCKED: window.scrollTo (reapplied)", source:  (7)
[34631:901594:0724/210416.462492:INFO:CONSOLE:13] "🚫 BLOCKED: element.scrollIntoView (reapplied)", source:  (13)
[34631:901594:0724/210457.192734:WARNING:services/device/public/cpp/hid/hid_collection.cc:240] encountered report item with invalid report size (64>32)
[34631:901594:0724/210457.192835:WARNING:services/device/public/cpp/hid/hid_collection.cc:240] encountered report item with invalid report size (64>32)
[34631:901594:0724/210459.946518:WARNING:services/device/public/cpp/hid/hid_collection.cc:240] encountered report item with invalid report size (64>32)
[34631:901594:0724/210459.946641:WARNING:services/device/public/cpp/hid/hid_collection.cc:240] encountered report item with invalid report size (64>32)
[34631:901594:0724/210631.760579:INFO:CONSOLE:4] "🚫 Re-applying MEGA scroll prevention...", source:  (4)
[34631:901594:0724/210631.760729:INFO:CONSOLE:20] "🚫 MEGA scroll prevention re-applied successfully", source:  (20)
[34631:901594:0724/210631.777418:INFO:CONSOLE:6] "🖥️ Chrome window focused via JavaScript", source:  (6)
[34658:902296:0724/210631.781899:INFO:third_party/blink/renderer/modules/peerconnection/peer_connection_dependency_factory.cc:802] Running WebRTC with a combined Network and Worker thread.
[34631:901594:0724/210631.785837:WARNING:chrome/browser/media/prefs/capture_device_ranking.h:255] Can't initialize the value of media.audio_input.user_preference_ranking because media.default_audio_capture_device isn't registered or is empty
[34631:901594:0724/210631.785864:WARNING:chrome/browser/media/prefs/capture_device_ranking.h:255] Can't initialize the value of media.video_input.user_preference_ranking because media.default_video_capture_Device isn't registered or is empty
[34637:901713:0724/210631.821879:WARNING:net/dns/host_resolver_dns_task.cc:938] Address list empty after RFC3484 sort
[34637:901713:0724/210631.822932:ERROR:services/network/p2p/socket_manager.cc:137] Failed to resolve address for stun.l.google.com., errorcode: -105
[34658:902297:0724/210631.827036:WARNING:third_party/webrtc/p2p/base/stun_port.cc:455] Port[6073700:0:1:0:host:Net[any:0:0:0:x:x:x:x:x/0:Wildcard:id=0]]: StunPort: stun host lookup received error -1
[34631:901594:0724/210631.870328:INFO:CONSOLE:0] "An iframe which has both allow-scripts and allow-same-origin for its sandbox attribute can escape its sandboxing.", source: https://li.protechts.net/index.html?ts=1753405591724&r_id=AAY6to1ZRV%2B70JBdomIoSA%3D%3D&app_id=PXdOjV695v&uc=scraping&d_id=3a7ad7c2fb8ef1b328649426a47270cbbfd7753f480147b0167b495c4a2cef3f (0)
[34631:901594:0724/210631.875775:INFO:CONSOLE:2] "Error", source: https://client.protechts.net/PXdOjV695v/main.min.js (2)
[34631:901594:0724/210631.890220:INFO:CONSOLE:0] "An iframe which has both allow-scripts and allow-same-origin for its sandbox attribute can escape its sandboxing.", source: https://www.google.com/recaptcha/enterprise/anchor?ar=1&k=6LcIy_MqAAAAAMKiupFSbmzW3xjGSlIfRzNWYMjC&co=aHR0cHM6Ly93d3cubGlua2VkaW4uY29tOjQ0Mw..&hl=en&v=ngcIAHyEnHQZZIKkyKneDTW3&size=invisible&anchor-ms=20000&execute-ms=15000&cb=2mb87x7vka97 (0)
[34631:901594:0724/210632.376596:INFO:CONSOLE:0] "ResizeObserver loop completed with undelivered notifications.", source: https://www.linkedin.com/jobs/search/?currentJobId=4270287556&distance=100&f_AL=true&f_E=%2C2%2C3%2C4&f_JT=%2CF%2CC&f_WT=2&keywords=Software%20Engineer&location=New%20York (0)
[34631:901594:0724/210632.392790:INFO:CONSOLE:0] "ResizeObserver loop completed with undelivered notifications.", source: https://www.linkedin.com/jobs/search/?currentJobId=4270287556&distance=100&f_AL=true&f_E=%2C2%2C3%2C4&f_JT=%2CF%2CC&f_WT=2&keywords=Software%20Engineer&location=New%20York (0)
[34631:901594:0724/210632.395552:INFO:CONSOLE:0] "ResizeObserver loop completed with undelivered notifications.", source: https://www.linkedin.com/jobs/search/?currentJobId=4270287556&distance=100&f_AL=true&f_E=%2C2%2C3%2C4&f_JT=%2CF%2CC&f_WT=2&keywords=Software%20Engineer&location=New%20York (0)
[34631:901594:0724/210632.654631:INFO:CONSOLE:7] "🚫 BLOCKED: window.scrollTo (reapplied)", source:  (7)
[34631:901594:0724/210632.654671:INFO:CONSOLE:13] "🚫 BLOCKED: element.scrollIntoView (reapplied)", source:  (13)
[34631:901594:0724/210632.654695:INFO:CONSOLE:13] "🚫 BLOCKED: element.scrollIntoView (reapplied)", source:  (13)
[34658:902297:0724/210633.074749:WARNING:third_party/webrtc/media/engine/webrtc_voice_engine.cc:807] Attempting to stop aecdump when no audio processing module is present
[34631:901594:0724/210651.743801:INFO:CONSOLE:7] "🚫 BLOCKED: window.scrollTo (reapplied)", source:  (7)
[34631:901594:0724/210651.744268:INFO:CONSOLE:13] "🚫 BLOCKED: element.scrollIntoView (reapplied)", source:  (13)
[34631:901594:0724/210714.566581:INFO:CONSOLE:7] "🚫 BLOCKED: window.scrollTo (reapplied)", source:  (7)
[34631:901594:0724/210714.566864:INFO:CONSOLE:13] "🚫 BLOCKED: element.scrollIntoView (reapplied)", source:  (13)
[34631:901594:0724/210817.785863:INFO:CONSOLE:7] "🚫 BLOCKED: window.scrollTo (reapplied)", source:  (7)
[34631:901594:0724/210818.402072:INFO:CONSOLE:7] "🚫 BLOCKED: window.scrollTo (reapplied)", source:  (7)
[34631:901594:0724/210827.352102:INFO:CONSOLE:7] "🚫 BLOCKED: window.scrollTo (reapplied)", source:  (7)
[34631:901594:0724/210844.351646:INFO:CONSOLE:7] "🚫 BLOCKED: window.scrollTo (reapplied)", source:  (7)
[34631:901594:0724/210844.351945:INFO:CONSOLE:13] "🚫 BLOCKED: element.scrollIntoView (reapplied)", source:  (13)
[34631:901594:0724/210906.835528:INFO:CONSOLE:7] "🚫 BLOCKED: window.scrollTo (reapplied)", source:  (7)
[34631:901594:0724/210906.835857:INFO:CONSOLE:13] "🚫 BLOCKED: element.scrollIntoView (reapplied)", source:  (13)
[34631:901594:0724/210958.775815:INFO:CONSOLE:0] "Uncaught (in promise) Error: [informational-log] Error submitting application in easy-apply-content: Request cannot be completed because you’ve already applied to this job.. Request cannot be completed because you’ve already applied to this job.", source: https://www.linkedin.com/jobs/search/?currentJobId=4268921294&distance=100&f_AL=true&f_E=%2C2%2C3%2C4&f_JT=%2CF%2CC&f_WT=2&keywords=Software%20Engineer&location=New%20York (0)
[34631:901594:0724/211010.373266:INFO:CONSOLE:7] "🚫 BLOCKED: window.scrollTo (reapplied)", source:  (7)
[34631:901594:0724/211025.551126:INFO:CONSOLE:7] "🚫 BLOCKED: window.scrollTo (reapplied)", source:  (7)
[34631:901594:0724/211025.551408:INFO:CONSOLE:13] "🚫 BLOCKED: element.scrollIntoView (reapplied)", source:  (13)
[34631:901649:0725/080840.770071:WARNING:net/dns/dns_config_service_posix.cc:201] Failed to read DnsConfig.
[34637:901711:0725/080840.770764:WARNING:net/dns/dns_config_service_posix.cc:201] Failed to read DnsConfig.
[34637:901711:0725/090901.093566:WARNING:net/dns/dns_config_service_posix.cc:201] Failed to read DnsConfig.
[34631:901649:0725/090901.093861:WARNING:net/dns/dns_config_service_posix.cc:201] Failed to read DnsConfig.
[34631:901623:0725/101343.686216:INFO:third_party/crashpad/crashpad/client/crashpad_client_mac.cc:313] restarting handler
